[2022-04-03 09:19:53,029] {taskinstance.py:1037} INFO - Dependencies all met for <TaskInstance: tutorial.sleep scheduled__2022-04-03T09:18:50.596585+00:00 [queued]>
[2022-04-03 09:19:53,042] {taskinstance.py:1037} INFO - Dependencies all met for <TaskInstance: tutorial.sleep scheduled__2022-04-03T09:18:50.596585+00:00 [queued]>
[2022-04-03 09:19:53,042] {taskinstance.py:1243} INFO - 
--------------------------------------------------------------------------------
[2022-04-03 09:19:53,042] {taskinstance.py:1244} INFO - Starting attempt 1 of 4
[2022-04-03 09:19:53,042] {taskinstance.py:1245} INFO - 
--------------------------------------------------------------------------------
[2022-04-03 09:19:53,055] {taskinstance.py:1264} INFO - Executing <Task(BashOperator): sleep> on 2022-04-03 09:18:50.596585+00:00
[2022-04-03 09:19:53,060] {standard_task_runner.py:52} INFO - Started process 9801 to run task
[2022-04-03 09:19:53,064] {standard_task_runner.py:76} INFO - Running: ['***', 'tasks', 'run', 'tutorial', 'sleep', 'scheduled__2022-04-03T09:18:50.596585+00:00', '--job-id', '587', '--raw', '--subdir', 'DAGS_FOLDER/filebeat_dag.py', '--cfg-path', '/tmp/tmpxv6dlzg_', '--error-file', '/tmp/tmp_yqa2xwf']
[2022-04-03 09:19:53,064] {standard_task_runner.py:77} INFO - Job 587: Subtask sleep
[2022-04-03 09:19:53,127] {logging_mixin.py:109} INFO - Running <TaskInstance: tutorial.sleep scheduled__2022-04-03T09:18:50.596585+00:00 [running]> on host 7_***_***-worker_1.netgroup
[2022-04-03 09:19:53,191] {taskinstance.py:1431} INFO - Exporting the following env vars:
AIRFLOW_CTX_DAG_EMAIL=***@example.com
AIRFLOW_CTX_DAG_OWNER=***
AIRFLOW_CTX_DAG_ID=tutorial
AIRFLOW_CTX_TASK_ID=sleep
AIRFLOW_CTX_EXECUTION_DATE=2022-04-03T09:18:50.596585+00:00
AIRFLOW_CTX_DAG_RUN_ID=scheduled__2022-04-03T09:18:50.596585+00:00
[2022-04-03 09:19:53,191] {subprocess.py:62} INFO - Tmp dir root location: 
 /tmp
[2022-04-03 09:19:53,193] {subprocess.py:74} INFO - Running command: ['bash', '-c', 'sleep 5']
[2022-04-03 09:19:53,203] {subprocess.py:85} INFO - Output:
[2022-04-03 09:19:58,210] {subprocess.py:93} INFO - Command exited with return code 0
[2022-04-03 09:19:58,249] {taskinstance.py:1282} INFO - Marking task as SUCCESS. dag_id=tutorial, task_id=sleep, execution_date=20220403T091850, start_date=20220403T091953, end_date=20220403T091958
[2022-04-03 09:19:58,272] {local_task_job.py:154} INFO - Task exited with return code 0
[2022-04-03 09:19:58,306] {local_task_job.py:264} INFO - 0 downstream tasks scheduled from follow-on schedule check
