[2022-04-03 08:10:50,653] {taskinstance.py:1037} INFO - Dependencies all met for <TaskInstance: tutorial.templated scheduled__2022-04-03T08:09:48.584493+00:00 [queued]>
[2022-04-03 08:10:50,684] {taskinstance.py:1037} INFO - Dependencies all met for <TaskInstance: tutorial.templated scheduled__2022-04-03T08:09:48.584493+00:00 [queued]>
[2022-04-03 08:10:50,685] {taskinstance.py:1243} INFO - 
--------------------------------------------------------------------------------
[2022-04-03 08:10:50,685] {taskinstance.py:1244} INFO - Starting attempt 1 of 2
[2022-04-03 08:10:50,686] {taskinstance.py:1245} INFO - 
--------------------------------------------------------------------------------
[2022-04-03 08:10:50,716] {taskinstance.py:1264} INFO - Executing <Task(BashOperator): templated> on 2022-04-03 08:09:48.584493+00:00
[2022-04-03 08:10:50,725] {standard_task_runner.py:52} INFO - Started process 6380 to run task
[2022-04-03 08:10:50,733] {standard_task_runner.py:76} INFO - Running: ['***', 'tasks', 'run', 'tutorial', 'templated', 'scheduled__2022-04-03T08:09:48.584493+00:00', '--job-id', '379', '--raw', '--subdir', 'DAGS_FOLDER/filebeat_dag.py', '--cfg-path', '/tmp/tmp8j5awqiu', '--error-file', '/tmp/tmpcx0w0r3b']
[2022-04-03 08:10:50,734] {standard_task_runner.py:77} INFO - Job 379: Subtask templated
[2022-04-03 08:10:50,918] {logging_mixin.py:109} INFO - Running <TaskInstance: tutorial.templated scheduled__2022-04-03T08:09:48.584493+00:00 [running]> on host 7_***_***-worker_1.netgroup
[2022-04-03 08:10:51,061] {taskinstance.py:1431} INFO - Exporting the following env vars:
AIRFLOW_CTX_DAG_EMAIL=***@example.com
AIRFLOW_CTX_DAG_OWNER=***
AIRFLOW_CTX_DAG_ID=tutorial
AIRFLOW_CTX_TASK_ID=templated
AIRFLOW_CTX_EXECUTION_DATE=2022-04-03T08:09:48.584493+00:00
AIRFLOW_CTX_DAG_RUN_ID=scheduled__2022-04-03T08:09:48.584493+00:00
[2022-04-03 08:10:51,062] {subprocess.py:62} INFO - Tmp dir root location: 
 /tmp
[2022-04-03 08:10:51,063] {subprocess.py:74} INFO - Running command: ['bash', '-c', '\n\n    echo "2022-04-03"\n    echo "2022-04-10"\n\n    echo "2022-04-03"\n    echo "2022-04-10"\n\n    echo "2022-04-03"\n    echo "2022-04-10"\n\n    echo "2022-04-03"\n    echo "2022-04-10"\n\n    echo "2022-04-03"\n    echo "2022-04-10"\n']
[2022-04-03 08:10:51,078] {subprocess.py:85} INFO - Output:
[2022-04-03 08:10:51,082] {subprocess.py:89} INFO - 2022-04-03
[2022-04-03 08:10:51,082] {subprocess.py:89} INFO - 2022-04-10
[2022-04-03 08:10:51,082] {subprocess.py:89} INFO - 2022-04-03
[2022-04-03 08:10:51,082] {subprocess.py:89} INFO - 2022-04-10
[2022-04-03 08:10:51,082] {subprocess.py:89} INFO - 2022-04-03
[2022-04-03 08:10:51,082] {subprocess.py:89} INFO - 2022-04-10
[2022-04-03 08:10:51,082] {subprocess.py:89} INFO - 2022-04-03
[2022-04-03 08:10:51,082] {subprocess.py:89} INFO - 2022-04-10
[2022-04-03 08:10:51,082] {subprocess.py:89} INFO - 2022-04-03
[2022-04-03 08:10:51,083] {subprocess.py:89} INFO - 2022-04-10
[2022-04-03 08:10:51,083] {subprocess.py:93} INFO - Command exited with return code 0
[2022-04-03 08:10:51,119] {taskinstance.py:1282} INFO - Marking task as SUCCESS. dag_id=tutorial, task_id=templated, execution_date=20220403T080948, start_date=20220403T081050, end_date=20220403T081051
[2022-04-03 08:10:51,154] {local_task_job.py:154} INFO - Task exited with return code 0
[2022-04-03 08:10:51,198] {local_task_job.py:264} INFO - 0 downstream tasks scheduled from follow-on schedule check
