[2022-04-03 09:19:52,991] {taskinstance.py:1037} INFO - Dependencies all met for <TaskInstance: tutorial.templated scheduled__2022-04-03T09:18:50.596585+00:00 [queued]>
[2022-04-03 09:19:53,003] {taskinstance.py:1037} INFO - Dependencies all met for <TaskInstance: tutorial.templated scheduled__2022-04-03T09:18:50.596585+00:00 [queued]>
[2022-04-03 09:19:53,003] {taskinstance.py:1243} INFO - 
--------------------------------------------------------------------------------
[2022-04-03 09:19:53,003] {taskinstance.py:1244} INFO - Starting attempt 1 of 2
[2022-04-03 09:19:53,003] {taskinstance.py:1245} INFO - 
--------------------------------------------------------------------------------
[2022-04-03 09:19:53,018] {taskinstance.py:1264} INFO - Executing <Task(BashOperator): templated> on 2022-04-03 09:18:50.596585+00:00
[2022-04-03 09:19:53,023] {standard_task_runner.py:52} INFO - Started process 9800 to run task
[2022-04-03 09:19:53,028] {standard_task_runner.py:76} INFO - Running: ['***', 'tasks', 'run', 'tutorial', 'templated', 'scheduled__2022-04-03T09:18:50.596585+00:00', '--job-id', '586', '--raw', '--subdir', 'DAGS_FOLDER/filebeat_dag.py', '--cfg-path', '/tmp/tmphovi7ydn', '--error-file', '/tmp/tmpf9kiz6eb']
[2022-04-03 09:19:53,028] {standard_task_runner.py:77} INFO - Job 586: Subtask templated
[2022-04-03 09:19:53,096] {logging_mixin.py:109} INFO - Running <TaskInstance: tutorial.templated scheduled__2022-04-03T09:18:50.596585+00:00 [running]> on host 7_***_***-worker_1.netgroup
[2022-04-03 09:19:53,167] {taskinstance.py:1431} INFO - Exporting the following env vars:
AIRFLOW_CTX_DAG_EMAIL=***@example.com
AIRFLOW_CTX_DAG_OWNER=***
AIRFLOW_CTX_DAG_ID=tutorial
AIRFLOW_CTX_TASK_ID=templated
AIRFLOW_CTX_EXECUTION_DATE=2022-04-03T09:18:50.596585+00:00
AIRFLOW_CTX_DAG_RUN_ID=scheduled__2022-04-03T09:18:50.596585+00:00
[2022-04-03 09:19:53,168] {subprocess.py:62} INFO - Tmp dir root location: 
 /tmp
[2022-04-03 09:19:53,169] {subprocess.py:74} INFO - Running command: ['bash', '-c', '\n\n    echo "2022-04-03"\n    echo "2022-04-10"\n\n    echo "2022-04-03"\n    echo "2022-04-10"\n\n    echo "2022-04-03"\n    echo "2022-04-10"\n\n    echo "2022-04-03"\n    echo "2022-04-10"\n\n    echo "2022-04-03"\n    echo "2022-04-10"\n']
[2022-04-03 09:19:53,179] {subprocess.py:85} INFO - Output:
[2022-04-03 09:19:53,182] {subprocess.py:89} INFO - 2022-04-03
[2022-04-03 09:19:53,183] {subprocess.py:89} INFO - 2022-04-10
[2022-04-03 09:19:53,183] {subprocess.py:89} INFO - 2022-04-03
[2022-04-03 09:19:53,183] {subprocess.py:89} INFO - 2022-04-10
[2022-04-03 09:19:53,183] {subprocess.py:89} INFO - 2022-04-03
[2022-04-03 09:19:53,183] {subprocess.py:89} INFO - 2022-04-10
[2022-04-03 09:19:53,183] {subprocess.py:89} INFO - 2022-04-03
[2022-04-03 09:19:53,183] {subprocess.py:89} INFO - 2022-04-10
[2022-04-03 09:19:53,183] {subprocess.py:89} INFO - 2022-04-03
[2022-04-03 09:19:53,183] {subprocess.py:89} INFO - 2022-04-10
[2022-04-03 09:19:53,183] {subprocess.py:93} INFO - Command exited with return code 0
[2022-04-03 09:19:53,212] {taskinstance.py:1282} INFO - Marking task as SUCCESS. dag_id=tutorial, task_id=templated, execution_date=20220403T091850, start_date=20220403T091952, end_date=20220403T091953
[2022-04-03 09:19:53,239] {local_task_job.py:154} INFO - Task exited with return code 0
[2022-04-03 09:19:53,276] {local_task_job.py:264} INFO - 0 downstream tasks scheduled from follow-on schedule check
