[2022-04-03 08:13:50,659] {taskinstance.py:1037} INFO - Dependencies all met for <TaskInstance: tutorial.sleep scheduled__2022-04-03T08:12:48.584493+00:00 [queued]>
[2022-04-03 08:13:50,689] {taskinstance.py:1037} INFO - Dependencies all met for <TaskInstance: tutorial.sleep scheduled__2022-04-03T08:12:48.584493+00:00 [queued]>
[2022-04-03 08:13:50,692] {taskinstance.py:1243} INFO - 
--------------------------------------------------------------------------------
[2022-04-03 08:13:50,693] {taskinstance.py:1244} INFO - Starting attempt 1 of 4
[2022-04-03 08:13:50,693] {taskinstance.py:1245} INFO - 
--------------------------------------------------------------------------------
[2022-04-03 08:13:50,712] {taskinstance.py:1264} INFO - Executing <Task(BashOperator): sleep> on 2022-04-03 08:12:48.584493+00:00
[2022-04-03 08:13:50,720] {standard_task_runner.py:52} INFO - Started process 6522 to run task
[2022-04-03 08:13:50,725] {standard_task_runner.py:76} INFO - Running: ['***', 'tasks', 'run', 'tutorial', 'sleep', 'scheduled__2022-04-03T08:12:48.584493+00:00', '--job-id', '389', '--raw', '--subdir', 'DAGS_FOLDER/filebeat_dag.py', '--cfg-path', '/tmp/tmp0edvkc6f', '--error-file', '/tmp/tmpsfw82_px']
[2022-04-03 08:13:50,725] {standard_task_runner.py:77} INFO - Job 389: Subtask sleep
[2022-04-03 08:13:50,829] {logging_mixin.py:109} INFO - Running <TaskInstance: tutorial.sleep scheduled__2022-04-03T08:12:48.584493+00:00 [running]> on host 7_***_***-worker_1.netgroup
[2022-04-03 08:13:50,942] {taskinstance.py:1431} INFO - Exporting the following env vars:
AIRFLOW_CTX_DAG_EMAIL=***@example.com
AIRFLOW_CTX_DAG_OWNER=***
AIRFLOW_CTX_DAG_ID=tutorial
AIRFLOW_CTX_TASK_ID=sleep
AIRFLOW_CTX_EXECUTION_DATE=2022-04-03T08:12:48.584493+00:00
AIRFLOW_CTX_DAG_RUN_ID=scheduled__2022-04-03T08:12:48.584493+00:00
[2022-04-03 08:13:50,944] {subprocess.py:62} INFO - Tmp dir root location: 
 /tmp
[2022-04-03 08:13:50,946] {subprocess.py:74} INFO - Running command: ['bash', '-c', 'sleep 5']
[2022-04-03 08:13:50,962] {subprocess.py:85} INFO - Output:
[2022-04-03 08:13:55,971] {subprocess.py:93} INFO - Command exited with return code 0
[2022-04-03 08:13:56,014] {taskinstance.py:1282} INFO - Marking task as SUCCESS. dag_id=tutorial, task_id=sleep, execution_date=20220403T081248, start_date=20220403T081350, end_date=20220403T081356
[2022-04-03 08:13:56,067] {local_task_job.py:154} INFO - Task exited with return code 0
[2022-04-03 08:13:56,112] {local_task_job.py:264} INFO - 0 downstream tasks scheduled from follow-on schedule check
