[2022-04-03 06:56:48,867] {taskinstance.py:1037} INFO - Dependencies all met for <TaskInstance: tutorial.sleep scheduled__2022-04-03T06:55:46.355937+00:00 [queued]>
[2022-04-03 06:56:48,893] {taskinstance.py:1037} INFO - Dependencies all met for <TaskInstance: tutorial.sleep scheduled__2022-04-03T06:55:46.355937+00:00 [queued]>
[2022-04-03 06:56:48,894] {taskinstance.py:1243} INFO - 
--------------------------------------------------------------------------------
[2022-04-03 06:56:48,894] {taskinstance.py:1244} INFO - Starting attempt 1 of 4
[2022-04-03 06:56:48,894] {taskinstance.py:1245} INFO - 
--------------------------------------------------------------------------------
[2022-04-03 06:56:48,920] {taskinstance.py:1264} INFO - Executing <Task(BashOperator): sleep> on 2022-04-03 06:55:46.355937+00:00
[2022-04-03 06:56:48,928] {standard_task_runner.py:52} INFO - Started process 2824 to run task
[2022-04-03 06:56:48,935] {standard_task_runner.py:76} INFO - Running: ['***', 'tasks', 'run', 'tutorial', 'sleep', 'scheduled__2022-04-03T06:55:46.355937+00:00', '--job-id', '158', '--raw', '--subdir', 'DAGS_FOLDER/filebeat_dag.py', '--cfg-path', '/tmp/tmp0ue8n5vi', '--error-file', '/tmp/tmpwlcvbd9w']
[2022-04-03 06:56:48,936] {standard_task_runner.py:77} INFO - Job 158: Subtask sleep
[2022-04-03 06:56:49,051] {logging_mixin.py:109} INFO - Running <TaskInstance: tutorial.sleep scheduled__2022-04-03T06:55:46.355937+00:00 [running]> on host 7_***_***-worker_1.netgroup
[2022-04-03 06:56:49,172] {taskinstance.py:1431} INFO - Exporting the following env vars:
AIRFLOW_CTX_DAG_EMAIL=***@example.com
AIRFLOW_CTX_DAG_OWNER=***
AIRFLOW_CTX_DAG_ID=tutorial
AIRFLOW_CTX_TASK_ID=sleep
AIRFLOW_CTX_EXECUTION_DATE=2022-04-03T06:55:46.355937+00:00
AIRFLOW_CTX_DAG_RUN_ID=scheduled__2022-04-03T06:55:46.355937+00:00
[2022-04-03 06:56:49,174] {subprocess.py:62} INFO - Tmp dir root location: 
 /tmp
[2022-04-03 06:56:49,175] {subprocess.py:74} INFO - Running command: ['bash', '-c', 'sleep 5']
[2022-04-03 06:56:49,196] {subprocess.py:85} INFO - Output:
[2022-04-03 06:56:54,208] {subprocess.py:93} INFO - Command exited with return code 0
[2022-04-03 06:56:54,248] {taskinstance.py:1282} INFO - Marking task as SUCCESS. dag_id=tutorial, task_id=sleep, execution_date=20220403T065546, start_date=20220403T065648, end_date=20220403T065654
[2022-04-03 06:56:54,315] {local_task_job.py:154} INFO - Task exited with return code 0
[2022-04-03 06:56:54,358] {local_task_job.py:264} INFO - 0 downstream tasks scheduled from follow-on schedule check
