[2022-04-03 07:01:48,630] {taskinstance.py:1037} INFO - Dependencies all met for <TaskInstance: tutorial.sleep scheduled__2022-04-03T07:00:46.355937+00:00 [queued]>
[2022-04-03 07:01:48,652] {taskinstance.py:1037} INFO - Dependencies all met for <TaskInstance: tutorial.sleep scheduled__2022-04-03T07:00:46.355937+00:00 [queued]>
[2022-04-03 07:01:48,652] {taskinstance.py:1243} INFO - 
--------------------------------------------------------------------------------
[2022-04-03 07:01:48,653] {taskinstance.py:1244} INFO - Starting attempt 1 of 4
[2022-04-03 07:01:48,653] {taskinstance.py:1245} INFO - 
--------------------------------------------------------------------------------
[2022-04-03 07:01:48,673] {taskinstance.py:1264} INFO - Executing <Task(BashOperator): sleep> on 2022-04-03 07:00:46.355937+00:00
[2022-04-03 07:01:48,679] {standard_task_runner.py:52} INFO - Started process 3049 to run task
[2022-04-03 07:01:48,688] {standard_task_runner.py:76} INFO - Running: ['***', 'tasks', 'run', 'tutorial', 'sleep', 'scheduled__2022-04-03T07:00:46.355937+00:00', '--job-id', '173', '--raw', '--subdir', 'DAGS_FOLDER/filebeat_dag.py', '--cfg-path', '/tmp/tmplf8g4_bd', '--error-file', '/tmp/tmpsv0e7otg']
[2022-04-03 07:01:48,689] {standard_task_runner.py:77} INFO - Job 173: Subtask sleep
[2022-04-03 07:01:48,809] {logging_mixin.py:109} INFO - Running <TaskInstance: tutorial.sleep scheduled__2022-04-03T07:00:46.355937+00:00 [running]> on host 7_***_***-worker_1.netgroup
[2022-04-03 07:01:48,985] {taskinstance.py:1431} INFO - Exporting the following env vars:
AIRFLOW_CTX_DAG_EMAIL=***@example.com
AIRFLOW_CTX_DAG_OWNER=***
AIRFLOW_CTX_DAG_ID=tutorial
AIRFLOW_CTX_TASK_ID=sleep
AIRFLOW_CTX_EXECUTION_DATE=2022-04-03T07:00:46.355937+00:00
AIRFLOW_CTX_DAG_RUN_ID=scheduled__2022-04-03T07:00:46.355937+00:00
[2022-04-03 07:01:48,993] {subprocess.py:62} INFO - Tmp dir root location: 
 /tmp
[2022-04-03 07:01:48,995] {subprocess.py:74} INFO - Running command: ['bash', '-c', 'sleep 5']
[2022-04-03 07:01:49,026] {subprocess.py:85} INFO - Output:
[2022-04-03 07:01:54,041] {subprocess.py:93} INFO - Command exited with return code 0
[2022-04-03 07:01:54,080] {taskinstance.py:1282} INFO - Marking task as SUCCESS. dag_id=tutorial, task_id=sleep, execution_date=20220403T070046, start_date=20220403T070148, end_date=20220403T070154
[2022-04-03 07:01:54,148] {local_task_job.py:154} INFO - Task exited with return code 0
[2022-04-03 07:01:54,183] {local_task_job.py:264} INFO - 0 downstream tasks scheduled from follow-on schedule check
