[2022-04-03 09:40:51,785] {taskinstance.py:1037} INFO - Dependencies all met for <TaskInstance: tutorial.print_date scheduled__2022-04-03T09:39:50.596585+00:00 [queued]>
[2022-04-03 09:40:51,801] {taskinstance.py:1037} INFO - Dependencies all met for <TaskInstance: tutorial.print_date scheduled__2022-04-03T09:39:50.596585+00:00 [queued]>
[2022-04-03 09:40:51,802] {taskinstance.py:1243} INFO - 
--------------------------------------------------------------------------------
[2022-04-03 09:40:51,802] {taskinstance.py:1244} INFO - Starting attempt 1 of 2
[2022-04-03 09:40:51,802] {taskinstance.py:1245} INFO - 
--------------------------------------------------------------------------------
[2022-04-03 09:40:51,817] {taskinstance.py:1264} INFO - Executing <Task(BashOperator): print_date> on 2022-04-03 09:39:50.596585+00:00
[2022-04-03 09:40:51,821] {standard_task_runner.py:52} INFO - Started process 10881 to run task
[2022-04-03 09:40:51,826] {standard_task_runner.py:76} INFO - Running: ['***', 'tasks', 'run', 'tutorial', 'print_date', 'scheduled__2022-04-03T09:39:50.596585+00:00', '--job-id', '648', '--raw', '--subdir', 'DAGS_FOLDER/filebeat_dag.py', '--cfg-path', '/tmp/tmpe8xfx9uf', '--error-file', '/tmp/tmppzt7ekvb']
[2022-04-03 09:40:51,827] {standard_task_runner.py:77} INFO - Job 648: Subtask print_date
[2022-04-03 09:40:51,906] {logging_mixin.py:109} INFO - Running <TaskInstance: tutorial.print_date scheduled__2022-04-03T09:39:50.596585+00:00 [running]> on host 7_***_***-worker_1.netgroup
[2022-04-03 09:40:51,991] {taskinstance.py:1431} INFO - Exporting the following env vars:
AIRFLOW_CTX_DAG_EMAIL=***@example.com
AIRFLOW_CTX_DAG_OWNER=***
AIRFLOW_CTX_DAG_ID=tutorial
AIRFLOW_CTX_TASK_ID=print_date
AIRFLOW_CTX_EXECUTION_DATE=2022-04-03T09:39:50.596585+00:00
AIRFLOW_CTX_DAG_RUN_ID=scheduled__2022-04-03T09:39:50.596585+00:00
[2022-04-03 09:40:51,993] {subprocess.py:62} INFO - Tmp dir root location: 
 /tmp
[2022-04-03 09:40:51,994] {subprocess.py:74} INFO - Running command: ['bash', '-c', 'date']
[2022-04-03 09:40:52,009] {subprocess.py:85} INFO - Output:
[2022-04-03 09:40:52,017] {subprocess.py:89} INFO - Sun Apr  3 09:40:52 UTC 2022
[2022-04-03 09:40:52,018] {subprocess.py:93} INFO - Command exited with return code 0
[2022-04-03 09:40:52,061] {taskinstance.py:1282} INFO - Marking task as SUCCESS. dag_id=tutorial, task_id=print_date, execution_date=20220403T093950, start_date=20220403T094051, end_date=20220403T094052
[2022-04-03 09:40:52,119] {local_task_job.py:154} INFO - Task exited with return code 0
[2022-04-03 09:40:52,176] {local_task_job.py:264} INFO - 2 downstream tasks scheduled from follow-on schedule check
