[2022-04-03 12:10:55,057] {taskinstance.py:1037} INFO - Dependencies all met for <TaskInstance: tutorial.sleep scheduled__2022-04-03T12:09:52.909981+00:00 [queued]>
[2022-04-03 12:10:55,072] {taskinstance.py:1037} INFO - Dependencies all met for <TaskInstance: tutorial.sleep scheduled__2022-04-03T12:09:52.909981+00:00 [queued]>
[2022-04-03 12:10:55,072] {taskinstance.py:1243} INFO - 
--------------------------------------------------------------------------------
[2022-04-03 12:10:55,072] {taskinstance.py:1244} INFO - Starting attempt 1 of 4
[2022-04-03 12:10:55,072] {taskinstance.py:1245} INFO - 
--------------------------------------------------------------------------------
[2022-04-03 12:10:55,086] {taskinstance.py:1264} INFO - Executing <Task(BashOperator): sleep> on 2022-04-03 12:09:52.909981+00:00
[2022-04-03 12:10:55,090] {standard_task_runner.py:52} INFO - Started process 18626 to run task
[2022-04-03 12:10:55,094] {standard_task_runner.py:76} INFO - Running: ['***', 'tasks', 'run', 'tutorial', 'sleep', 'scheduled__2022-04-03T12:09:52.909981+00:00', '--job-id', '1100', '--raw', '--subdir', 'DAGS_FOLDER/filebeat_dag.py', '--cfg-path', '/tmp/tmpaye1wo9n', '--error-file', '/tmp/tmpo_jr_j1a']
[2022-04-03 12:10:55,094] {standard_task_runner.py:77} INFO - Job 1100: Subtask sleep
[2022-04-03 12:10:55,164] {logging_mixin.py:109} INFO - Running <TaskInstance: tutorial.sleep scheduled__2022-04-03T12:09:52.909981+00:00 [running]> on host 7_***_***-worker_1.netgroup
[2022-04-03 12:10:55,232] {taskinstance.py:1431} INFO - Exporting the following env vars:
AIRFLOW_CTX_DAG_EMAIL=***@example.com
AIRFLOW_CTX_DAG_OWNER=***
AIRFLOW_CTX_DAG_ID=tutorial
AIRFLOW_CTX_TASK_ID=sleep
AIRFLOW_CTX_EXECUTION_DATE=2022-04-03T12:09:52.909981+00:00
AIRFLOW_CTX_DAG_RUN_ID=scheduled__2022-04-03T12:09:52.909981+00:00
[2022-04-03 12:10:55,233] {subprocess.py:62} INFO - Tmp dir root location: 
 /tmp
[2022-04-03 12:10:55,234] {subprocess.py:74} INFO - Running command: ['bash', '-c', 'sleep 5']
[2022-04-03 12:10:55,245] {subprocess.py:85} INFO - Output:
[2022-04-03 12:11:00,252] {subprocess.py:93} INFO - Command exited with return code 0
[2022-04-03 12:11:00,287] {taskinstance.py:1282} INFO - Marking task as SUCCESS. dag_id=tutorial, task_id=sleep, execution_date=20220403T120952, start_date=20220403T121055, end_date=20220403T121100
[2022-04-03 12:11:00,346] {local_task_job.py:154} INFO - Task exited with return code 0
[2022-04-03 12:11:00,386] {local_task_job.py:264} INFO - 0 downstream tasks scheduled from follow-on schedule check
