[2022-04-03 12:19:56,668] {taskinstance.py:1037} INFO - Dependencies all met for <TaskInstance: tutorial.print_date scheduled__2022-04-03T12:18:55.618822+00:00 [queued]>
[2022-04-03 12:19:56,681] {taskinstance.py:1037} INFO - Dependencies all met for <TaskInstance: tutorial.print_date scheduled__2022-04-03T12:18:55.618822+00:00 [queued]>
[2022-04-03 12:19:56,682] {taskinstance.py:1243} INFO - 
--------------------------------------------------------------------------------
[2022-04-03 12:19:56,682] {taskinstance.py:1244} INFO - Starting attempt 1 of 2
[2022-04-03 12:19:56,682] {taskinstance.py:1245} INFO - 
--------------------------------------------------------------------------------
[2022-04-03 12:19:56,695] {taskinstance.py:1264} INFO - Executing <Task(BashOperator): print_date> on 2022-04-03 12:18:55.618822+00:00
[2022-04-03 12:19:56,699] {standard_task_runner.py:52} INFO - Started process 19086 to run task
[2022-04-03 12:19:56,703] {standard_task_runner.py:76} INFO - Running: ['***', 'tasks', 'run', 'tutorial', 'print_date', 'scheduled__2022-04-03T12:18:55.618822+00:00', '--job-id', '1125', '--raw', '--subdir', 'DAGS_FOLDER/filebeat_dag.py', '--cfg-path', '/tmp/tmpbbxzfwnw', '--error-file', '/tmp/tmp8314c2la']
[2022-04-03 12:19:56,703] {standard_task_runner.py:77} INFO - Job 1125: Subtask print_date
[2022-04-03 12:19:56,782] {logging_mixin.py:109} INFO - Running <TaskInstance: tutorial.print_date scheduled__2022-04-03T12:18:55.618822+00:00 [running]> on host 7_***_***-worker_1.netgroup
[2022-04-03 12:19:56,850] {taskinstance.py:1431} INFO - Exporting the following env vars:
AIRFLOW_CTX_DAG_EMAIL=***@example.com
AIRFLOW_CTX_DAG_OWNER=***
AIRFLOW_CTX_DAG_ID=tutorial
AIRFLOW_CTX_TASK_ID=print_date
AIRFLOW_CTX_EXECUTION_DATE=2022-04-03T12:18:55.618822+00:00
AIRFLOW_CTX_DAG_RUN_ID=scheduled__2022-04-03T12:18:55.618822+00:00
[2022-04-03 12:19:56,851] {subprocess.py:62} INFO - Tmp dir root location: 
 /tmp
[2022-04-03 12:19:56,852] {subprocess.py:74} INFO - Running command: ['bash', '-c', 'date']
[2022-04-03 12:19:56,866] {subprocess.py:85} INFO - Output:
[2022-04-03 12:19:56,874] {subprocess.py:89} INFO - Sun Apr  3 12:19:56 UTC 2022
[2022-04-03 12:19:56,875] {subprocess.py:93} INFO - Command exited with return code 0
[2022-04-03 12:19:56,910] {taskinstance.py:1282} INFO - Marking task as SUCCESS. dag_id=tutorial, task_id=print_date, execution_date=20220403T121855, start_date=20220403T121956, end_date=20220403T121956
[2022-04-03 12:19:56,956] {local_task_job.py:154} INFO - Task exited with return code 0
[2022-04-03 12:19:56,997] {local_task_job.py:264} INFO - 2 downstream tasks scheduled from follow-on schedule check
