[2022-04-03 12:16:55,234] {taskinstance.py:1037} INFO - Dependencies all met for <TaskInstance: tutorial.print_date scheduled__2022-04-03T12:15:54.809003+00:00 [queued]>
[2022-04-03 12:16:55,257] {taskinstance.py:1037} INFO - Dependencies all met for <TaskInstance: tutorial.print_date scheduled__2022-04-03T12:15:54.809003+00:00 [queued]>
[2022-04-03 12:16:55,257] {taskinstance.py:1243} INFO - 
--------------------------------------------------------------------------------
[2022-04-03 12:16:55,257] {taskinstance.py:1244} INFO - Starting attempt 1 of 2
[2022-04-03 12:16:55,257] {taskinstance.py:1245} INFO - 
--------------------------------------------------------------------------------
[2022-04-03 12:16:55,281] {taskinstance.py:1264} INFO - Executing <Task(BashOperator): print_date> on 2022-04-03 12:15:54.809003+00:00
[2022-04-03 12:16:55,289] {standard_task_runner.py:52} INFO - Started process 18924 to run task
[2022-04-03 12:16:55,298] {standard_task_runner.py:76} INFO - Running: ['***', 'tasks', 'run', 'tutorial', 'print_date', 'scheduled__2022-04-03T12:15:54.809003+00:00', '--job-id', '1116', '--raw', '--subdir', 'DAGS_FOLDER/filebeat_dag.py', '--cfg-path', '/tmp/tmplso8ggfg', '--error-file', '/tmp/tmp_9u8tuwr']
[2022-04-03 12:16:55,299] {standard_task_runner.py:77} INFO - Job 1116: Subtask print_date
[2022-04-03 12:16:55,457] {logging_mixin.py:109} INFO - Running <TaskInstance: tutorial.print_date scheduled__2022-04-03T12:15:54.809003+00:00 [running]> on host 7_***_***-worker_1.netgroup
[2022-04-03 12:16:55,556] {taskinstance.py:1431} INFO - Exporting the following env vars:
AIRFLOW_CTX_DAG_EMAIL=***@example.com
AIRFLOW_CTX_DAG_OWNER=***
AIRFLOW_CTX_DAG_ID=tutorial
AIRFLOW_CTX_TASK_ID=print_date
AIRFLOW_CTX_EXECUTION_DATE=2022-04-03T12:15:54.809003+00:00
AIRFLOW_CTX_DAG_RUN_ID=scheduled__2022-04-03T12:15:54.809003+00:00
[2022-04-03 12:16:55,557] {subprocess.py:62} INFO - Tmp dir root location: 
 /tmp
[2022-04-03 12:16:55,558] {subprocess.py:74} INFO - Running command: ['bash', '-c', 'date']
[2022-04-03 12:16:55,574] {subprocess.py:85} INFO - Output:
[2022-04-03 12:16:55,582] {subprocess.py:89} INFO - Sun Apr  3 12:16:55 UTC 2022
[2022-04-03 12:16:55,582] {subprocess.py:93} INFO - Command exited with return code 0
[2022-04-03 12:16:55,613] {taskinstance.py:1282} INFO - Marking task as SUCCESS. dag_id=tutorial, task_id=print_date, execution_date=20220403T121554, start_date=20220403T121655, end_date=20220403T121655
[2022-04-03 12:16:55,635] {local_task_job.py:154} INFO - Task exited with return code 0
[2022-04-03 12:16:55,680] {local_task_job.py:264} INFO - 2 downstream tasks scheduled from follow-on schedule check
