[2022-04-03 07:02:48,931] {taskinstance.py:1037} INFO - Dependencies all met for <TaskInstance: tutorial.templated scheduled__2022-04-03T07:01:46.355937+00:00 [queued]>
[2022-04-03 07:02:48,965] {taskinstance.py:1037} INFO - Dependencies all met for <TaskInstance: tutorial.templated scheduled__2022-04-03T07:01:46.355937+00:00 [queued]>
[2022-04-03 07:02:48,965] {taskinstance.py:1243} INFO - 
--------------------------------------------------------------------------------
[2022-04-03 07:02:48,965] {taskinstance.py:1244} INFO - Starting attempt 1 of 2
[2022-04-03 07:02:48,966] {taskinstance.py:1245} INFO - 
--------------------------------------------------------------------------------
[2022-04-03 07:02:49,002] {taskinstance.py:1264} INFO - Executing <Task(BashOperator): templated> on 2022-04-03 07:01:46.355937+00:00
[2022-04-03 07:02:49,019] {standard_task_runner.py:52} INFO - Started process 3105 to run task
[2022-04-03 07:02:49,029] {standard_task_runner.py:76} INFO - Running: ['***', 'tasks', 'run', 'tutorial', 'templated', 'scheduled__2022-04-03T07:01:46.355937+00:00', '--job-id', '176', '--raw', '--subdir', 'DAGS_FOLDER/filebeat_dag.py', '--cfg-path', '/tmp/tmp806fz8iq', '--error-file', '/tmp/tmptwgb105e']
[2022-04-03 07:02:49,029] {standard_task_runner.py:77} INFO - Job 176: Subtask templated
[2022-04-03 07:02:49,195] {logging_mixin.py:109} INFO - Running <TaskInstance: tutorial.templated scheduled__2022-04-03T07:01:46.355937+00:00 [running]> on host 7_***_***-worker_1.netgroup
[2022-04-03 07:02:49,641] {taskinstance.py:1431} INFO - Exporting the following env vars:
AIRFLOW_CTX_DAG_EMAIL=***@example.com
AIRFLOW_CTX_DAG_OWNER=***
AIRFLOW_CTX_DAG_ID=tutorial
AIRFLOW_CTX_TASK_ID=templated
AIRFLOW_CTX_EXECUTION_DATE=2022-04-03T07:01:46.355937+00:00
AIRFLOW_CTX_DAG_RUN_ID=scheduled__2022-04-03T07:01:46.355937+00:00
[2022-04-03 07:02:49,647] {subprocess.py:62} INFO - Tmp dir root location: 
 /tmp
[2022-04-03 07:02:49,657] {subprocess.py:74} INFO - Running command: ['bash', '-c', '\n\n    echo "2022-04-03"\n    echo "2022-04-10"\n\n    echo "2022-04-03"\n    echo "2022-04-10"\n\n    echo "2022-04-03"\n    echo "2022-04-10"\n\n    echo "2022-04-03"\n    echo "2022-04-10"\n\n    echo "2022-04-03"\n    echo "2022-04-10"\n']
[2022-04-03 07:02:49,722] {subprocess.py:85} INFO - Output:
[2022-04-03 07:02:49,732] {subprocess.py:89} INFO - 2022-04-03
[2022-04-03 07:02:49,734] {subprocess.py:89} INFO - 2022-04-10
[2022-04-03 07:02:49,736] {subprocess.py:89} INFO - 2022-04-03
[2022-04-03 07:02:49,737] {subprocess.py:89} INFO - 2022-04-10
[2022-04-03 07:02:49,741] {subprocess.py:89} INFO - 2022-04-03
[2022-04-03 07:02:49,742] {subprocess.py:89} INFO - 2022-04-10
[2022-04-03 07:02:49,742] {subprocess.py:89} INFO - 2022-04-03
[2022-04-03 07:02:49,743] {subprocess.py:89} INFO - 2022-04-10
[2022-04-03 07:02:49,744] {subprocess.py:89} INFO - 2022-04-03
[2022-04-03 07:02:49,745] {subprocess.py:89} INFO - 2022-04-10
[2022-04-03 07:02:49,746] {subprocess.py:93} INFO - Command exited with return code 0
[2022-04-03 07:02:49,948] {taskinstance.py:1282} INFO - Marking task as SUCCESS. dag_id=tutorial, task_id=templated, execution_date=20220403T070146, start_date=20220403T070248, end_date=20220403T070249
[2022-04-03 07:02:50,103] {local_task_job.py:154} INFO - Task exited with return code 0
[2022-04-03 07:02:50,259] {local_task_job.py:264} INFO - 0 downstream tasks scheduled from follow-on schedule check
