[2022-04-03 07:20:46,802] {taskinstance.py:1037} INFO - Dependencies all met for <TaskInstance: tutorial.print_date scheduled__2022-04-03T07:19:46.355937+00:00 [queued]>
[2022-04-03 07:20:46,818] {taskinstance.py:1037} INFO - Dependencies all met for <TaskInstance: tutorial.print_date scheduled__2022-04-03T07:19:46.355937+00:00 [queued]>
[2022-04-03 07:20:46,819] {taskinstance.py:1243} INFO - 
--------------------------------------------------------------------------------
[2022-04-03 07:20:46,819] {taskinstance.py:1244} INFO - Starting attempt 1 of 2
[2022-04-03 07:20:46,819] {taskinstance.py:1245} INFO - 
--------------------------------------------------------------------------------
[2022-04-03 07:20:46,840] {taskinstance.py:1264} INFO - Executing <Task(BashOperator): print_date> on 2022-04-03 07:19:46.355937+00:00
[2022-04-03 07:20:46,846] {standard_task_runner.py:52} INFO - Started process 3936 to run task
[2022-04-03 07:20:46,852] {standard_task_runner.py:76} INFO - Running: ['***', 'tasks', 'run', 'tutorial', 'print_date', 'scheduled__2022-04-03T07:19:46.355937+00:00', '--job-id', '228', '--raw', '--subdir', 'DAGS_FOLDER/filebeat_dag.py', '--cfg-path', '/tmp/tmp7mr6kk_v', '--error-file', '/tmp/tmp7sf9xwdz']
[2022-04-03 07:20:46,852] {standard_task_runner.py:77} INFO - Job 228: Subtask print_date
[2022-04-03 07:20:46,939] {logging_mixin.py:109} INFO - Running <TaskInstance: tutorial.print_date scheduled__2022-04-03T07:19:46.355937+00:00 [running]> on host 7_***_***-worker_1.netgroup
[2022-04-03 07:20:47,017] {taskinstance.py:1431} INFO - Exporting the following env vars:
AIRFLOW_CTX_DAG_EMAIL=***@example.com
AIRFLOW_CTX_DAG_OWNER=***
AIRFLOW_CTX_DAG_ID=tutorial
AIRFLOW_CTX_TASK_ID=print_date
AIRFLOW_CTX_EXECUTION_DATE=2022-04-03T07:19:46.355937+00:00
AIRFLOW_CTX_DAG_RUN_ID=scheduled__2022-04-03T07:19:46.355937+00:00
[2022-04-03 07:20:47,019] {subprocess.py:62} INFO - Tmp dir root location: 
 /tmp
[2022-04-03 07:20:47,020] {subprocess.py:74} INFO - Running command: ['bash', '-c', 'date']
[2022-04-03 07:20:47,038] {subprocess.py:85} INFO - Output:
[2022-04-03 07:20:47,046] {subprocess.py:89} INFO - Sun Apr  3 07:20:47 UTC 2022
[2022-04-03 07:20:47,047] {subprocess.py:93} INFO - Command exited with return code 0
[2022-04-03 07:20:47,089] {taskinstance.py:1282} INFO - Marking task as SUCCESS. dag_id=tutorial, task_id=print_date, execution_date=20220403T071946, start_date=20220403T072046, end_date=20220403T072047
[2022-04-03 07:20:47,147] {local_task_job.py:154} INFO - Task exited with return code 0
[2022-04-03 07:20:47,255] {local_task_job.py:264} INFO - 2 downstream tasks scheduled from follow-on schedule check
