[2022-04-03 12:09:55,350] {taskinstance.py:1037} INFO - Dependencies all met for <TaskInstance: tutorial.sleep scheduled__2022-04-03T12:08:52.909981+00:00 [queued]>
[2022-04-03 12:09:55,365] {taskinstance.py:1037} INFO - Dependencies all met for <TaskInstance: tutorial.sleep scheduled__2022-04-03T12:08:52.909981+00:00 [queued]>
[2022-04-03 12:09:55,365] {taskinstance.py:1243} INFO - 
--------------------------------------------------------------------------------
[2022-04-03 12:09:55,365] {taskinstance.py:1244} INFO - Starting attempt 1 of 4
[2022-04-03 12:09:55,365] {taskinstance.py:1245} INFO - 
--------------------------------------------------------------------------------
[2022-04-03 12:09:55,379] {taskinstance.py:1264} INFO - Executing <Task(BashOperator): sleep> on 2022-04-03 12:08:52.909981+00:00
[2022-04-03 12:09:55,383] {standard_task_runner.py:52} INFO - Started process 18567 to run task
[2022-04-03 12:09:55,387] {standard_task_runner.py:76} INFO - Running: ['***', 'tasks', 'run', 'tutorial', 'sleep', 'scheduled__2022-04-03T12:08:52.909981+00:00', '--job-id', '1096', '--raw', '--subdir', 'DAGS_FOLDER/filebeat_dag.py', '--cfg-path', '/tmp/tmpr6qssbwp', '--error-file', '/tmp/tmp_qo1v7_o']
[2022-04-03 12:09:55,388] {standard_task_runner.py:77} INFO - Job 1096: Subtask sleep
[2022-04-03 12:09:55,461] {logging_mixin.py:109} INFO - Running <TaskInstance: tutorial.sleep scheduled__2022-04-03T12:08:52.909981+00:00 [running]> on host 7_***_***-worker_1.netgroup
[2022-04-03 12:09:55,536] {taskinstance.py:1431} INFO - Exporting the following env vars:
AIRFLOW_CTX_DAG_EMAIL=***@example.com
AIRFLOW_CTX_DAG_OWNER=***
AIRFLOW_CTX_DAG_ID=tutorial
AIRFLOW_CTX_TASK_ID=sleep
AIRFLOW_CTX_EXECUTION_DATE=2022-04-03T12:08:52.909981+00:00
AIRFLOW_CTX_DAG_RUN_ID=scheduled__2022-04-03T12:08:52.909981+00:00
[2022-04-03 12:09:55,537] {subprocess.py:62} INFO - Tmp dir root location: 
 /tmp
[2022-04-03 12:09:55,538] {subprocess.py:74} INFO - Running command: ['bash', '-c', 'sleep 5']
[2022-04-03 12:09:55,551] {subprocess.py:85} INFO - Output:
[2022-04-03 12:10:00,558] {subprocess.py:93} INFO - Command exited with return code 0
[2022-04-03 12:10:00,591] {taskinstance.py:1282} INFO - Marking task as SUCCESS. dag_id=tutorial, task_id=sleep, execution_date=20220403T120852, start_date=20220403T120955, end_date=20220403T121000
[2022-04-03 12:10:00,634] {local_task_job.py:154} INFO - Task exited with return code 0
[2022-04-03 12:10:00,670] {local_task_job.py:264} INFO - 0 downstream tasks scheduled from follow-on schedule check
