[2022-04-03 10:51:54,861] {taskinstance.py:1037} INFO - Dependencies all met for <TaskInstance: tutorial.sleep scheduled__2022-04-03T10:50:52.909981+00:00 [queued]>
[2022-04-03 10:51:54,880] {taskinstance.py:1037} INFO - Dependencies all met for <TaskInstance: tutorial.sleep scheduled__2022-04-03T10:50:52.909981+00:00 [queued]>
[2022-04-03 10:51:54,881] {taskinstance.py:1243} INFO - 
--------------------------------------------------------------------------------
[2022-04-03 10:51:54,881] {taskinstance.py:1244} INFO - Starting attempt 1 of 4
[2022-04-03 10:51:54,881] {taskinstance.py:1245} INFO - 
--------------------------------------------------------------------------------
[2022-04-03 10:51:54,897] {taskinstance.py:1264} INFO - Executing <Task(BashOperator): sleep> on 2022-04-03 10:50:52.909981+00:00
[2022-04-03 10:51:54,902] {standard_task_runner.py:52} INFO - Started process 14566 to run task
[2022-04-03 10:51:54,907] {standard_task_runner.py:76} INFO - Running: ['***', 'tasks', 'run', 'tutorial', 'sleep', 'scheduled__2022-04-03T10:50:52.909981+00:00', '--job-id', '863', '--raw', '--subdir', 'DAGS_FOLDER/filebeat_dag.py', '--cfg-path', '/tmp/tmpb84k7z2t', '--error-file', '/tmp/tmp08suceq3']
[2022-04-03 10:51:54,908] {standard_task_runner.py:77} INFO - Job 863: Subtask sleep
[2022-04-03 10:51:54,989] {logging_mixin.py:109} INFO - Running <TaskInstance: tutorial.sleep scheduled__2022-04-03T10:50:52.909981+00:00 [running]> on host 7_***_***-worker_1.netgroup
[2022-04-03 10:51:55,059] {taskinstance.py:1431} INFO - Exporting the following env vars:
AIRFLOW_CTX_DAG_EMAIL=***@example.com
AIRFLOW_CTX_DAG_OWNER=***
AIRFLOW_CTX_DAG_ID=tutorial
AIRFLOW_CTX_TASK_ID=sleep
AIRFLOW_CTX_EXECUTION_DATE=2022-04-03T10:50:52.909981+00:00
AIRFLOW_CTX_DAG_RUN_ID=scheduled__2022-04-03T10:50:52.909981+00:00
[2022-04-03 10:51:55,060] {subprocess.py:62} INFO - Tmp dir root location: 
 /tmp
[2022-04-03 10:51:55,060] {subprocess.py:74} INFO - Running command: ['bash', '-c', 'sleep 5']
[2022-04-03 10:51:55,070] {subprocess.py:85} INFO - Output:
[2022-04-03 10:52:00,077] {subprocess.py:93} INFO - Command exited with return code 0
[2022-04-03 10:52:00,113] {taskinstance.py:1282} INFO - Marking task as SUCCESS. dag_id=tutorial, task_id=sleep, execution_date=20220403T105052, start_date=20220403T105154, end_date=20220403T105200
[2022-04-03 10:52:00,161] {local_task_job.py:154} INFO - Task exited with return code 0
[2022-04-03 10:52:00,199] {local_task_job.py:264} INFO - 0 downstream tasks scheduled from follow-on schedule check
