[2022-04-03 08:46:51,617] {taskinstance.py:1037} INFO - Dependencies all met for <TaskInstance: tutorial.sleep scheduled__2022-04-03T08:45:49.764045+00:00 [queued]>
[2022-04-03 08:46:51,631] {taskinstance.py:1037} INFO - Dependencies all met for <TaskInstance: tutorial.sleep scheduled__2022-04-03T08:45:49.764045+00:00 [queued]>
[2022-04-03 08:46:51,631] {taskinstance.py:1243} INFO - 
--------------------------------------------------------------------------------
[2022-04-03 08:46:51,632] {taskinstance.py:1244} INFO - Starting attempt 1 of 4
[2022-04-03 08:46:51,632] {taskinstance.py:1245} INFO - 
--------------------------------------------------------------------------------
[2022-04-03 08:46:51,647] {taskinstance.py:1264} INFO - Executing <Task(BashOperator): sleep> on 2022-04-03 08:45:49.764045+00:00
[2022-04-03 08:46:51,653] {standard_task_runner.py:52} INFO - Started process 8148 to run task
[2022-04-03 08:46:51,658] {standard_task_runner.py:76} INFO - Running: ['***', 'tasks', 'run', 'tutorial', 'sleep', 'scheduled__2022-04-03T08:45:49.764045+00:00', '--job-id', '487', '--raw', '--subdir', 'DAGS_FOLDER/filebeat_dag.py', '--cfg-path', '/tmp/tmpvl4gn6o6', '--error-file', '/tmp/tmperc07q6c']
[2022-04-03 08:46:51,659] {standard_task_runner.py:77} INFO - Job 487: Subtask sleep
[2022-04-03 08:46:51,739] {logging_mixin.py:109} INFO - Running <TaskInstance: tutorial.sleep scheduled__2022-04-03T08:45:49.764045+00:00 [running]> on host 7_***_***-worker_1.netgroup
[2022-04-03 08:46:51,811] {taskinstance.py:1431} INFO - Exporting the following env vars:
AIRFLOW_CTX_DAG_EMAIL=***@example.com
AIRFLOW_CTX_DAG_OWNER=***
AIRFLOW_CTX_DAG_ID=tutorial
AIRFLOW_CTX_TASK_ID=sleep
AIRFLOW_CTX_EXECUTION_DATE=2022-04-03T08:45:49.764045+00:00
AIRFLOW_CTX_DAG_RUN_ID=scheduled__2022-04-03T08:45:49.764045+00:00
[2022-04-03 08:46:51,812] {subprocess.py:62} INFO - Tmp dir root location: 
 /tmp
[2022-04-03 08:46:51,813] {subprocess.py:74} INFO - Running command: ['bash', '-c', 'sleep 5']
[2022-04-03 08:46:51,825] {subprocess.py:85} INFO - Output:
[2022-04-03 08:46:56,832] {subprocess.py:93} INFO - Command exited with return code 0
[2022-04-03 08:46:56,868] {taskinstance.py:1282} INFO - Marking task as SUCCESS. dag_id=tutorial, task_id=sleep, execution_date=20220403T084549, start_date=20220403T084651, end_date=20220403T084656
[2022-04-03 08:46:56,896] {local_task_job.py:154} INFO - Task exited with return code 0
[2022-04-03 08:46:56,928] {local_task_job.py:264} INFO - 0 downstream tasks scheduled from follow-on schedule check
