[2022-04-03 07:35:50,926] {taskinstance.py:1037} INFO - Dependencies all met for <TaskInstance: tutorial.sleep scheduled__2022-04-03T07:34:48.584493+00:00 [queued]>
[2022-04-03 07:35:50,954] {taskinstance.py:1037} INFO - Dependencies all met for <TaskInstance: tutorial.sleep scheduled__2022-04-03T07:34:48.584493+00:00 [queued]>
[2022-04-03 07:35:50,954] {taskinstance.py:1243} INFO - 
--------------------------------------------------------------------------------
[2022-04-03 07:35:50,954] {taskinstance.py:1244} INFO - Starting attempt 1 of 4
[2022-04-03 07:35:50,954] {taskinstance.py:1245} INFO - 
--------------------------------------------------------------------------------
[2022-04-03 07:35:50,987] {taskinstance.py:1264} INFO - Executing <Task(BashOperator): sleep> on 2022-04-03 07:34:48.584493+00:00
[2022-04-03 07:35:50,998] {standard_task_runner.py:52} INFO - Started process 4706 to run task
[2022-04-03 07:35:51,011] {standard_task_runner.py:76} INFO - Running: ['***', 'tasks', 'run', 'tutorial', 'sleep', 'scheduled__2022-04-03T07:34:48.584493+00:00', '--job-id', '275', '--raw', '--subdir', 'DAGS_FOLDER/filebeat_dag.py', '--cfg-path', '/tmp/tmph9p_nfpb', '--error-file', '/tmp/tmp8tj5qph9']
[2022-04-03 07:35:51,012] {standard_task_runner.py:77} INFO - Job 275: Subtask sleep
[2022-04-03 07:35:51,159] {logging_mixin.py:109} INFO - Running <TaskInstance: tutorial.sleep scheduled__2022-04-03T07:34:48.584493+00:00 [running]> on host 7_***_***-worker_1.netgroup
[2022-04-03 07:35:51,344] {taskinstance.py:1431} INFO - Exporting the following env vars:
AIRFLOW_CTX_DAG_EMAIL=***@example.com
AIRFLOW_CTX_DAG_OWNER=***
AIRFLOW_CTX_DAG_ID=tutorial
AIRFLOW_CTX_TASK_ID=sleep
AIRFLOW_CTX_EXECUTION_DATE=2022-04-03T07:34:48.584493+00:00
AIRFLOW_CTX_DAG_RUN_ID=scheduled__2022-04-03T07:34:48.584493+00:00
[2022-04-03 07:35:51,347] {subprocess.py:62} INFO - Tmp dir root location: 
 /tmp
[2022-04-03 07:35:51,348] {subprocess.py:74} INFO - Running command: ['bash', '-c', 'sleep 5']
[2022-04-03 07:35:51,368] {subprocess.py:85} INFO - Output:
[2022-04-03 07:35:56,378] {subprocess.py:93} INFO - Command exited with return code 0
[2022-04-03 07:35:56,416] {taskinstance.py:1282} INFO - Marking task as SUCCESS. dag_id=tutorial, task_id=sleep, execution_date=20220403T073448, start_date=20220403T073550, end_date=20220403T073556
[2022-04-03 07:35:56,468] {local_task_job.py:154} INFO - Task exited with return code 0
[2022-04-03 07:35:56,537] {local_task_job.py:264} INFO - 0 downstream tasks scheduled from follow-on schedule check
