[2022-04-03 06:59:47,578] {taskinstance.py:1037} INFO - Dependencies all met for <TaskInstance: tutorial.print_date scheduled__2022-04-03T06:58:46.355937+00:00 [queued]>
[2022-04-03 06:59:47,591] {taskinstance.py:1037} INFO - Dependencies all met for <TaskInstance: tutorial.print_date scheduled__2022-04-03T06:58:46.355937+00:00 [queued]>
[2022-04-03 06:59:47,591] {taskinstance.py:1243} INFO - 
--------------------------------------------------------------------------------
[2022-04-03 06:59:47,592] {taskinstance.py:1244} INFO - Starting attempt 1 of 2
[2022-04-03 06:59:47,592] {taskinstance.py:1245} INFO - 
--------------------------------------------------------------------------------
[2022-04-03 06:59:47,616] {taskinstance.py:1264} INFO - Executing <Task(BashOperator): print_date> on 2022-04-03 06:58:46.355937+00:00
[2022-04-03 06:59:47,623] {standard_task_runner.py:52} INFO - Started process 2952 to run task
[2022-04-03 06:59:47,631] {standard_task_runner.py:76} INFO - Running: ['***', 'tasks', 'run', 'tutorial', 'print_date', 'scheduled__2022-04-03T06:58:46.355937+00:00', '--job-id', '165', '--raw', '--subdir', 'DAGS_FOLDER/filebeat_dag.py', '--cfg-path', '/tmp/tmp4qn0tg90', '--error-file', '/tmp/tmps94zdksu']
[2022-04-03 06:59:47,632] {standard_task_runner.py:77} INFO - Job 165: Subtask print_date
[2022-04-03 06:59:47,752] {logging_mixin.py:109} INFO - Running <TaskInstance: tutorial.print_date scheduled__2022-04-03T06:58:46.355937+00:00 [running]> on host 7_***_***-worker_1.netgroup
[2022-04-03 06:59:47,846] {taskinstance.py:1431} INFO - Exporting the following env vars:
AIRFLOW_CTX_DAG_EMAIL=***@example.com
AIRFLOW_CTX_DAG_OWNER=***
AIRFLOW_CTX_DAG_ID=tutorial
AIRFLOW_CTX_TASK_ID=print_date
AIRFLOW_CTX_EXECUTION_DATE=2022-04-03T06:58:46.355937+00:00
AIRFLOW_CTX_DAG_RUN_ID=scheduled__2022-04-03T06:58:46.355937+00:00
[2022-04-03 06:59:47,847] {subprocess.py:62} INFO - Tmp dir root location: 
 /tmp
[2022-04-03 06:59:47,847] {subprocess.py:74} INFO - Running command: ['bash', '-c', 'date']
[2022-04-03 06:59:47,864] {subprocess.py:85} INFO - Output:
[2022-04-03 06:59:47,871] {subprocess.py:89} INFO - Sun Apr  3 06:59:47 UTC 2022
[2022-04-03 06:59:47,872] {subprocess.py:93} INFO - Command exited with return code 0
[2022-04-03 06:59:47,917] {taskinstance.py:1282} INFO - Marking task as SUCCESS. dag_id=tutorial, task_id=print_date, execution_date=20220403T065846, start_date=20220403T065947, end_date=20220403T065947
[2022-04-03 06:59:47,965] {local_task_job.py:154} INFO - Task exited with return code 0
[2022-04-03 06:59:48,017] {local_task_job.py:264} INFO - 2 downstream tasks scheduled from follow-on schedule check
