[2022-04-03 07:44:51,009] {taskinstance.py:1037} INFO - Dependencies all met for <TaskInstance: tutorial.templated scheduled__2022-04-03T07:43:48.584493+00:00 [queued]>
[2022-04-03 07:44:51,056] {taskinstance.py:1037} INFO - Dependencies all met for <TaskInstance: tutorial.templated scheduled__2022-04-03T07:43:48.584493+00:00 [queued]>
[2022-04-03 07:44:51,057] {taskinstance.py:1243} INFO - 
--------------------------------------------------------------------------------
[2022-04-03 07:44:51,057] {taskinstance.py:1244} INFO - Starting attempt 1 of 2
[2022-04-03 07:44:51,057] {taskinstance.py:1245} INFO - 
--------------------------------------------------------------------------------
[2022-04-03 07:44:51,090] {taskinstance.py:1264} INFO - Executing <Task(BashOperator): templated> on 2022-04-03 07:43:48.584493+00:00
[2022-04-03 07:44:51,101] {standard_task_runner.py:52} INFO - Started process 5130 to run task
[2022-04-03 07:44:51,112] {standard_task_runner.py:76} INFO - Running: ['***', 'tasks', 'run', 'tutorial', 'templated', 'scheduled__2022-04-03T07:43:48.584493+00:00', '--job-id', '301', '--raw', '--subdir', 'DAGS_FOLDER/filebeat_dag.py', '--cfg-path', '/tmp/tmpew8qwt79', '--error-file', '/tmp/tmpty0r0zr1']
[2022-04-03 07:44:51,113] {standard_task_runner.py:77} INFO - Job 301: Subtask templated
[2022-04-03 07:44:51,316] {logging_mixin.py:109} INFO - Running <TaskInstance: tutorial.templated scheduled__2022-04-03T07:43:48.584493+00:00 [running]> on host 7_***_***-worker_1.netgroup
[2022-04-03 07:44:51,517] {taskinstance.py:1431} INFO - Exporting the following env vars:
AIRFLOW_CTX_DAG_EMAIL=***@example.com
AIRFLOW_CTX_DAG_OWNER=***
AIRFLOW_CTX_DAG_ID=tutorial
AIRFLOW_CTX_TASK_ID=templated
AIRFLOW_CTX_EXECUTION_DATE=2022-04-03T07:43:48.584493+00:00
AIRFLOW_CTX_DAG_RUN_ID=scheduled__2022-04-03T07:43:48.584493+00:00
[2022-04-03 07:44:51,518] {subprocess.py:62} INFO - Tmp dir root location: 
 /tmp
[2022-04-03 07:44:51,519] {subprocess.py:74} INFO - Running command: ['bash', '-c', '\n\n    echo "2022-04-03"\n    echo "2022-04-10"\n\n    echo "2022-04-03"\n    echo "2022-04-10"\n\n    echo "2022-04-03"\n    echo "2022-04-10"\n\n    echo "2022-04-03"\n    echo "2022-04-10"\n\n    echo "2022-04-03"\n    echo "2022-04-10"\n']
[2022-04-03 07:44:51,557] {subprocess.py:85} INFO - Output:
[2022-04-03 07:44:51,561] {subprocess.py:89} INFO - 2022-04-03
[2022-04-03 07:44:51,562] {subprocess.py:89} INFO - 2022-04-10
[2022-04-03 07:44:51,562] {subprocess.py:89} INFO - 2022-04-03
[2022-04-03 07:44:51,562] {subprocess.py:89} INFO - 2022-04-10
[2022-04-03 07:44:51,562] {subprocess.py:89} INFO - 2022-04-03
[2022-04-03 07:44:51,563] {subprocess.py:89} INFO - 2022-04-10
[2022-04-03 07:44:51,563] {subprocess.py:89} INFO - 2022-04-03
[2022-04-03 07:44:51,563] {subprocess.py:89} INFO - 2022-04-10
[2022-04-03 07:44:51,563] {subprocess.py:89} INFO - 2022-04-03
[2022-04-03 07:44:51,563] {subprocess.py:89} INFO - 2022-04-10
[2022-04-03 07:44:51,564] {subprocess.py:93} INFO - Command exited with return code 0
[2022-04-03 07:44:51,706] {taskinstance.py:1282} INFO - Marking task as SUCCESS. dag_id=tutorial, task_id=templated, execution_date=20220403T074348, start_date=20220403T074451, end_date=20220403T074451
[2022-04-03 07:44:51,785] {local_task_job.py:154} INFO - Task exited with return code 0
[2022-04-03 07:44:51,911] {local_task_job.py:264} INFO - 0 downstream tasks scheduled from follow-on schedule check
