[2022-04-03 07:14:48,935] {taskinstance.py:1037} INFO - Dependencies all met for <TaskInstance: tutorial.sleep scheduled__2022-04-03T07:13:46.355937+00:00 [queued]>
[2022-04-03 07:14:48,955] {taskinstance.py:1037} INFO - Dependencies all met for <TaskInstance: tutorial.sleep scheduled__2022-04-03T07:13:46.355937+00:00 [queued]>
[2022-04-03 07:14:48,956] {taskinstance.py:1243} INFO - 
--------------------------------------------------------------------------------
[2022-04-03 07:14:48,956] {taskinstance.py:1244} INFO - Starting attempt 1 of 4
[2022-04-03 07:14:48,957] {taskinstance.py:1245} INFO - 
--------------------------------------------------------------------------------
[2022-04-03 07:14:48,975] {taskinstance.py:1264} INFO - Executing <Task(BashOperator): sleep> on 2022-04-03 07:13:46.355937+00:00
[2022-04-03 07:14:48,985] {standard_task_runner.py:52} INFO - Started process 3660 to run task
[2022-04-03 07:14:48,991] {standard_task_runner.py:76} INFO - Running: ['***', 'tasks', 'run', 'tutorial', 'sleep', 'scheduled__2022-04-03T07:13:46.355937+00:00', '--job-id', '211', '--raw', '--subdir', 'DAGS_FOLDER/filebeat_dag.py', '--cfg-path', '/tmp/tmpgx1byhav', '--error-file', '/tmp/tmp8uurqbpz']
[2022-04-03 07:14:48,992] {standard_task_runner.py:77} INFO - Job 211: Subtask sleep
[2022-04-03 07:14:49,099] {logging_mixin.py:109} INFO - Running <TaskInstance: tutorial.sleep scheduled__2022-04-03T07:13:46.355937+00:00 [running]> on host 7_***_***-worker_1.netgroup
[2022-04-03 07:14:49,204] {taskinstance.py:1431} INFO - Exporting the following env vars:
AIRFLOW_CTX_DAG_EMAIL=***@example.com
AIRFLOW_CTX_DAG_OWNER=***
AIRFLOW_CTX_DAG_ID=tutorial
AIRFLOW_CTX_TASK_ID=sleep
AIRFLOW_CTX_EXECUTION_DATE=2022-04-03T07:13:46.355937+00:00
AIRFLOW_CTX_DAG_RUN_ID=scheduled__2022-04-03T07:13:46.355937+00:00
[2022-04-03 07:14:49,206] {subprocess.py:62} INFO - Tmp dir root location: 
 /tmp
[2022-04-03 07:14:49,207] {subprocess.py:74} INFO - Running command: ['bash', '-c', 'sleep 5']
[2022-04-03 07:14:49,223] {subprocess.py:85} INFO - Output:
[2022-04-03 07:14:54,233] {subprocess.py:93} INFO - Command exited with return code 0
[2022-04-03 07:14:54,281] {taskinstance.py:1282} INFO - Marking task as SUCCESS. dag_id=tutorial, task_id=sleep, execution_date=20220403T071346, start_date=20220403T071448, end_date=20220403T071454
[2022-04-03 07:14:54,334] {local_task_job.py:154} INFO - Task exited with return code 0
[2022-04-03 07:14:54,401] {local_task_job.py:264} INFO - 0 downstream tasks scheduled from follow-on schedule check
