[2022-04-03 08:06:50,776] {taskinstance.py:1037} INFO - Dependencies all met for <TaskInstance: tutorial.sleep scheduled__2022-04-03T08:05:48.584493+00:00 [queued]>
[2022-04-03 08:06:50,808] {taskinstance.py:1037} INFO - Dependencies all met for <TaskInstance: tutorial.sleep scheduled__2022-04-03T08:05:48.584493+00:00 [queued]>
[2022-04-03 08:06:50,808] {taskinstance.py:1243} INFO - 
--------------------------------------------------------------------------------
[2022-04-03 08:06:50,809] {taskinstance.py:1244} INFO - Starting attempt 1 of 4
[2022-04-03 08:06:50,809] {taskinstance.py:1245} INFO - 
--------------------------------------------------------------------------------
[2022-04-03 08:06:50,838] {taskinstance.py:1264} INFO - Executing <Task(BashOperator): sleep> on 2022-04-03 08:05:48.584493+00:00
[2022-04-03 08:06:50,850] {standard_task_runner.py:52} INFO - Started process 6190 to run task
[2022-04-03 08:06:50,857] {standard_task_runner.py:76} INFO - Running: ['***', 'tasks', 'run', 'tutorial', 'sleep', 'scheduled__2022-04-03T08:05:48.584493+00:00', '--job-id', '368', '--raw', '--subdir', 'DAGS_FOLDER/filebeat_dag.py', '--cfg-path', '/tmp/tmpcp6i7_tk', '--error-file', '/tmp/tmpoj8xy9gz']
[2022-04-03 08:06:50,858] {standard_task_runner.py:77} INFO - Job 368: Subtask sleep
[2022-04-03 08:06:51,002] {logging_mixin.py:109} INFO - Running <TaskInstance: tutorial.sleep scheduled__2022-04-03T08:05:48.584493+00:00 [running]> on host 7_***_***-worker_1.netgroup
[2022-04-03 08:06:51,184] {taskinstance.py:1431} INFO - Exporting the following env vars:
AIRFLOW_CTX_DAG_EMAIL=***@example.com
AIRFLOW_CTX_DAG_OWNER=***
AIRFLOW_CTX_DAG_ID=tutorial
AIRFLOW_CTX_TASK_ID=sleep
AIRFLOW_CTX_EXECUTION_DATE=2022-04-03T08:05:48.584493+00:00
AIRFLOW_CTX_DAG_RUN_ID=scheduled__2022-04-03T08:05:48.584493+00:00
[2022-04-03 08:06:51,185] {subprocess.py:62} INFO - Tmp dir root location: 
 /tmp
[2022-04-03 08:06:51,187] {subprocess.py:74} INFO - Running command: ['bash', '-c', 'sleep 5']
[2022-04-03 08:06:51,219] {subprocess.py:85} INFO - Output:
[2022-04-03 08:06:56,232] {subprocess.py:93} INFO - Command exited with return code 0
[2022-04-03 08:06:56,292] {taskinstance.py:1282} INFO - Marking task as SUCCESS. dag_id=tutorial, task_id=sleep, execution_date=20220403T080548, start_date=20220403T080650, end_date=20220403T080656
[2022-04-03 08:06:56,349] {local_task_job.py:154} INFO - Task exited with return code 0
[2022-04-03 08:06:56,397] {local_task_job.py:264} INFO - 0 downstream tasks scheduled from follow-on schedule check
