[2022-04-03 08:32:50,884] {taskinstance.py:1037} INFO - Dependencies all met for <TaskInstance: tutorial.sleep scheduled__2022-04-03T08:31:48.584493+00:00 [queued]>
[2022-04-03 08:32:50,908] {taskinstance.py:1037} INFO - Dependencies all met for <TaskInstance: tutorial.sleep scheduled__2022-04-03T08:31:48.584493+00:00 [queued]>
[2022-04-03 08:32:50,909] {taskinstance.py:1243} INFO - 
--------------------------------------------------------------------------------
[2022-04-03 08:32:50,909] {taskinstance.py:1244} INFO - Starting attempt 1 of 4
[2022-04-03 08:32:50,909] {taskinstance.py:1245} INFO - 
--------------------------------------------------------------------------------
[2022-04-03 08:32:50,932] {taskinstance.py:1264} INFO - Executing <Task(BashOperator): sleep> on 2022-04-03 08:31:48.584493+00:00
[2022-04-03 08:32:50,940] {standard_task_runner.py:52} INFO - Started process 7429 to run task
[2022-04-03 08:32:50,951] {standard_task_runner.py:76} INFO - Running: ['***', 'tasks', 'run', 'tutorial', 'sleep', 'scheduled__2022-04-03T08:31:48.584493+00:00', '--job-id', '445', '--raw', '--subdir', 'DAGS_FOLDER/filebeat_dag.py', '--cfg-path', '/tmp/tmpb_8a21vq', '--error-file', '/tmp/tmpq3fdp9_n']
[2022-04-03 08:32:50,951] {standard_task_runner.py:77} INFO - Job 445: Subtask sleep
[2022-04-03 08:32:51,119] {logging_mixin.py:109} INFO - Running <TaskInstance: tutorial.sleep scheduled__2022-04-03T08:31:48.584493+00:00 [running]> on host 7_***_***-worker_1.netgroup
[2022-04-03 08:32:51,225] {taskinstance.py:1431} INFO - Exporting the following env vars:
AIRFLOW_CTX_DAG_EMAIL=***@example.com
AIRFLOW_CTX_DAG_OWNER=***
AIRFLOW_CTX_DAG_ID=tutorial
AIRFLOW_CTX_TASK_ID=sleep
AIRFLOW_CTX_EXECUTION_DATE=2022-04-03T08:31:48.584493+00:00
AIRFLOW_CTX_DAG_RUN_ID=scheduled__2022-04-03T08:31:48.584493+00:00
[2022-04-03 08:32:51,226] {subprocess.py:62} INFO - Tmp dir root location: 
 /tmp
[2022-04-03 08:32:51,227] {subprocess.py:74} INFO - Running command: ['bash', '-c', 'sleep 5']
[2022-04-03 08:32:51,243] {subprocess.py:85} INFO - Output:
[2022-04-03 08:32:56,253] {subprocess.py:93} INFO - Command exited with return code 0
[2022-04-03 08:32:56,295] {taskinstance.py:1282} INFO - Marking task as SUCCESS. dag_id=tutorial, task_id=sleep, execution_date=20220403T083148, start_date=20220403T083250, end_date=20220403T083256
[2022-04-03 08:32:56,324] {local_task_job.py:154} INFO - Task exited with return code 0
[2022-04-03 08:32:56,370] {local_task_job.py:264} INFO - 0 downstream tasks scheduled from follow-on schedule check
