[2022-04-03 06:15:29,217] {taskinstance.py:1037} INFO - Dependencies all met for <TaskInstance: tutorial.sleep scheduled__2022-04-02T06:15:11.374572+00:00 [queued]>
[2022-04-03 06:15:29,238] {taskinstance.py:1037} INFO - Dependencies all met for <TaskInstance: tutorial.sleep scheduled__2022-04-02T06:15:11.374572+00:00 [queued]>
[2022-04-03 06:15:29,238] {taskinstance.py:1243} INFO - 
--------------------------------------------------------------------------------
[2022-04-03 06:15:29,238] {taskinstance.py:1244} INFO - Starting attempt 1 of 4
[2022-04-03 06:15:29,239] {taskinstance.py:1245} INFO - 
--------------------------------------------------------------------------------
[2022-04-03 06:15:29,253] {taskinstance.py:1264} INFO - Executing <Task(BashOperator): sleep> on 2022-04-02 06:15:11.374572+00:00
[2022-04-03 06:15:29,260] {standard_task_runner.py:52} INFO - Started process 859 to run task
[2022-04-03 06:15:29,266] {standard_task_runner.py:76} INFO - Running: ['***', 'tasks', 'run', 'tutorial', 'sleep', 'scheduled__2022-04-02T06:15:11.374572+00:00', '--job-id', '32', '--raw', '--subdir', 'DAGS_FOLDER/filebeat_dag.py', '--cfg-path', '/tmp/tmp1gohfyb8', '--error-file', '/tmp/tmp0nfu4usj']
[2022-04-03 06:15:29,267] {standard_task_runner.py:77} INFO - Job 32: Subtask sleep
[2022-04-03 06:15:29,352] {logging_mixin.py:109} INFO - Running <TaskInstance: tutorial.sleep scheduled__2022-04-02T06:15:11.374572+00:00 [running]> on host 7_***_***-worker_1.netgroup
[2022-04-03 06:15:29,428] {taskinstance.py:1431} INFO - Exporting the following env vars:
AIRFLOW_CTX_DAG_EMAIL=***@example.com
AIRFLOW_CTX_DAG_OWNER=***
AIRFLOW_CTX_DAG_ID=tutorial
AIRFLOW_CTX_TASK_ID=sleep
AIRFLOW_CTX_EXECUTION_DATE=2022-04-02T06:15:11.374572+00:00
AIRFLOW_CTX_DAG_RUN_ID=scheduled__2022-04-02T06:15:11.374572+00:00
[2022-04-03 06:15:29,429] {subprocess.py:62} INFO - Tmp dir root location: 
 /tmp
[2022-04-03 06:15:29,430] {subprocess.py:74} INFO - Running command: ['bash', '-c', 'sleep 5']
[2022-04-03 06:15:29,448] {subprocess.py:85} INFO - Output:
[2022-04-03 06:15:34,469] {subprocess.py:93} INFO - Command exited with return code 0
[2022-04-03 06:15:34,514] {taskinstance.py:1282} INFO - Marking task as SUCCESS. dag_id=tutorial, task_id=sleep, execution_date=20220402T061511, start_date=20220403T061529, end_date=20220403T061534
[2022-04-03 06:15:34,584] {local_task_job.py:154} INFO - Task exited with return code 0
[2022-04-03 06:15:34,623] {local_task_job.py:264} INFO - 0 downstream tasks scheduled from follow-on schedule check
