[2022-04-03 07:56:50,954] {taskinstance.py:1037} INFO - Dependencies all met for <TaskInstance: tutorial.templated scheduled__2022-04-03T07:55:48.584493+00:00 [queued]>
[2022-04-03 07:56:50,977] {taskinstance.py:1037} INFO - Dependencies all met for <TaskInstance: tutorial.templated scheduled__2022-04-03T07:55:48.584493+00:00 [queued]>
[2022-04-03 07:56:50,977] {taskinstance.py:1243} INFO - 
--------------------------------------------------------------------------------
[2022-04-03 07:56:50,978] {taskinstance.py:1244} INFO - Starting attempt 1 of 2
[2022-04-03 07:56:50,978] {taskinstance.py:1245} INFO - 
--------------------------------------------------------------------------------
[2022-04-03 07:56:51,004] {taskinstance.py:1264} INFO - Executing <Task(BashOperator): templated> on 2022-04-03 07:55:48.584493+00:00
[2022-04-03 07:56:51,012] {standard_task_runner.py:52} INFO - Started process 5707 to run task
[2022-04-03 07:56:51,019] {standard_task_runner.py:76} INFO - Running: ['***', 'tasks', 'run', 'tutorial', 'templated', 'scheduled__2022-04-03T07:55:48.584493+00:00', '--job-id', '337', '--raw', '--subdir', 'DAGS_FOLDER/filebeat_dag.py', '--cfg-path', '/tmp/tmpleavu06z', '--error-file', '/tmp/tmp0_7s_vp3']
[2022-04-03 07:56:51,020] {standard_task_runner.py:77} INFO - Job 337: Subtask templated
[2022-04-03 07:56:51,148] {logging_mixin.py:109} INFO - Running <TaskInstance: tutorial.templated scheduled__2022-04-03T07:55:48.584493+00:00 [running]> on host 7_***_***-worker_1.netgroup
[2022-04-03 07:56:51,272] {taskinstance.py:1431} INFO - Exporting the following env vars:
AIRFLOW_CTX_DAG_EMAIL=***@example.com
AIRFLOW_CTX_DAG_OWNER=***
AIRFLOW_CTX_DAG_ID=tutorial
AIRFLOW_CTX_TASK_ID=templated
AIRFLOW_CTX_EXECUTION_DATE=2022-04-03T07:55:48.584493+00:00
AIRFLOW_CTX_DAG_RUN_ID=scheduled__2022-04-03T07:55:48.584493+00:00
[2022-04-03 07:56:51,274] {subprocess.py:62} INFO - Tmp dir root location: 
 /tmp
[2022-04-03 07:56:51,276] {subprocess.py:74} INFO - Running command: ['bash', '-c', '\n\n    echo "2022-04-03"\n    echo "2022-04-10"\n\n    echo "2022-04-03"\n    echo "2022-04-10"\n\n    echo "2022-04-03"\n    echo "2022-04-10"\n\n    echo "2022-04-03"\n    echo "2022-04-10"\n\n    echo "2022-04-03"\n    echo "2022-04-10"\n']
[2022-04-03 07:56:51,298] {subprocess.py:85} INFO - Output:
[2022-04-03 07:56:51,304] {subprocess.py:89} INFO - 2022-04-03
[2022-04-03 07:56:51,306] {subprocess.py:89} INFO - 2022-04-10
[2022-04-03 07:56:51,307] {subprocess.py:89} INFO - 2022-04-03
[2022-04-03 07:56:51,307] {subprocess.py:89} INFO - 2022-04-10
[2022-04-03 07:56:51,308] {subprocess.py:89} INFO - 2022-04-03
[2022-04-03 07:56:51,308] {subprocess.py:89} INFO - 2022-04-10
[2022-04-03 07:56:51,309] {subprocess.py:89} INFO - 2022-04-03
[2022-04-03 07:56:51,309] {subprocess.py:89} INFO - 2022-04-10
[2022-04-03 07:56:51,309] {subprocess.py:89} INFO - 2022-04-03
[2022-04-03 07:56:51,309] {subprocess.py:89} INFO - 2022-04-10
[2022-04-03 07:56:51,310] {subprocess.py:93} INFO - Command exited with return code 0
[2022-04-03 07:56:51,372] {taskinstance.py:1282} INFO - Marking task as SUCCESS. dag_id=tutorial, task_id=templated, execution_date=20220403T075548, start_date=20220403T075650, end_date=20220403T075651
[2022-04-03 07:56:51,438] {local_task_job.py:154} INFO - Task exited with return code 0
[2022-04-03 07:56:51,520] {local_task_job.py:264} INFO - 0 downstream tasks scheduled from follow-on schedule check
