[2022-04-03 10:57:54,787] {taskinstance.py:1037} INFO - Dependencies all met for <TaskInstance: tutorial.sleep scheduled__2022-04-03T10:56:52.909981+00:00 [queued]>
[2022-04-03 10:57:54,800] {taskinstance.py:1037} INFO - Dependencies all met for <TaskInstance: tutorial.sleep scheduled__2022-04-03T10:56:52.909981+00:00 [queued]>
[2022-04-03 10:57:54,800] {taskinstance.py:1243} INFO - 
--------------------------------------------------------------------------------
[2022-04-03 10:57:54,800] {taskinstance.py:1244} INFO - Starting attempt 1 of 4
[2022-04-03 10:57:54,800] {taskinstance.py:1245} INFO - 
--------------------------------------------------------------------------------
[2022-04-03 10:57:54,812] {taskinstance.py:1264} INFO - Executing <Task(BashOperator): sleep> on 2022-04-03 10:56:52.909981+00:00
[2022-04-03 10:57:54,817] {standard_task_runner.py:52} INFO - Started process 14876 to run task
[2022-04-03 10:57:54,821] {standard_task_runner.py:76} INFO - Running: ['***', 'tasks', 'run', 'tutorial', 'sleep', 'scheduled__2022-04-03T10:56:52.909981+00:00', '--job-id', '880', '--raw', '--subdir', 'DAGS_FOLDER/filebeat_dag.py', '--cfg-path', '/tmp/tmpnfklbuvu', '--error-file', '/tmp/tmp4io093n1']
[2022-04-03 10:57:54,822] {standard_task_runner.py:77} INFO - Job 880: Subtask sleep
[2022-04-03 10:57:54,891] {logging_mixin.py:109} INFO - Running <TaskInstance: tutorial.sleep scheduled__2022-04-03T10:56:52.909981+00:00 [running]> on host 7_***_***-worker_1.netgroup
[2022-04-03 10:57:54,972] {taskinstance.py:1431} INFO - Exporting the following env vars:
AIRFLOW_CTX_DAG_EMAIL=***@example.com
AIRFLOW_CTX_DAG_OWNER=***
AIRFLOW_CTX_DAG_ID=tutorial
AIRFLOW_CTX_TASK_ID=sleep
AIRFLOW_CTX_EXECUTION_DATE=2022-04-03T10:56:52.909981+00:00
AIRFLOW_CTX_DAG_RUN_ID=scheduled__2022-04-03T10:56:52.909981+00:00
[2022-04-03 10:57:54,973] {subprocess.py:62} INFO - Tmp dir root location: 
 /tmp
[2022-04-03 10:57:54,974] {subprocess.py:74} INFO - Running command: ['bash', '-c', 'sleep 5']
[2022-04-03 10:57:54,985] {subprocess.py:85} INFO - Output:
[2022-04-03 10:57:59,993] {subprocess.py:93} INFO - Command exited with return code 0
[2022-04-03 10:58:00,034] {taskinstance.py:1282} INFO - Marking task as SUCCESS. dag_id=tutorial, task_id=sleep, execution_date=20220403T105652, start_date=20220403T105754, end_date=20220403T105800
[2022-04-03 10:58:00,075] {local_task_job.py:154} INFO - Task exited with return code 0
[2022-04-03 10:58:00,137] {local_task_job.py:264} INFO - 0 downstream tasks scheduled from follow-on schedule check
