[2022-04-03 10:52:55,300] {taskinstance.py:1037} INFO - Dependencies all met for <TaskInstance: tutorial.sleep scheduled__2022-04-03T10:51:52.909981+00:00 [queued]>
[2022-04-03 10:52:55,314] {taskinstance.py:1037} INFO - Dependencies all met for <TaskInstance: tutorial.sleep scheduled__2022-04-03T10:51:52.909981+00:00 [queued]>
[2022-04-03 10:52:55,315] {taskinstance.py:1243} INFO - 
--------------------------------------------------------------------------------
[2022-04-03 10:52:55,315] {taskinstance.py:1244} INFO - Starting attempt 1 of 4
[2022-04-03 10:52:55,315] {taskinstance.py:1245} INFO - 
--------------------------------------------------------------------------------
[2022-04-03 10:52:55,328] {taskinstance.py:1264} INFO - Executing <Task(BashOperator): sleep> on 2022-04-03 10:51:52.909981+00:00
[2022-04-03 10:52:55,332] {standard_task_runner.py:52} INFO - Started process 14622 to run task
[2022-04-03 10:52:55,336] {standard_task_runner.py:76} INFO - Running: ['***', 'tasks', 'run', 'tutorial', 'sleep', 'scheduled__2022-04-03T10:51:52.909981+00:00', '--job-id', '865', '--raw', '--subdir', 'DAGS_FOLDER/filebeat_dag.py', '--cfg-path', '/tmp/tmped9_y6hz', '--error-file', '/tmp/tmp0iq650u6']
[2022-04-03 10:52:55,337] {standard_task_runner.py:77} INFO - Job 865: Subtask sleep
[2022-04-03 10:52:55,408] {logging_mixin.py:109} INFO - Running <TaskInstance: tutorial.sleep scheduled__2022-04-03T10:51:52.909981+00:00 [running]> on host 7_***_***-worker_1.netgroup
[2022-04-03 10:52:55,482] {taskinstance.py:1431} INFO - Exporting the following env vars:
AIRFLOW_CTX_DAG_EMAIL=***@example.com
AIRFLOW_CTX_DAG_OWNER=***
AIRFLOW_CTX_DAG_ID=tutorial
AIRFLOW_CTX_TASK_ID=sleep
AIRFLOW_CTX_EXECUTION_DATE=2022-04-03T10:51:52.909981+00:00
AIRFLOW_CTX_DAG_RUN_ID=scheduled__2022-04-03T10:51:52.909981+00:00
[2022-04-03 10:52:55,483] {subprocess.py:62} INFO - Tmp dir root location: 
 /tmp
[2022-04-03 10:52:55,484] {subprocess.py:74} INFO - Running command: ['bash', '-c', 'sleep 5']
[2022-04-03 10:52:55,494] {subprocess.py:85} INFO - Output:
[2022-04-03 10:53:00,501] {subprocess.py:93} INFO - Command exited with return code 0
[2022-04-03 10:53:00,540] {taskinstance.py:1282} INFO - Marking task as SUCCESS. dag_id=tutorial, task_id=sleep, execution_date=20220403T105152, start_date=20220403T105255, end_date=20220403T105300
[2022-04-03 10:53:00,598] {local_task_job.py:154} INFO - Task exited with return code 0
[2022-04-03 10:53:00,636] {local_task_job.py:264} INFO - 0 downstream tasks scheduled from follow-on schedule check
