[2022-04-03 06:37:48,829] {taskinstance.py:1037} INFO - Dependencies all met for <TaskInstance: tutorial.sleep scheduled__2022-04-03T06:36:46.355937+00:00 [queued]>
[2022-04-03 06:37:48,849] {taskinstance.py:1037} INFO - Dependencies all met for <TaskInstance: tutorial.sleep scheduled__2022-04-03T06:36:46.355937+00:00 [queued]>
[2022-04-03 06:37:48,849] {taskinstance.py:1243} INFO - 
--------------------------------------------------------------------------------
[2022-04-03 06:37:48,850] {taskinstance.py:1244} INFO - Starting attempt 1 of 4
[2022-04-03 06:37:48,850] {taskinstance.py:1245} INFO - 
--------------------------------------------------------------------------------
[2022-04-03 06:37:48,875] {taskinstance.py:1264} INFO - Executing <Task(BashOperator): sleep> on 2022-04-03 06:36:46.355937+00:00
[2022-04-03 06:37:48,884] {standard_task_runner.py:52} INFO - Started process 1924 to run task
[2022-04-03 06:37:48,893] {standard_task_runner.py:76} INFO - Running: ['***', 'tasks', 'run', 'tutorial', 'sleep', 'scheduled__2022-04-03T06:36:46.355937+00:00', '--job-id', '101', '--raw', '--subdir', 'DAGS_FOLDER/filebeat_dag.py', '--cfg-path', '/tmp/tmpeo92fqjh', '--error-file', '/tmp/tmpfpy0swku']
[2022-04-03 06:37:48,893] {standard_task_runner.py:77} INFO - Job 101: Subtask sleep
[2022-04-03 06:37:48,998] {logging_mixin.py:109} INFO - Running <TaskInstance: tutorial.sleep scheduled__2022-04-03T06:36:46.355937+00:00 [running]> on host 7_***_***-worker_1.netgroup
[2022-04-03 06:37:49,116] {taskinstance.py:1431} INFO - Exporting the following env vars:
AIRFLOW_CTX_DAG_EMAIL=***@example.com
AIRFLOW_CTX_DAG_OWNER=***
AIRFLOW_CTX_DAG_ID=tutorial
AIRFLOW_CTX_TASK_ID=sleep
AIRFLOW_CTX_EXECUTION_DATE=2022-04-03T06:36:46.355937+00:00
AIRFLOW_CTX_DAG_RUN_ID=scheduled__2022-04-03T06:36:46.355937+00:00
[2022-04-03 06:37:49,117] {subprocess.py:62} INFO - Tmp dir root location: 
 /tmp
[2022-04-03 06:37:49,118] {subprocess.py:74} INFO - Running command: ['bash', '-c', 'sleep 5']
[2022-04-03 06:37:49,146] {subprocess.py:85} INFO - Output:
[2022-04-03 06:37:54,158] {subprocess.py:93} INFO - Command exited with return code 0
[2022-04-03 06:37:54,235] {taskinstance.py:1282} INFO - Marking task as SUCCESS. dag_id=tutorial, task_id=sleep, execution_date=20220403T063646, start_date=20220403T063748, end_date=20220403T063754
[2022-04-03 06:37:54,308] {local_task_job.py:154} INFO - Task exited with return code 0
[2022-04-03 06:37:54,421] {local_task_job.py:264} INFO - 0 downstream tasks scheduled from follow-on schedule check
