[2022-04-03 06:15:27,895] {taskinstance.py:1037} INFO - Dependencies all met for <TaskInstance: tutorial.print_date scheduled__2022-04-02T06:15:11.374572+00:00 [queued]>
[2022-04-03 06:15:27,908] {taskinstance.py:1037} INFO - Dependencies all met for <TaskInstance: tutorial.print_date scheduled__2022-04-02T06:15:11.374572+00:00 [queued]>
[2022-04-03 06:15:27,908] {taskinstance.py:1243} INFO - 
--------------------------------------------------------------------------------
[2022-04-03 06:15:27,909] {taskinstance.py:1244} INFO - Starting attempt 1 of 2
[2022-04-03 06:15:27,909] {taskinstance.py:1245} INFO - 
--------------------------------------------------------------------------------
[2022-04-03 06:15:27,928] {taskinstance.py:1264} INFO - Executing <Task(BashOperator): print_date> on 2022-04-02 06:15:11.374572+00:00
[2022-04-03 06:15:27,933] {standard_task_runner.py:52} INFO - Started process 854 to run task
[2022-04-03 06:15:27,937] {standard_task_runner.py:76} INFO - Running: ['***', 'tasks', 'run', 'tutorial', 'print_date', 'scheduled__2022-04-02T06:15:11.374572+00:00', '--job-id', '30', '--raw', '--subdir', 'DAGS_FOLDER/filebeat_dag.py', '--cfg-path', '/tmp/tmpe10tu3zs', '--error-file', '/tmp/tmptbgtcuza']
[2022-04-03 06:15:27,938] {standard_task_runner.py:77} INFO - Job 30: Subtask print_date
[2022-04-03 06:15:28,029] {logging_mixin.py:109} INFO - Running <TaskInstance: tutorial.print_date scheduled__2022-04-02T06:15:11.374572+00:00 [running]> on host 7_***_***-worker_1.netgroup
[2022-04-03 06:15:28,142] {taskinstance.py:1431} INFO - Exporting the following env vars:
AIRFLOW_CTX_DAG_EMAIL=***@example.com
AIRFLOW_CTX_DAG_OWNER=***
AIRFLOW_CTX_DAG_ID=tutorial
AIRFLOW_CTX_TASK_ID=print_date
AIRFLOW_CTX_EXECUTION_DATE=2022-04-02T06:15:11.374572+00:00
AIRFLOW_CTX_DAG_RUN_ID=scheduled__2022-04-02T06:15:11.374572+00:00
[2022-04-03 06:15:28,143] {subprocess.py:62} INFO - Tmp dir root location: 
 /tmp
[2022-04-03 06:15:28,144] {subprocess.py:74} INFO - Running command: ['bash', '-c', 'date']
[2022-04-03 06:15:28,166] {subprocess.py:85} INFO - Output:
[2022-04-03 06:15:28,193] {subprocess.py:89} INFO - Sun Apr  3 06:15:28 UTC 2022
[2022-04-03 06:15:28,193] {subprocess.py:93} INFO - Command exited with return code 0
[2022-04-03 06:15:28,229] {taskinstance.py:1282} INFO - Marking task as SUCCESS. dag_id=tutorial, task_id=print_date, execution_date=20220402T061511, start_date=20220403T061527, end_date=20220403T061528
[2022-04-03 06:15:28,271] {local_task_job.py:154} INFO - Task exited with return code 0
[2022-04-03 06:15:28,326] {local_task_job.py:264} INFO - 2 downstream tasks scheduled from follow-on schedule check
