[2022-04-03 07:17:48,685] {taskinstance.py:1037} INFO - Dependencies all met for <TaskInstance: tutorial.sleep scheduled__2022-04-03T07:16:46.355937+00:00 [queued]>
[2022-04-03 07:17:48,701] {taskinstance.py:1037} INFO - Dependencies all met for <TaskInstance: tutorial.sleep scheduled__2022-04-03T07:16:46.355937+00:00 [queued]>
[2022-04-03 07:17:48,701] {taskinstance.py:1243} INFO - 
--------------------------------------------------------------------------------
[2022-04-03 07:17:48,702] {taskinstance.py:1244} INFO - Starting attempt 1 of 4
[2022-04-03 07:17:48,702] {taskinstance.py:1245} INFO - 
--------------------------------------------------------------------------------
[2022-04-03 07:17:48,722] {taskinstance.py:1264} INFO - Executing <Task(BashOperator): sleep> on 2022-04-03 07:16:46.355937+00:00
[2022-04-03 07:17:48,727] {standard_task_runner.py:52} INFO - Started process 3802 to run task
[2022-04-03 07:17:48,732] {standard_task_runner.py:76} INFO - Running: ['***', 'tasks', 'run', 'tutorial', 'sleep', 'scheduled__2022-04-03T07:16:46.355937+00:00', '--job-id', '221', '--raw', '--subdir', 'DAGS_FOLDER/filebeat_dag.py', '--cfg-path', '/tmp/tmp9oncjdv1', '--error-file', '/tmp/tmp3yotafhz']
[2022-04-03 07:17:48,733] {standard_task_runner.py:77} INFO - Job 221: Subtask sleep
[2022-04-03 07:17:48,826] {logging_mixin.py:109} INFO - Running <TaskInstance: tutorial.sleep scheduled__2022-04-03T07:16:46.355937+00:00 [running]> on host 7_***_***-worker_1.netgroup
[2022-04-03 07:17:48,930] {taskinstance.py:1431} INFO - Exporting the following env vars:
AIRFLOW_CTX_DAG_EMAIL=***@example.com
AIRFLOW_CTX_DAG_OWNER=***
AIRFLOW_CTX_DAG_ID=tutorial
AIRFLOW_CTX_TASK_ID=sleep
AIRFLOW_CTX_EXECUTION_DATE=2022-04-03T07:16:46.355937+00:00
AIRFLOW_CTX_DAG_RUN_ID=scheduled__2022-04-03T07:16:46.355937+00:00
[2022-04-03 07:17:48,931] {subprocess.py:62} INFO - Tmp dir root location: 
 /tmp
[2022-04-03 07:17:48,932] {subprocess.py:74} INFO - Running command: ['bash', '-c', 'sleep 5']
[2022-04-03 07:17:48,948] {subprocess.py:85} INFO - Output:
[2022-04-03 07:17:53,959] {subprocess.py:93} INFO - Command exited with return code 0
[2022-04-03 07:17:53,998] {taskinstance.py:1282} INFO - Marking task as SUCCESS. dag_id=tutorial, task_id=sleep, execution_date=20220403T071646, start_date=20220403T071748, end_date=20220403T071753
[2022-04-03 07:17:54,055] {local_task_job.py:154} INFO - Task exited with return code 0
[2022-04-03 07:17:54,106] {local_task_job.py:264} INFO - 0 downstream tasks scheduled from follow-on schedule check
