[2022-04-03 07:43:51,093] {taskinstance.py:1037} INFO - Dependencies all met for <TaskInstance: tutorial.templated scheduled__2022-04-03T07:42:48.584493+00:00 [queued]>
[2022-04-03 07:43:51,117] {taskinstance.py:1037} INFO - Dependencies all met for <TaskInstance: tutorial.templated scheduled__2022-04-03T07:42:48.584493+00:00 [queued]>
[2022-04-03 07:43:51,118] {taskinstance.py:1243} INFO - 
--------------------------------------------------------------------------------
[2022-04-03 07:43:51,119] {taskinstance.py:1244} INFO - Starting attempt 1 of 2
[2022-04-03 07:43:51,119] {taskinstance.py:1245} INFO - 
--------------------------------------------------------------------------------
[2022-04-03 07:43:51,150] {taskinstance.py:1264} INFO - Executing <Task(BashOperator): templated> on 2022-04-03 07:42:48.584493+00:00
[2022-04-03 07:43:51,164] {standard_task_runner.py:52} INFO - Started process 5083 to run task
[2022-04-03 07:43:51,170] {standard_task_runner.py:76} INFO - Running: ['***', 'tasks', 'run', 'tutorial', 'templated', 'scheduled__2022-04-03T07:42:48.584493+00:00', '--job-id', '299', '--raw', '--subdir', 'DAGS_FOLDER/filebeat_dag.py', '--cfg-path', '/tmp/tmphyz0iap6', '--error-file', '/tmp/tmpoejsn46k']
[2022-04-03 07:43:51,171] {standard_task_runner.py:77} INFO - Job 299: Subtask templated
[2022-04-03 07:43:51,345] {logging_mixin.py:109} INFO - Running <TaskInstance: tutorial.templated scheduled__2022-04-03T07:42:48.584493+00:00 [running]> on host 7_***_***-worker_1.netgroup
[2022-04-03 07:43:51,495] {taskinstance.py:1431} INFO - Exporting the following env vars:
AIRFLOW_CTX_DAG_EMAIL=***@example.com
AIRFLOW_CTX_DAG_OWNER=***
AIRFLOW_CTX_DAG_ID=tutorial
AIRFLOW_CTX_TASK_ID=templated
AIRFLOW_CTX_EXECUTION_DATE=2022-04-03T07:42:48.584493+00:00
AIRFLOW_CTX_DAG_RUN_ID=scheduled__2022-04-03T07:42:48.584493+00:00
[2022-04-03 07:43:51,497] {subprocess.py:62} INFO - Tmp dir root location: 
 /tmp
[2022-04-03 07:43:51,498] {subprocess.py:74} INFO - Running command: ['bash', '-c', '\n\n    echo "2022-04-03"\n    echo "2022-04-10"\n\n    echo "2022-04-03"\n    echo "2022-04-10"\n\n    echo "2022-04-03"\n    echo "2022-04-10"\n\n    echo "2022-04-03"\n    echo "2022-04-10"\n\n    echo "2022-04-03"\n    echo "2022-04-10"\n']
[2022-04-03 07:43:51,517] {subprocess.py:85} INFO - Output:
[2022-04-03 07:43:51,522] {subprocess.py:89} INFO - 2022-04-03
[2022-04-03 07:43:51,523] {subprocess.py:89} INFO - 2022-04-10
[2022-04-03 07:43:51,523] {subprocess.py:89} INFO - 2022-04-03
[2022-04-03 07:43:51,523] {subprocess.py:89} INFO - 2022-04-10
[2022-04-03 07:43:51,523] {subprocess.py:89} INFO - 2022-04-03
[2022-04-03 07:43:51,523] {subprocess.py:89} INFO - 2022-04-10
[2022-04-03 07:43:51,524] {subprocess.py:89} INFO - 2022-04-03
[2022-04-03 07:43:51,524] {subprocess.py:89} INFO - 2022-04-10
[2022-04-03 07:43:51,524] {subprocess.py:89} INFO - 2022-04-03
[2022-04-03 07:43:51,525] {subprocess.py:89} INFO - 2022-04-10
[2022-04-03 07:43:51,526] {subprocess.py:93} INFO - Command exited with return code 0
[2022-04-03 07:43:51,563] {taskinstance.py:1282} INFO - Marking task as SUCCESS. dag_id=tutorial, task_id=templated, execution_date=20220403T074248, start_date=20220403T074351, end_date=20220403T074351
[2022-04-03 07:43:51,607] {local_task_job.py:154} INFO - Task exited with return code 0
[2022-04-03 07:43:51,649] {local_task_job.py:264} INFO - 0 downstream tasks scheduled from follow-on schedule check
