[2022-04-03 12:16:56,566] {taskinstance.py:1037} INFO - Dependencies all met for <TaskInstance: tutorial.templated scheduled__2022-04-03T12:15:54.809003+00:00 [queued]>
[2022-04-03 12:16:56,583] {taskinstance.py:1037} INFO - Dependencies all met for <TaskInstance: tutorial.templated scheduled__2022-04-03T12:15:54.809003+00:00 [queued]>
[2022-04-03 12:16:56,583] {taskinstance.py:1243} INFO - 
--------------------------------------------------------------------------------
[2022-04-03 12:16:56,583] {taskinstance.py:1244} INFO - Starting attempt 1 of 2
[2022-04-03 12:16:56,584] {taskinstance.py:1245} INFO - 
--------------------------------------------------------------------------------
[2022-04-03 12:16:56,603] {taskinstance.py:1264} INFO - Executing <Task(BashOperator): templated> on 2022-04-03 12:15:54.809003+00:00
[2022-04-03 12:16:56,609] {standard_task_runner.py:52} INFO - Started process 18938 to run task
[2022-04-03 12:16:56,614] {standard_task_runner.py:76} INFO - Running: ['***', 'tasks', 'run', 'tutorial', 'templated', 'scheduled__2022-04-03T12:15:54.809003+00:00', '--job-id', '1118', '--raw', '--subdir', 'DAGS_FOLDER/filebeat_dag.py', '--cfg-path', '/tmp/tmp6wfmbm_z', '--error-file', '/tmp/tmplejyzbtu']
[2022-04-03 12:16:56,615] {standard_task_runner.py:77} INFO - Job 1118: Subtask templated
[2022-04-03 12:16:56,769] {logging_mixin.py:109} INFO - Running <TaskInstance: tutorial.templated scheduled__2022-04-03T12:15:54.809003+00:00 [running]> on host 7_***_***-worker_1.netgroup
[2022-04-03 12:16:56,856] {taskinstance.py:1431} INFO - Exporting the following env vars:
AIRFLOW_CTX_DAG_EMAIL=***@example.com
AIRFLOW_CTX_DAG_OWNER=***
AIRFLOW_CTX_DAG_ID=tutorial
AIRFLOW_CTX_TASK_ID=templated
AIRFLOW_CTX_EXECUTION_DATE=2022-04-03T12:15:54.809003+00:00
AIRFLOW_CTX_DAG_RUN_ID=scheduled__2022-04-03T12:15:54.809003+00:00
[2022-04-03 12:16:56,857] {subprocess.py:62} INFO - Tmp dir root location: 
 /tmp
[2022-04-03 12:16:56,857] {subprocess.py:74} INFO - Running command: ['bash', '-c', '\n\n    echo "2022-04-03"\n    echo "2022-04-10"\n\n    echo "2022-04-03"\n    echo "2022-04-10"\n\n    echo "2022-04-03"\n    echo "2022-04-10"\n\n    echo "2022-04-03"\n    echo "2022-04-10"\n\n    echo "2022-04-03"\n    echo "2022-04-10"\n']
[2022-04-03 12:16:56,869] {subprocess.py:85} INFO - Output:
[2022-04-03 12:16:56,872] {subprocess.py:89} INFO - 2022-04-03
[2022-04-03 12:16:56,873] {subprocess.py:89} INFO - 2022-04-10
[2022-04-03 12:16:56,873] {subprocess.py:89} INFO - 2022-04-03
[2022-04-03 12:16:56,873] {subprocess.py:89} INFO - 2022-04-10
[2022-04-03 12:16:56,873] {subprocess.py:89} INFO - 2022-04-03
[2022-04-03 12:16:56,873] {subprocess.py:89} INFO - 2022-04-10
[2022-04-03 12:16:56,873] {subprocess.py:89} INFO - 2022-04-03
[2022-04-03 12:16:56,873] {subprocess.py:89} INFO - 2022-04-10
[2022-04-03 12:16:56,873] {subprocess.py:89} INFO - 2022-04-03
[2022-04-03 12:16:56,874] {subprocess.py:89} INFO - 2022-04-10
[2022-04-03 12:16:56,874] {subprocess.py:93} INFO - Command exited with return code 0
[2022-04-03 12:16:56,905] {taskinstance.py:1282} INFO - Marking task as SUCCESS. dag_id=tutorial, task_id=templated, execution_date=20220403T121554, start_date=20220403T121656, end_date=20220403T121656
[2022-04-03 12:16:56,935] {local_task_job.py:154} INFO - Task exited with return code 0
[2022-04-03 12:16:56,975] {local_task_job.py:264} INFO - 0 downstream tasks scheduled from follow-on schedule check
