[2022-04-03 11:36:53,998] {taskinstance.py:1037} INFO - Dependencies all met for <TaskInstance: tutorial.print_date scheduled__2022-04-03T11:35:52.909981+00:00 [queued]>
[2022-04-03 11:36:54,017] {taskinstance.py:1037} INFO - Dependencies all met for <TaskInstance: tutorial.print_date scheduled__2022-04-03T11:35:52.909981+00:00 [queued]>
[2022-04-03 11:36:54,017] {taskinstance.py:1243} INFO - 
--------------------------------------------------------------------------------
[2022-04-03 11:36:54,017] {taskinstance.py:1244} INFO - Starting attempt 1 of 2
[2022-04-03 11:36:54,017] {taskinstance.py:1245} INFO - 
--------------------------------------------------------------------------------
[2022-04-03 11:36:54,029] {taskinstance.py:1264} INFO - Executing <Task(BashOperator): print_date> on 2022-04-03 11:35:52.909981+00:00
[2022-04-03 11:36:54,034] {standard_task_runner.py:52} INFO - Started process 16875 to run task
[2022-04-03 11:36:54,039] {standard_task_runner.py:76} INFO - Running: ['***', 'tasks', 'run', 'tutorial', 'print_date', 'scheduled__2022-04-03T11:35:52.909981+00:00', '--job-id', '996', '--raw', '--subdir', 'DAGS_FOLDER/filebeat_dag.py', '--cfg-path', '/tmp/tmp8usgn4ve', '--error-file', '/tmp/tmpy4xpifwi']
[2022-04-03 11:36:54,039] {standard_task_runner.py:77} INFO - Job 996: Subtask print_date
[2022-04-03 11:36:54,109] {logging_mixin.py:109} INFO - Running <TaskInstance: tutorial.print_date scheduled__2022-04-03T11:35:52.909981+00:00 [running]> on host 7_***_***-worker_1.netgroup
[2022-04-03 11:36:54,182] {taskinstance.py:1431} INFO - Exporting the following env vars:
AIRFLOW_CTX_DAG_EMAIL=***@example.com
AIRFLOW_CTX_DAG_OWNER=***
AIRFLOW_CTX_DAG_ID=tutorial
AIRFLOW_CTX_TASK_ID=print_date
AIRFLOW_CTX_EXECUTION_DATE=2022-04-03T11:35:52.909981+00:00
AIRFLOW_CTX_DAG_RUN_ID=scheduled__2022-04-03T11:35:52.909981+00:00
[2022-04-03 11:36:54,184] {subprocess.py:62} INFO - Tmp dir root location: 
 /tmp
[2022-04-03 11:36:54,184] {subprocess.py:74} INFO - Running command: ['bash', '-c', 'date']
[2022-04-03 11:36:54,194] {subprocess.py:85} INFO - Output:
[2022-04-03 11:36:54,201] {subprocess.py:89} INFO - Sun Apr  3 11:36:54 UTC 2022
[2022-04-03 11:36:54,202] {subprocess.py:93} INFO - Command exited with return code 0
[2022-04-03 11:36:54,238] {taskinstance.py:1282} INFO - Marking task as SUCCESS. dag_id=tutorial, task_id=print_date, execution_date=20220403T113552, start_date=20220403T113653, end_date=20220403T113654
[2022-04-03 11:36:54,292] {local_task_job.py:154} INFO - Task exited with return code 0
[2022-04-03 11:36:54,340] {local_task_job.py:264} INFO - 2 downstream tasks scheduled from follow-on schedule check
