[2022-04-03 07:39:49,905] {taskinstance.py:1037} INFO - Dependencies all met for <TaskInstance: tutorial.print_date scheduled__2022-04-03T07:38:48.584493+00:00 [queued]>
[2022-04-03 07:39:49,930] {taskinstance.py:1037} INFO - Dependencies all met for <TaskInstance: tutorial.print_date scheduled__2022-04-03T07:38:48.584493+00:00 [queued]>
[2022-04-03 07:39:49,931] {taskinstance.py:1243} INFO - 
--------------------------------------------------------------------------------
[2022-04-03 07:39:49,931] {taskinstance.py:1244} INFO - Starting attempt 1 of 2
[2022-04-03 07:39:49,931] {taskinstance.py:1245} INFO - 
--------------------------------------------------------------------------------
[2022-04-03 07:39:49,966] {taskinstance.py:1264} INFO - Executing <Task(BashOperator): print_date> on 2022-04-03 07:38:48.584493+00:00
[2022-04-03 07:39:49,975] {standard_task_runner.py:52} INFO - Started process 4889 to run task
[2022-04-03 07:39:49,987] {standard_task_runner.py:76} INFO - Running: ['***', 'tasks', 'run', 'tutorial', 'print_date', 'scheduled__2022-04-03T07:38:48.584493+00:00', '--job-id', '285', '--raw', '--subdir', 'DAGS_FOLDER/filebeat_dag.py', '--cfg-path', '/tmp/tmp3d_hx0yd', '--error-file', '/tmp/tmpnr23by0s']
[2022-04-03 07:39:49,989] {standard_task_runner.py:77} INFO - Job 285: Subtask print_date
[2022-04-03 07:39:50,193] {logging_mixin.py:109} INFO - Running <TaskInstance: tutorial.print_date scheduled__2022-04-03T07:38:48.584493+00:00 [running]> on host 7_***_***-worker_1.netgroup
[2022-04-03 07:39:50,327] {taskinstance.py:1431} INFO - Exporting the following env vars:
AIRFLOW_CTX_DAG_EMAIL=***@example.com
AIRFLOW_CTX_DAG_OWNER=***
AIRFLOW_CTX_DAG_ID=tutorial
AIRFLOW_CTX_TASK_ID=print_date
AIRFLOW_CTX_EXECUTION_DATE=2022-04-03T07:38:48.584493+00:00
AIRFLOW_CTX_DAG_RUN_ID=scheduled__2022-04-03T07:38:48.584493+00:00
[2022-04-03 07:39:50,332] {subprocess.py:62} INFO - Tmp dir root location: 
 /tmp
[2022-04-03 07:39:50,333] {subprocess.py:74} INFO - Running command: ['bash', '-c', 'date']
[2022-04-03 07:39:50,352] {subprocess.py:85} INFO - Output:
[2022-04-03 07:39:50,362] {subprocess.py:89} INFO - Sun Apr  3 07:39:50 UTC 2022
[2022-04-03 07:39:50,362] {subprocess.py:93} INFO - Command exited with return code 0
[2022-04-03 07:39:50,413] {taskinstance.py:1282} INFO - Marking task as SUCCESS. dag_id=tutorial, task_id=print_date, execution_date=20220403T073848, start_date=20220403T073949, end_date=20220403T073950
[2022-04-03 07:39:50,469] {local_task_job.py:154} INFO - Task exited with return code 0
[2022-04-03 07:39:50,522] {local_task_job.py:264} INFO - 2 downstream tasks scheduled from follow-on schedule check
