[2022-04-03 11:57:54,544] {taskinstance.py:1037} INFO - Dependencies all met for <TaskInstance: tutorial.sleep scheduled__2022-04-03T11:56:52.909981+00:00 [queued]>
[2022-04-03 11:57:54,556] {taskinstance.py:1037} INFO - Dependencies all met for <TaskInstance: tutorial.sleep scheduled__2022-04-03T11:56:52.909981+00:00 [queued]>
[2022-04-03 11:57:54,556] {taskinstance.py:1243} INFO - 
--------------------------------------------------------------------------------
[2022-04-03 11:57:54,557] {taskinstance.py:1244} INFO - Starting attempt 1 of 4
[2022-04-03 11:57:54,557] {taskinstance.py:1245} INFO - 
--------------------------------------------------------------------------------
[2022-04-03 11:57:54,568] {taskinstance.py:1264} INFO - Executing <Task(BashOperator): sleep> on 2022-04-03 11:56:52.909981+00:00
[2022-04-03 11:57:54,573] {standard_task_runner.py:52} INFO - Started process 17957 to run task
[2022-04-03 11:57:54,576] {standard_task_runner.py:76} INFO - Running: ['***', 'tasks', 'run', 'tutorial', 'sleep', 'scheduled__2022-04-03T11:56:52.909981+00:00', '--job-id', '1061', '--raw', '--subdir', 'DAGS_FOLDER/filebeat_dag.py', '--cfg-path', '/tmp/tmp4snrmo0v', '--error-file', '/tmp/tmp7vsoqlmg']
[2022-04-03 11:57:54,577] {standard_task_runner.py:77} INFO - Job 1061: Subtask sleep
[2022-04-03 11:57:54,642] {logging_mixin.py:109} INFO - Running <TaskInstance: tutorial.sleep scheduled__2022-04-03T11:56:52.909981+00:00 [running]> on host 7_***_***-worker_1.netgroup
[2022-04-03 11:57:54,711] {taskinstance.py:1431} INFO - Exporting the following env vars:
AIRFLOW_CTX_DAG_EMAIL=***@example.com
AIRFLOW_CTX_DAG_OWNER=***
AIRFLOW_CTX_DAG_ID=tutorial
AIRFLOW_CTX_TASK_ID=sleep
AIRFLOW_CTX_EXECUTION_DATE=2022-04-03T11:56:52.909981+00:00
AIRFLOW_CTX_DAG_RUN_ID=scheduled__2022-04-03T11:56:52.909981+00:00
[2022-04-03 11:57:54,712] {subprocess.py:62} INFO - Tmp dir root location: 
 /tmp
[2022-04-03 11:57:54,713] {subprocess.py:74} INFO - Running command: ['bash', '-c', 'sleep 5']
[2022-04-03 11:57:54,723] {subprocess.py:85} INFO - Output:
[2022-04-03 11:57:59,730] {subprocess.py:93} INFO - Command exited with return code 0
[2022-04-03 11:57:59,769] {taskinstance.py:1282} INFO - Marking task as SUCCESS. dag_id=tutorial, task_id=sleep, execution_date=20220403T115652, start_date=20220403T115754, end_date=20220403T115759
[2022-04-03 11:57:59,834] {local_task_job.py:154} INFO - Task exited with return code 0
[2022-04-03 11:57:59,868] {local_task_job.py:264} INFO - 0 downstream tasks scheduled from follow-on schedule check
