[2022-04-03 07:34:50,583] {taskinstance.py:1037} INFO - Dependencies all met for <TaskInstance: tutorial.sleep scheduled__2022-04-03T07:33:48.584493+00:00 [queued]>
[2022-04-03 07:34:50,602] {taskinstance.py:1037} INFO - Dependencies all met for <TaskInstance: tutorial.sleep scheduled__2022-04-03T07:33:48.584493+00:00 [queued]>
[2022-04-03 07:34:50,603] {taskinstance.py:1243} INFO - 
--------------------------------------------------------------------------------
[2022-04-03 07:34:50,603] {taskinstance.py:1244} INFO - Starting attempt 1 of 4
[2022-04-03 07:34:50,603] {taskinstance.py:1245} INFO - 
--------------------------------------------------------------------------------
[2022-04-03 07:34:50,621] {taskinstance.py:1264} INFO - Executing <Task(BashOperator): sleep> on 2022-04-03 07:33:48.584493+00:00
[2022-04-03 07:34:50,629] {standard_task_runner.py:52} INFO - Started process 4648 to run task
[2022-04-03 07:34:50,635] {standard_task_runner.py:76} INFO - Running: ['***', 'tasks', 'run', 'tutorial', 'sleep', 'scheduled__2022-04-03T07:33:48.584493+00:00', '--job-id', '271', '--raw', '--subdir', 'DAGS_FOLDER/filebeat_dag.py', '--cfg-path', '/tmp/tmp9pblfaqt', '--error-file', '/tmp/tmpr9klnhf8']
[2022-04-03 07:34:50,636] {standard_task_runner.py:77} INFO - Job 271: Subtask sleep
[2022-04-03 07:34:50,813] {logging_mixin.py:109} INFO - Running <TaskInstance: tutorial.sleep scheduled__2022-04-03T07:33:48.584493+00:00 [running]> on host 7_***_***-worker_1.netgroup
[2022-04-03 07:34:50,940] {taskinstance.py:1431} INFO - Exporting the following env vars:
AIRFLOW_CTX_DAG_EMAIL=***@example.com
AIRFLOW_CTX_DAG_OWNER=***
AIRFLOW_CTX_DAG_ID=tutorial
AIRFLOW_CTX_TASK_ID=sleep
AIRFLOW_CTX_EXECUTION_DATE=2022-04-03T07:33:48.584493+00:00
AIRFLOW_CTX_DAG_RUN_ID=scheduled__2022-04-03T07:33:48.584493+00:00
[2022-04-03 07:34:50,943] {subprocess.py:62} INFO - Tmp dir root location: 
 /tmp
[2022-04-03 07:34:50,944] {subprocess.py:74} INFO - Running command: ['bash', '-c', 'sleep 5']
[2022-04-03 07:34:50,961] {subprocess.py:85} INFO - Output:
[2022-04-03 07:34:55,971] {subprocess.py:93} INFO - Command exited with return code 0
[2022-04-03 07:34:56,016] {taskinstance.py:1282} INFO - Marking task as SUCCESS. dag_id=tutorial, task_id=sleep, execution_date=20220403T073348, start_date=20220403T073450, end_date=20220403T073456
[2022-04-03 07:34:56,078] {local_task_job.py:154} INFO - Task exited with return code 0
[2022-04-03 07:34:56,121] {local_task_job.py:264} INFO - 0 downstream tasks scheduled from follow-on schedule check
