[2022-04-03 06:33:49,688] {taskinstance.py:1037} INFO - Dependencies all met for <TaskInstance: tutorial.sleep scheduled__2022-04-03T06:32:46.355937+00:00 [queued]>
[2022-04-03 06:33:49,709] {taskinstance.py:1037} INFO - Dependencies all met for <TaskInstance: tutorial.sleep scheduled__2022-04-03T06:32:46.355937+00:00 [queued]>
[2022-04-03 06:33:49,710] {taskinstance.py:1243} INFO - 
--------------------------------------------------------------------------------
[2022-04-03 06:33:49,710] {taskinstance.py:1244} INFO - Starting attempt 1 of 4
[2022-04-03 06:33:49,711] {taskinstance.py:1245} INFO - 
--------------------------------------------------------------------------------
[2022-04-03 06:33:49,735] {taskinstance.py:1264} INFO - Executing <Task(BashOperator): sleep> on 2022-04-03 06:32:46.355937+00:00
[2022-04-03 06:33:49,751] {standard_task_runner.py:52} INFO - Started process 1736 to run task
[2022-04-03 06:33:49,758] {standard_task_runner.py:76} INFO - Running: ['***', 'tasks', 'run', 'tutorial', 'sleep', 'scheduled__2022-04-03T06:32:46.355937+00:00', '--job-id', '89', '--raw', '--subdir', 'DAGS_FOLDER/filebeat_dag.py', '--cfg-path', '/tmp/tmpyrz_ie8q', '--error-file', '/tmp/tmp0hj21hzg']
[2022-04-03 06:33:49,759] {standard_task_runner.py:77} INFO - Job 89: Subtask sleep
[2022-04-03 06:33:49,913] {logging_mixin.py:109} INFO - Running <TaskInstance: tutorial.sleep scheduled__2022-04-03T06:32:46.355937+00:00 [running]> on host 7_***_***-worker_1.netgroup
[2022-04-03 06:33:50,061] {taskinstance.py:1431} INFO - Exporting the following env vars:
AIRFLOW_CTX_DAG_EMAIL=***@example.com
AIRFLOW_CTX_DAG_OWNER=***
AIRFLOW_CTX_DAG_ID=tutorial
AIRFLOW_CTX_TASK_ID=sleep
AIRFLOW_CTX_EXECUTION_DATE=2022-04-03T06:32:46.355937+00:00
AIRFLOW_CTX_DAG_RUN_ID=scheduled__2022-04-03T06:32:46.355937+00:00
[2022-04-03 06:33:50,064] {subprocess.py:62} INFO - Tmp dir root location: 
 /tmp
[2022-04-03 06:33:50,066] {subprocess.py:74} INFO - Running command: ['bash', '-c', 'sleep 5']
[2022-04-03 06:33:50,094] {subprocess.py:85} INFO - Output:
[2022-04-03 06:33:55,105] {subprocess.py:93} INFO - Command exited with return code 0
[2022-04-03 06:33:55,157] {taskinstance.py:1282} INFO - Marking task as SUCCESS. dag_id=tutorial, task_id=sleep, execution_date=20220403T063246, start_date=20220403T063349, end_date=20220403T063355
[2022-04-03 06:33:55,222] {local_task_job.py:154} INFO - Task exited with return code 0
[2022-04-03 06:33:55,265] {local_task_job.py:264} INFO - 0 downstream tasks scheduled from follow-on schedule check
