[2022-04-03 08:24:49,839] {taskinstance.py:1037} INFO - Dependencies all met for <TaskInstance: tutorial.sleep scheduled__2022-04-03T08:23:48.584493+00:00 [queued]>
[2022-04-03 08:24:49,857] {taskinstance.py:1037} INFO - Dependencies all met for <TaskInstance: tutorial.sleep scheduled__2022-04-03T08:23:48.584493+00:00 [queued]>
[2022-04-03 08:24:49,857] {taskinstance.py:1243} INFO - 
--------------------------------------------------------------------------------
[2022-04-03 08:24:49,858] {taskinstance.py:1244} INFO - Starting attempt 1 of 4
[2022-04-03 08:24:49,858] {taskinstance.py:1245} INFO - 
--------------------------------------------------------------------------------
[2022-04-03 08:24:49,883] {taskinstance.py:1264} INFO - Executing <Task(BashOperator): sleep> on 2022-04-03 08:23:48.584493+00:00
[2022-04-03 08:24:49,892] {standard_task_runner.py:52} INFO - Started process 7046 to run task
[2022-04-03 08:24:49,895] {standard_task_runner.py:76} INFO - Running: ['***', 'tasks', 'run', 'tutorial', 'sleep', 'scheduled__2022-04-03T08:23:48.584493+00:00', '--job-id', '421', '--raw', '--subdir', 'DAGS_FOLDER/filebeat_dag.py', '--cfg-path', '/tmp/tmpgfo4dh7v', '--error-file', '/tmp/tmplmp_pu94']
[2022-04-03 08:24:49,896] {standard_task_runner.py:77} INFO - Job 421: Subtask sleep
[2022-04-03 08:24:50,062] {logging_mixin.py:109} INFO - Running <TaskInstance: tutorial.sleep scheduled__2022-04-03T08:23:48.584493+00:00 [running]> on host 7_***_***-worker_1.netgroup
[2022-04-03 08:24:50,215] {taskinstance.py:1431} INFO - Exporting the following env vars:
AIRFLOW_CTX_DAG_EMAIL=***@example.com
AIRFLOW_CTX_DAG_OWNER=***
AIRFLOW_CTX_DAG_ID=tutorial
AIRFLOW_CTX_TASK_ID=sleep
AIRFLOW_CTX_EXECUTION_DATE=2022-04-03T08:23:48.584493+00:00
AIRFLOW_CTX_DAG_RUN_ID=scheduled__2022-04-03T08:23:48.584493+00:00
[2022-04-03 08:24:50,216] {subprocess.py:62} INFO - Tmp dir root location: 
 /tmp
[2022-04-03 08:24:50,217] {subprocess.py:74} INFO - Running command: ['bash', '-c', 'sleep 5']
[2022-04-03 08:24:50,243] {subprocess.py:85} INFO - Output:
[2022-04-03 08:24:55,253] {subprocess.py:93} INFO - Command exited with return code 0
[2022-04-03 08:24:55,290] {taskinstance.py:1282} INFO - Marking task as SUCCESS. dag_id=tutorial, task_id=sleep, execution_date=20220403T082348, start_date=20220403T082449, end_date=20220403T082455
[2022-04-03 08:24:55,344] {local_task_job.py:154} INFO - Task exited with return code 0
[2022-04-03 08:24:55,402] {local_task_job.py:264} INFO - 0 downstream tasks scheduled from follow-on schedule check
