[2022-04-03 09:47:52,465] {taskinstance.py:1037} INFO - Dependencies all met for <TaskInstance: tutorial.sleep scheduled__2022-04-03T09:46:50.596585+00:00 [queued]>
[2022-04-03 09:47:52,478] {taskinstance.py:1037} INFO - Dependencies all met for <TaskInstance: tutorial.sleep scheduled__2022-04-03T09:46:50.596585+00:00 [queued]>
[2022-04-03 09:47:52,479] {taskinstance.py:1243} INFO - 
--------------------------------------------------------------------------------
[2022-04-03 09:47:52,479] {taskinstance.py:1244} INFO - Starting attempt 1 of 4
[2022-04-03 09:47:52,479] {taskinstance.py:1245} INFO - 
--------------------------------------------------------------------------------
[2022-04-03 09:47:52,491] {taskinstance.py:1264} INFO - Executing <Task(BashOperator): sleep> on 2022-04-03 09:46:50.596585+00:00
[2022-04-03 09:47:52,495] {standard_task_runner.py:52} INFO - Started process 11245 to run task
[2022-04-03 09:47:52,500] {standard_task_runner.py:76} INFO - Running: ['***', 'tasks', 'run', 'tutorial', 'sleep', 'scheduled__2022-04-03T09:46:50.596585+00:00', '--job-id', '670', '--raw', '--subdir', 'DAGS_FOLDER/filebeat_dag.py', '--cfg-path', '/tmp/tmpmp2pwe8n', '--error-file', '/tmp/tmprp08654y']
[2022-04-03 09:47:52,500] {standard_task_runner.py:77} INFO - Job 670: Subtask sleep
[2022-04-03 09:47:52,575] {logging_mixin.py:109} INFO - Running <TaskInstance: tutorial.sleep scheduled__2022-04-03T09:46:50.596585+00:00 [running]> on host 7_***_***-worker_1.netgroup
[2022-04-03 09:47:52,665] {taskinstance.py:1431} INFO - Exporting the following env vars:
AIRFLOW_CTX_DAG_EMAIL=***@example.com
AIRFLOW_CTX_DAG_OWNER=***
AIRFLOW_CTX_DAG_ID=tutorial
AIRFLOW_CTX_TASK_ID=sleep
AIRFLOW_CTX_EXECUTION_DATE=2022-04-03T09:46:50.596585+00:00
AIRFLOW_CTX_DAG_RUN_ID=scheduled__2022-04-03T09:46:50.596585+00:00
[2022-04-03 09:47:52,666] {subprocess.py:62} INFO - Tmp dir root location: 
 /tmp
[2022-04-03 09:47:52,667] {subprocess.py:74} INFO - Running command: ['bash', '-c', 'sleep 5']
[2022-04-03 09:47:52,679] {subprocess.py:85} INFO - Output:
[2022-04-03 09:47:57,686] {subprocess.py:93} INFO - Command exited with return code 0
[2022-04-03 09:47:57,723] {taskinstance.py:1282} INFO - Marking task as SUCCESS. dag_id=tutorial, task_id=sleep, execution_date=20220403T094650, start_date=20220403T094752, end_date=20220403T094757
[2022-04-03 09:47:57,756] {local_task_job.py:154} INFO - Task exited with return code 0
[2022-04-03 09:47:57,793] {local_task_job.py:264} INFO - 0 downstream tasks scheduled from follow-on schedule check
