[2022-04-03 09:37:50,993] {taskinstance.py:1037} INFO - Dependencies all met for <TaskInstance: tutorial.print_date scheduled__2022-04-03T09:36:50.596585+00:00 [queued]>
[2022-04-03 09:37:51,009] {taskinstance.py:1037} INFO - Dependencies all met for <TaskInstance: tutorial.print_date scheduled__2022-04-03T09:36:50.596585+00:00 [queued]>
[2022-04-03 09:37:51,009] {taskinstance.py:1243} INFO - 
--------------------------------------------------------------------------------
[2022-04-03 09:37:51,009] {taskinstance.py:1244} INFO - Starting attempt 1 of 2
[2022-04-03 09:37:51,009] {taskinstance.py:1245} INFO - 
--------------------------------------------------------------------------------
[2022-04-03 09:37:51,030] {taskinstance.py:1264} INFO - Executing <Task(BashOperator): print_date> on 2022-04-03 09:36:50.596585+00:00
[2022-04-03 09:37:51,037] {standard_task_runner.py:52} INFO - Started process 10718 to run task
[2022-04-03 09:37:51,044] {standard_task_runner.py:76} INFO - Running: ['***', 'tasks', 'run', 'tutorial', 'print_date', 'scheduled__2022-04-03T09:36:50.596585+00:00', '--job-id', '639', '--raw', '--subdir', 'DAGS_FOLDER/filebeat_dag.py', '--cfg-path', '/tmp/tmpd06bbp16', '--error-file', '/tmp/tmpruq7vmb7']
[2022-04-03 09:37:51,045] {standard_task_runner.py:77} INFO - Job 639: Subtask print_date
[2022-04-03 09:37:51,148] {logging_mixin.py:109} INFO - Running <TaskInstance: tutorial.print_date scheduled__2022-04-03T09:36:50.596585+00:00 [running]> on host 7_***_***-worker_1.netgroup
[2022-04-03 09:37:51,231] {taskinstance.py:1431} INFO - Exporting the following env vars:
AIRFLOW_CTX_DAG_EMAIL=***@example.com
AIRFLOW_CTX_DAG_OWNER=***
AIRFLOW_CTX_DAG_ID=tutorial
AIRFLOW_CTX_TASK_ID=print_date
AIRFLOW_CTX_EXECUTION_DATE=2022-04-03T09:36:50.596585+00:00
AIRFLOW_CTX_DAG_RUN_ID=scheduled__2022-04-03T09:36:50.596585+00:00
[2022-04-03 09:37:51,232] {subprocess.py:62} INFO - Tmp dir root location: 
 /tmp
[2022-04-03 09:37:51,233] {subprocess.py:74} INFO - Running command: ['bash', '-c', 'date']
[2022-04-03 09:37:51,246] {subprocess.py:85} INFO - Output:
[2022-04-03 09:37:51,253] {subprocess.py:89} INFO - Sun Apr  3 09:37:51 UTC 2022
[2022-04-03 09:37:51,254] {subprocess.py:93} INFO - Command exited with return code 0
[2022-04-03 09:37:51,289] {taskinstance.py:1282} INFO - Marking task as SUCCESS. dag_id=tutorial, task_id=print_date, execution_date=20220403T093650, start_date=20220403T093750, end_date=20220403T093751
[2022-04-03 09:37:51,337] {local_task_job.py:154} INFO - Task exited with return code 0
[2022-04-03 09:37:51,381] {local_task_job.py:264} INFO - 2 downstream tasks scheduled from follow-on schedule check
