[2022-04-03 10:18:51,687] {taskinstance.py:1037} INFO - Dependencies all met for <TaskInstance: tutorial.sleep scheduled__2022-04-03T10:17:50.596585+00:00 [queued]>
[2022-04-03 10:18:51,701] {taskinstance.py:1037} INFO - Dependencies all met for <TaskInstance: tutorial.sleep scheduled__2022-04-03T10:17:50.596585+00:00 [queued]>
[2022-04-03 10:18:51,701] {taskinstance.py:1243} INFO - 
--------------------------------------------------------------------------------
[2022-04-03 10:18:51,702] {taskinstance.py:1244} INFO - Starting attempt 1 of 4
[2022-04-03 10:18:51,702] {taskinstance.py:1245} INFO - 
--------------------------------------------------------------------------------
[2022-04-03 10:18:51,717] {taskinstance.py:1264} INFO - Executing <Task(BashOperator): sleep> on 2022-04-03 10:17:50.596585+00:00
[2022-04-03 10:18:51,721] {standard_task_runner.py:52} INFO - Started process 12849 to run task
[2022-04-03 10:18:51,725] {standard_task_runner.py:76} INFO - Running: ['***', 'tasks', 'run', 'tutorial', 'sleep', 'scheduled__2022-04-03T10:17:50.596585+00:00', '--job-id', '763', '--raw', '--subdir', 'DAGS_FOLDER/filebeat_dag.py', '--cfg-path', '/tmp/tmpnsq6g9p8', '--error-file', '/tmp/tmpowfg40o7']
[2022-04-03 10:18:51,725] {standard_task_runner.py:77} INFO - Job 763: Subtask sleep
[2022-04-03 10:18:51,806] {logging_mixin.py:109} INFO - Running <TaskInstance: tutorial.sleep scheduled__2022-04-03T10:17:50.596585+00:00 [running]> on host 7_***_***-worker_1.netgroup
[2022-04-03 10:18:51,884] {taskinstance.py:1431} INFO - Exporting the following env vars:
AIRFLOW_CTX_DAG_EMAIL=***@example.com
AIRFLOW_CTX_DAG_OWNER=***
AIRFLOW_CTX_DAG_ID=tutorial
AIRFLOW_CTX_TASK_ID=sleep
AIRFLOW_CTX_EXECUTION_DATE=2022-04-03T10:17:50.596585+00:00
AIRFLOW_CTX_DAG_RUN_ID=scheduled__2022-04-03T10:17:50.596585+00:00
[2022-04-03 10:18:51,885] {subprocess.py:62} INFO - Tmp dir root location: 
 /tmp
[2022-04-03 10:18:51,886] {subprocess.py:74} INFO - Running command: ['bash', '-c', 'sleep 5']
[2022-04-03 10:18:51,899] {subprocess.py:85} INFO - Output:
[2022-04-03 10:18:56,906] {subprocess.py:93} INFO - Command exited with return code 0
[2022-04-03 10:18:56,950] {taskinstance.py:1282} INFO - Marking task as SUCCESS. dag_id=tutorial, task_id=sleep, execution_date=20220403T101750, start_date=20220403T101851, end_date=20220403T101856
[2022-04-03 10:18:57,013] {local_task_job.py:154} INFO - Task exited with return code 0
[2022-04-03 10:18:57,049] {local_task_job.py:264} INFO - 0 downstream tasks scheduled from follow-on schedule check
