[2022-04-03 07:37:51,850] {taskinstance.py:1037} INFO - Dependencies all met for <TaskInstance: tutorial.sleep scheduled__2022-04-03T07:36:48.584493+00:00 [queued]>
[2022-04-03 07:37:51,874] {taskinstance.py:1037} INFO - Dependencies all met for <TaskInstance: tutorial.sleep scheduled__2022-04-03T07:36:48.584493+00:00 [queued]>
[2022-04-03 07:37:51,874] {taskinstance.py:1243} INFO - 
--------------------------------------------------------------------------------
[2022-04-03 07:37:51,874] {taskinstance.py:1244} INFO - Starting attempt 1 of 4
[2022-04-03 07:37:51,874] {taskinstance.py:1245} INFO - 
--------------------------------------------------------------------------------
[2022-04-03 07:37:51,913] {taskinstance.py:1264} INFO - Executing <Task(BashOperator): sleep> on 2022-04-03 07:36:48.584493+00:00
[2022-04-03 07:37:51,928] {standard_task_runner.py:52} INFO - Started process 4801 to run task
[2022-04-03 07:37:51,940] {standard_task_runner.py:76} INFO - Running: ['***', 'tasks', 'run', 'tutorial', 'sleep', 'scheduled__2022-04-03T07:36:48.584493+00:00', '--job-id', '280', '--raw', '--subdir', 'DAGS_FOLDER/filebeat_dag.py', '--cfg-path', '/tmp/tmpdvyp7y18', '--error-file', '/tmp/tmpx7k_fgdx']
[2022-04-03 07:37:51,941] {standard_task_runner.py:77} INFO - Job 280: Subtask sleep
[2022-04-03 07:37:52,085] {logging_mixin.py:109} INFO - Running <TaskInstance: tutorial.sleep scheduled__2022-04-03T07:36:48.584493+00:00 [running]> on host 7_***_***-worker_1.netgroup
[2022-04-03 07:37:52,232] {taskinstance.py:1431} INFO - Exporting the following env vars:
AIRFLOW_CTX_DAG_EMAIL=***@example.com
AIRFLOW_CTX_DAG_OWNER=***
AIRFLOW_CTX_DAG_ID=tutorial
AIRFLOW_CTX_TASK_ID=sleep
AIRFLOW_CTX_EXECUTION_DATE=2022-04-03T07:36:48.584493+00:00
AIRFLOW_CTX_DAG_RUN_ID=scheduled__2022-04-03T07:36:48.584493+00:00
[2022-04-03 07:37:52,234] {subprocess.py:62} INFO - Tmp dir root location: 
 /tmp
[2022-04-03 07:37:52,236] {subprocess.py:74} INFO - Running command: ['bash', '-c', 'sleep 5']
[2022-04-03 07:37:52,253] {subprocess.py:85} INFO - Output:
[2022-04-03 07:37:57,264] {subprocess.py:93} INFO - Command exited with return code 0
[2022-04-03 07:37:57,335] {taskinstance.py:1282} INFO - Marking task as SUCCESS. dag_id=tutorial, task_id=sleep, execution_date=20220403T073648, start_date=20220403T073751, end_date=20220403T073757
[2022-04-03 07:37:57,395] {local_task_job.py:154} INFO - Task exited with return code 0
[2022-04-03 07:37:57,434] {local_task_job.py:264} INFO - 0 downstream tasks scheduled from follow-on schedule check
