[2022-04-03 09:25:52,466] {taskinstance.py:1037} INFO - Dependencies all met for <TaskInstance: tutorial.sleep scheduled__2022-04-03T09:24:50.596585+00:00 [queued]>
[2022-04-03 09:25:52,482] {taskinstance.py:1037} INFO - Dependencies all met for <TaskInstance: tutorial.sleep scheduled__2022-04-03T09:24:50.596585+00:00 [queued]>
[2022-04-03 09:25:52,482] {taskinstance.py:1243} INFO - 
--------------------------------------------------------------------------------
[2022-04-03 09:25:52,482] {taskinstance.py:1244} INFO - Starting attempt 1 of 4
[2022-04-03 09:25:52,482] {taskinstance.py:1245} INFO - 
--------------------------------------------------------------------------------
[2022-04-03 09:25:52,499] {taskinstance.py:1264} INFO - Executing <Task(BashOperator): sleep> on 2022-04-03 09:24:50.596585+00:00
[2022-04-03 09:25:52,506] {standard_task_runner.py:52} INFO - Started process 10113 to run task
[2022-04-03 09:25:52,511] {standard_task_runner.py:76} INFO - Running: ['***', 'tasks', 'run', 'tutorial', 'sleep', 'scheduled__2022-04-03T09:24:50.596585+00:00', '--job-id', '605', '--raw', '--subdir', 'DAGS_FOLDER/filebeat_dag.py', '--cfg-path', '/tmp/tmp42hv5wpj', '--error-file', '/tmp/tmpzx8_ws01']
[2022-04-03 09:25:52,512] {standard_task_runner.py:77} INFO - Job 605: Subtask sleep
[2022-04-03 09:25:52,633] {logging_mixin.py:109} INFO - Running <TaskInstance: tutorial.sleep scheduled__2022-04-03T09:24:50.596585+00:00 [running]> on host 7_***_***-worker_1.netgroup
[2022-04-03 09:25:52,727] {taskinstance.py:1431} INFO - Exporting the following env vars:
AIRFLOW_CTX_DAG_EMAIL=***@example.com
AIRFLOW_CTX_DAG_OWNER=***
AIRFLOW_CTX_DAG_ID=tutorial
AIRFLOW_CTX_TASK_ID=sleep
AIRFLOW_CTX_EXECUTION_DATE=2022-04-03T09:24:50.596585+00:00
AIRFLOW_CTX_DAG_RUN_ID=scheduled__2022-04-03T09:24:50.596585+00:00
[2022-04-03 09:25:52,728] {subprocess.py:62} INFO - Tmp dir root location: 
 /tmp
[2022-04-03 09:25:52,729] {subprocess.py:74} INFO - Running command: ['bash', '-c', 'sleep 5']
[2022-04-03 09:25:52,742] {subprocess.py:85} INFO - Output:
[2022-04-03 09:25:57,749] {subprocess.py:93} INFO - Command exited with return code 0
[2022-04-03 09:25:57,781] {taskinstance.py:1282} INFO - Marking task as SUCCESS. dag_id=tutorial, task_id=sleep, execution_date=20220403T092450, start_date=20220403T092552, end_date=20220403T092557
[2022-04-03 09:25:57,838] {local_task_job.py:154} INFO - Task exited with return code 0
[2022-04-03 09:25:57,869] {local_task_job.py:264} INFO - 0 downstream tasks scheduled from follow-on schedule check
