[2022-04-03 10:32:54,369] {taskinstance.py:1037} INFO - Dependencies all met for <TaskInstance: tutorial.templated scheduled__2022-04-03T10:31:52.909981+00:00 [queued]>
[2022-04-03 10:32:54,387] {taskinstance.py:1037} INFO - Dependencies all met for <TaskInstance: tutorial.templated scheduled__2022-04-03T10:31:52.909981+00:00 [queued]>
[2022-04-03 10:32:54,388] {taskinstance.py:1243} INFO - 
--------------------------------------------------------------------------------
[2022-04-03 10:32:54,388] {taskinstance.py:1244} INFO - Starting attempt 1 of 2
[2022-04-03 10:32:54,388] {taskinstance.py:1245} INFO - 
--------------------------------------------------------------------------------
[2022-04-03 10:32:54,405] {taskinstance.py:1264} INFO - Executing <Task(BashOperator): templated> on 2022-04-03 10:31:52.909981+00:00
[2022-04-03 10:32:54,411] {standard_task_runner.py:52} INFO - Started process 13583 to run task
[2022-04-03 10:32:54,415] {standard_task_runner.py:76} INFO - Running: ['***', 'tasks', 'run', 'tutorial', 'templated', 'scheduled__2022-04-03T10:31:52.909981+00:00', '--job-id', '805', '--raw', '--subdir', 'DAGS_FOLDER/filebeat_dag.py', '--cfg-path', '/tmp/tmpzs2vkaql', '--error-file', '/tmp/tmpqs6kwjez']
[2022-04-03 10:32:54,416] {standard_task_runner.py:77} INFO - Job 805: Subtask templated
[2022-04-03 10:32:54,491] {logging_mixin.py:109} INFO - Running <TaskInstance: tutorial.templated scheduled__2022-04-03T10:31:52.909981+00:00 [running]> on host 7_***_***-worker_1.netgroup
[2022-04-03 10:32:54,583] {taskinstance.py:1431} INFO - Exporting the following env vars:
AIRFLOW_CTX_DAG_EMAIL=***@example.com
AIRFLOW_CTX_DAG_OWNER=***
AIRFLOW_CTX_DAG_ID=tutorial
AIRFLOW_CTX_TASK_ID=templated
AIRFLOW_CTX_EXECUTION_DATE=2022-04-03T10:31:52.909981+00:00
AIRFLOW_CTX_DAG_RUN_ID=scheduled__2022-04-03T10:31:52.909981+00:00
[2022-04-03 10:32:54,584] {subprocess.py:62} INFO - Tmp dir root location: 
 /tmp
[2022-04-03 10:32:54,584] {subprocess.py:74} INFO - Running command: ['bash', '-c', '\n\n    echo "2022-04-03"\n    echo "2022-04-10"\n\n    echo "2022-04-03"\n    echo "2022-04-10"\n\n    echo "2022-04-03"\n    echo "2022-04-10"\n\n    echo "2022-04-03"\n    echo "2022-04-10"\n\n    echo "2022-04-03"\n    echo "2022-04-10"\n']
[2022-04-03 10:32:54,596] {subprocess.py:85} INFO - Output:
[2022-04-03 10:32:54,599] {subprocess.py:89} INFO - 2022-04-03
[2022-04-03 10:32:54,600] {subprocess.py:89} INFO - 2022-04-10
[2022-04-03 10:32:54,600] {subprocess.py:89} INFO - 2022-04-03
[2022-04-03 10:32:54,600] {subprocess.py:89} INFO - 2022-04-10
[2022-04-03 10:32:54,600] {subprocess.py:89} INFO - 2022-04-03
[2022-04-03 10:32:54,600] {subprocess.py:89} INFO - 2022-04-10
[2022-04-03 10:32:54,600] {subprocess.py:89} INFO - 2022-04-03
[2022-04-03 10:32:54,601] {subprocess.py:89} INFO - 2022-04-10
[2022-04-03 10:32:54,601] {subprocess.py:89} INFO - 2022-04-03
[2022-04-03 10:32:54,601] {subprocess.py:89} INFO - 2022-04-10
[2022-04-03 10:32:54,601] {subprocess.py:93} INFO - Command exited with return code 0
[2022-04-03 10:32:54,642] {taskinstance.py:1282} INFO - Marking task as SUCCESS. dag_id=tutorial, task_id=templated, execution_date=20220403T103152, start_date=20220403T103254, end_date=20220403T103254
[2022-04-03 10:32:54,668] {local_task_job.py:154} INFO - Task exited with return code 0
[2022-04-03 10:32:54,702] {local_task_job.py:264} INFO - 0 downstream tasks scheduled from follow-on schedule check
