[2022-04-03 07:48:50,837] {taskinstance.py:1037} INFO - Dependencies all met for <TaskInstance: tutorial.sleep scheduled__2022-04-03T07:47:48.584493+00:00 [queued]>
[2022-04-03 07:48:50,853] {taskinstance.py:1037} INFO - Dependencies all met for <TaskInstance: tutorial.sleep scheduled__2022-04-03T07:47:48.584493+00:00 [queued]>
[2022-04-03 07:48:50,853] {taskinstance.py:1243} INFO - 
--------------------------------------------------------------------------------
[2022-04-03 07:48:50,853] {taskinstance.py:1244} INFO - Starting attempt 1 of 4
[2022-04-03 07:48:50,853] {taskinstance.py:1245} INFO - 
--------------------------------------------------------------------------------
[2022-04-03 07:48:50,872] {taskinstance.py:1264} INFO - Executing <Task(BashOperator): sleep> on 2022-04-03 07:47:48.584493+00:00
[2022-04-03 07:48:50,882] {standard_task_runner.py:52} INFO - Started process 5318 to run task
[2022-04-03 07:48:50,889] {standard_task_runner.py:76} INFO - Running: ['***', 'tasks', 'run', 'tutorial', 'sleep', 'scheduled__2022-04-03T07:47:48.584493+00:00', '--job-id', '313', '--raw', '--subdir', 'DAGS_FOLDER/filebeat_dag.py', '--cfg-path', '/tmp/tmp_41vg31k', '--error-file', '/tmp/tmpzh2kgncu']
[2022-04-03 07:48:50,890] {standard_task_runner.py:77} INFO - Job 313: Subtask sleep
[2022-04-03 07:48:50,978] {logging_mixin.py:109} INFO - Running <TaskInstance: tutorial.sleep scheduled__2022-04-03T07:47:48.584493+00:00 [running]> on host 7_***_***-worker_1.netgroup
[2022-04-03 07:48:51,109] {taskinstance.py:1431} INFO - Exporting the following env vars:
AIRFLOW_CTX_DAG_EMAIL=***@example.com
AIRFLOW_CTX_DAG_OWNER=***
AIRFLOW_CTX_DAG_ID=tutorial
AIRFLOW_CTX_TASK_ID=sleep
AIRFLOW_CTX_EXECUTION_DATE=2022-04-03T07:47:48.584493+00:00
AIRFLOW_CTX_DAG_RUN_ID=scheduled__2022-04-03T07:47:48.584493+00:00
[2022-04-03 07:48:51,110] {subprocess.py:62} INFO - Tmp dir root location: 
 /tmp
[2022-04-03 07:48:51,111] {subprocess.py:74} INFO - Running command: ['bash', '-c', 'sleep 5']
[2022-04-03 07:48:51,126] {subprocess.py:85} INFO - Output:
[2022-04-03 07:48:56,135] {subprocess.py:93} INFO - Command exited with return code 0
[2022-04-03 07:48:56,172] {taskinstance.py:1282} INFO - Marking task as SUCCESS. dag_id=tutorial, task_id=sleep, execution_date=20220403T074748, start_date=20220403T074850, end_date=20220403T074856
[2022-04-03 07:48:56,216] {local_task_job.py:154} INFO - Task exited with return code 0
[2022-04-03 07:48:56,275] {local_task_job.py:264} INFO - 0 downstream tasks scheduled from follow-on schedule check
