[2022-04-03 08:43:50,799] {taskinstance.py:1037} INFO - Dependencies all met for <TaskInstance: tutorial.sleep scheduled__2022-04-03T08:42:48.946592+00:00 [queued]>
[2022-04-03 08:43:50,811] {taskinstance.py:1037} INFO - Dependencies all met for <TaskInstance: tutorial.sleep scheduled__2022-04-03T08:42:48.946592+00:00 [queued]>
[2022-04-03 08:43:50,811] {taskinstance.py:1243} INFO - 
--------------------------------------------------------------------------------
[2022-04-03 08:43:50,812] {taskinstance.py:1244} INFO - Starting attempt 1 of 4
[2022-04-03 08:43:50,812] {taskinstance.py:1245} INFO - 
--------------------------------------------------------------------------------
[2022-04-03 08:43:50,824] {taskinstance.py:1264} INFO - Executing <Task(BashOperator): sleep> on 2022-04-03 08:42:48.946592+00:00
[2022-04-03 08:43:50,828] {standard_task_runner.py:52} INFO - Started process 7988 to run task
[2022-04-03 08:43:50,832] {standard_task_runner.py:76} INFO - Running: ['***', 'tasks', 'run', 'tutorial', 'sleep', 'scheduled__2022-04-03T08:42:48.946592+00:00', '--job-id', '479', '--raw', '--subdir', 'DAGS_FOLDER/filebeat_dag.py', '--cfg-path', '/tmp/tmply25c5_e', '--error-file', '/tmp/tmp_d0nnbyy']
[2022-04-03 08:43:50,833] {standard_task_runner.py:77} INFO - Job 479: Subtask sleep
[2022-04-03 08:43:50,899] {logging_mixin.py:109} INFO - Running <TaskInstance: tutorial.sleep scheduled__2022-04-03T08:42:48.946592+00:00 [running]> on host 7_***_***-worker_1.netgroup
[2022-04-03 08:43:50,969] {taskinstance.py:1431} INFO - Exporting the following env vars:
AIRFLOW_CTX_DAG_EMAIL=***@example.com
AIRFLOW_CTX_DAG_OWNER=***
AIRFLOW_CTX_DAG_ID=tutorial
AIRFLOW_CTX_TASK_ID=sleep
AIRFLOW_CTX_EXECUTION_DATE=2022-04-03T08:42:48.946592+00:00
AIRFLOW_CTX_DAG_RUN_ID=scheduled__2022-04-03T08:42:48.946592+00:00
[2022-04-03 08:43:50,970] {subprocess.py:62} INFO - Tmp dir root location: 
 /tmp
[2022-04-03 08:43:50,970] {subprocess.py:74} INFO - Running command: ['bash', '-c', 'sleep 5']
[2022-04-03 08:43:50,981] {subprocess.py:85} INFO - Output:
[2022-04-03 08:43:55,988] {subprocess.py:93} INFO - Command exited with return code 0
[2022-04-03 08:43:56,026] {taskinstance.py:1282} INFO - Marking task as SUCCESS. dag_id=tutorial, task_id=sleep, execution_date=20220403T084248, start_date=20220403T084350, end_date=20220403T084356
[2022-04-03 08:43:56,051] {local_task_job.py:154} INFO - Task exited with return code 0
[2022-04-03 08:43:56,091] {local_task_job.py:264} INFO - 0 downstream tasks scheduled from follow-on schedule check
