[2022-04-03 06:15:49,727] {taskinstance.py:1037} INFO - Dependencies all met for <TaskInstance: tutorial.templated manual__2022-04-03T06:15:46.084435+00:00 [queued]>
[2022-04-03 06:15:49,759] {taskinstance.py:1037} INFO - Dependencies all met for <TaskInstance: tutorial.templated manual__2022-04-03T06:15:46.084435+00:00 [queued]>
[2022-04-03 06:15:49,759] {taskinstance.py:1243} INFO - 
--------------------------------------------------------------------------------
[2022-04-03 06:15:49,759] {taskinstance.py:1244} INFO - Starting attempt 1 of 2
[2022-04-03 06:15:49,759] {taskinstance.py:1245} INFO - 
--------------------------------------------------------------------------------
[2022-04-03 06:15:49,786] {taskinstance.py:1264} INFO - Executing <Task(BashOperator): templated> on 2022-04-03 06:15:46.084435+00:00
[2022-04-03 06:15:49,800] {standard_task_runner.py:52} INFO - Started process 887 to run task
[2022-04-03 06:15:49,808] {standard_task_runner.py:76} INFO - Running: ['***', 'tasks', 'run', 'tutorial', 'templated', 'manual__2022-04-03T06:15:46.084435+00:00', '--job-id', '35', '--raw', '--subdir', 'DAGS_FOLDER/filebeat_dag.py', '--cfg-path', '/tmp/tmp3kkcez66', '--error-file', '/tmp/tmp_mqy4_gq']
[2022-04-03 06:15:49,810] {standard_task_runner.py:77} INFO - Job 35: Subtask templated
[2022-04-03 06:15:49,958] {logging_mixin.py:109} INFO - Running <TaskInstance: tutorial.templated manual__2022-04-03T06:15:46.084435+00:00 [running]> on host 7_***_***-worker_1.netgroup
[2022-04-03 06:15:50,072] {taskinstance.py:1431} INFO - Exporting the following env vars:
AIRFLOW_CTX_DAG_EMAIL=***@example.com
AIRFLOW_CTX_DAG_OWNER=***
AIRFLOW_CTX_DAG_ID=tutorial
AIRFLOW_CTX_TASK_ID=templated
AIRFLOW_CTX_EXECUTION_DATE=2022-04-03T06:15:46.084435+00:00
AIRFLOW_CTX_DAG_RUN_ID=manual__2022-04-03T06:15:46.084435+00:00
[2022-04-03 06:15:50,072] {subprocess.py:62} INFO - Tmp dir root location: 
 /tmp
[2022-04-03 06:15:50,073] {subprocess.py:74} INFO - Running command: ['bash', '-c', '\n\n    echo "2022-04-03"\n    echo "2022-04-10"\n\n    echo "2022-04-03"\n    echo "2022-04-10"\n\n    echo "2022-04-03"\n    echo "2022-04-10"\n\n    echo "2022-04-03"\n    echo "2022-04-10"\n\n    echo "2022-04-03"\n    echo "2022-04-10"\n']
[2022-04-03 06:15:50,095] {subprocess.py:85} INFO - Output:
[2022-04-03 06:15:50,100] {subprocess.py:89} INFO - 2022-04-03
[2022-04-03 06:15:50,100] {subprocess.py:89} INFO - 2022-04-10
[2022-04-03 06:15:50,100] {subprocess.py:89} INFO - 2022-04-03
[2022-04-03 06:15:50,100] {subprocess.py:89} INFO - 2022-04-10
[2022-04-03 06:15:50,100] {subprocess.py:89} INFO - 2022-04-03
[2022-04-03 06:15:50,100] {subprocess.py:89} INFO - 2022-04-10
[2022-04-03 06:15:50,100] {subprocess.py:89} INFO - 2022-04-03
[2022-04-03 06:15:50,100] {subprocess.py:89} INFO - 2022-04-10
[2022-04-03 06:15:50,100] {subprocess.py:89} INFO - 2022-04-03
[2022-04-03 06:15:50,100] {subprocess.py:89} INFO - 2022-04-10
[2022-04-03 06:15:50,101] {subprocess.py:93} INFO - Command exited with return code 0
[2022-04-03 06:15:50,145] {taskinstance.py:1282} INFO - Marking task as SUCCESS. dag_id=tutorial, task_id=templated, execution_date=20220403T061546, start_date=20220403T061549, end_date=20220403T061550
[2022-04-03 06:15:50,186] {local_task_job.py:154} INFO - Task exited with return code 0
[2022-04-03 06:15:50,234] {local_task_job.py:264} INFO - 0 downstream tasks scheduled from follow-on schedule check
