[2022-04-03 07:42:50,956] {taskinstance.py:1037} INFO - Dependencies all met for <TaskInstance: tutorial.sleep scheduled__2022-04-03T07:41:48.584493+00:00 [queued]>
[2022-04-03 07:42:50,975] {taskinstance.py:1037} INFO - Dependencies all met for <TaskInstance: tutorial.sleep scheduled__2022-04-03T07:41:48.584493+00:00 [queued]>
[2022-04-03 07:42:50,976] {taskinstance.py:1243} INFO - 
--------------------------------------------------------------------------------
[2022-04-03 07:42:50,976] {taskinstance.py:1244} INFO - Starting attempt 1 of 4
[2022-04-03 07:42:50,976] {taskinstance.py:1245} INFO - 
--------------------------------------------------------------------------------
[2022-04-03 07:42:51,007] {taskinstance.py:1264} INFO - Executing <Task(BashOperator): sleep> on 2022-04-03 07:41:48.584493+00:00
[2022-04-03 07:42:51,018] {standard_task_runner.py:52} INFO - Started process 5026 to run task
[2022-04-03 07:42:51,029] {standard_task_runner.py:76} INFO - Running: ['***', 'tasks', 'run', 'tutorial', 'sleep', 'scheduled__2022-04-03T07:41:48.584493+00:00', '--job-id', '296', '--raw', '--subdir', 'DAGS_FOLDER/filebeat_dag.py', '--cfg-path', '/tmp/tmpi75uka0l', '--error-file', '/tmp/tmpv9vdg4om']
[2022-04-03 07:42:51,030] {standard_task_runner.py:77} INFO - Job 296: Subtask sleep
[2022-04-03 07:42:51,186] {logging_mixin.py:109} INFO - Running <TaskInstance: tutorial.sleep scheduled__2022-04-03T07:41:48.584493+00:00 [running]> on host 7_***_***-worker_1.netgroup
[2022-04-03 07:42:51,297] {taskinstance.py:1431} INFO - Exporting the following env vars:
AIRFLOW_CTX_DAG_EMAIL=***@example.com
AIRFLOW_CTX_DAG_OWNER=***
AIRFLOW_CTX_DAG_ID=tutorial
AIRFLOW_CTX_TASK_ID=sleep
AIRFLOW_CTX_EXECUTION_DATE=2022-04-03T07:41:48.584493+00:00
AIRFLOW_CTX_DAG_RUN_ID=scheduled__2022-04-03T07:41:48.584493+00:00
[2022-04-03 07:42:51,301] {subprocess.py:62} INFO - Tmp dir root location: 
 /tmp
[2022-04-03 07:42:51,303] {subprocess.py:74} INFO - Running command: ['bash', '-c', 'sleep 5']
[2022-04-03 07:42:51,324] {subprocess.py:85} INFO - Output:
[2022-04-03 07:42:56,335] {subprocess.py:93} INFO - Command exited with return code 0
[2022-04-03 07:42:56,375] {taskinstance.py:1282} INFO - Marking task as SUCCESS. dag_id=tutorial, task_id=sleep, execution_date=20220403T074148, start_date=20220403T074250, end_date=20220403T074256
[2022-04-03 07:42:56,406] {local_task_job.py:154} INFO - Task exited with return code 0
[2022-04-03 07:42:56,443] {local_task_job.py:264} INFO - 0 downstream tasks scheduled from follow-on schedule check
