[2022-04-03 09:27:53,074] {taskinstance.py:1037} INFO - Dependencies all met for <TaskInstance: tutorial.sleep scheduled__2022-04-03T09:26:50.596585+00:00 [queued]>
[2022-04-03 09:27:53,087] {taskinstance.py:1037} INFO - Dependencies all met for <TaskInstance: tutorial.sleep scheduled__2022-04-03T09:26:50.596585+00:00 [queued]>
[2022-04-03 09:27:53,087] {taskinstance.py:1243} INFO - 
--------------------------------------------------------------------------------
[2022-04-03 09:27:53,088] {taskinstance.py:1244} INFO - Starting attempt 1 of 4
[2022-04-03 09:27:53,088] {taskinstance.py:1245} INFO - 
--------------------------------------------------------------------------------
[2022-04-03 09:27:53,102] {taskinstance.py:1264} INFO - Executing <Task(BashOperator): sleep> on 2022-04-03 09:26:50.596585+00:00
[2022-04-03 09:27:53,107] {standard_task_runner.py:52} INFO - Started process 10213 to run task
[2022-04-03 09:27:53,112] {standard_task_runner.py:76} INFO - Running: ['***', 'tasks', 'run', 'tutorial', 'sleep', 'scheduled__2022-04-03T09:26:50.596585+00:00', '--job-id', '610', '--raw', '--subdir', 'DAGS_FOLDER/filebeat_dag.py', '--cfg-path', '/tmp/tmpgx9py24i', '--error-file', '/tmp/tmp9dy46087']
[2022-04-03 09:27:53,112] {standard_task_runner.py:77} INFO - Job 610: Subtask sleep
[2022-04-03 09:27:53,186] {logging_mixin.py:109} INFO - Running <TaskInstance: tutorial.sleep scheduled__2022-04-03T09:26:50.596585+00:00 [running]> on host 7_***_***-worker_1.netgroup
[2022-04-03 09:27:53,261] {taskinstance.py:1431} INFO - Exporting the following env vars:
AIRFLOW_CTX_DAG_EMAIL=***@example.com
AIRFLOW_CTX_DAG_OWNER=***
AIRFLOW_CTX_DAG_ID=tutorial
AIRFLOW_CTX_TASK_ID=sleep
AIRFLOW_CTX_EXECUTION_DATE=2022-04-03T09:26:50.596585+00:00
AIRFLOW_CTX_DAG_RUN_ID=scheduled__2022-04-03T09:26:50.596585+00:00
[2022-04-03 09:27:53,262] {subprocess.py:62} INFO - Tmp dir root location: 
 /tmp
[2022-04-03 09:27:53,263] {subprocess.py:74} INFO - Running command: ['bash', '-c', 'sleep 5']
[2022-04-03 09:27:53,275] {subprocess.py:85} INFO - Output:
[2022-04-03 09:27:58,287] {subprocess.py:93} INFO - Command exited with return code 0
[2022-04-03 09:27:58,322] {taskinstance.py:1282} INFO - Marking task as SUCCESS. dag_id=tutorial, task_id=sleep, execution_date=20220403T092650, start_date=20220403T092753, end_date=20220403T092758
[2022-04-03 09:27:58,358] {local_task_job.py:154} INFO - Task exited with return code 0
[2022-04-03 09:27:58,388] {local_task_job.py:264} INFO - 0 downstream tasks scheduled from follow-on schedule check
