[2022-04-03 06:56:47,270] {taskinstance.py:1037} INFO - Dependencies all met for <TaskInstance: tutorial.print_date scheduled__2022-04-03T06:55:46.355937+00:00 [queued]>
[2022-04-03 06:56:47,291] {taskinstance.py:1037} INFO - Dependencies all met for <TaskInstance: tutorial.print_date scheduled__2022-04-03T06:55:46.355937+00:00 [queued]>
[2022-04-03 06:56:47,291] {taskinstance.py:1243} INFO - 
--------------------------------------------------------------------------------
[2022-04-03 06:56:47,292] {taskinstance.py:1244} INFO - Starting attempt 1 of 2
[2022-04-03 06:56:47,292] {taskinstance.py:1245} INFO - 
--------------------------------------------------------------------------------
[2022-04-03 06:56:47,321] {taskinstance.py:1264} INFO - Executing <Task(BashOperator): print_date> on 2022-04-03 06:55:46.355937+00:00
[2022-04-03 06:56:47,328] {standard_task_runner.py:52} INFO - Started process 2812 to run task
[2022-04-03 06:56:47,334] {standard_task_runner.py:76} INFO - Running: ['***', 'tasks', 'run', 'tutorial', 'print_date', 'scheduled__2022-04-03T06:55:46.355937+00:00', '--job-id', '156', '--raw', '--subdir', 'DAGS_FOLDER/filebeat_dag.py', '--cfg-path', '/tmp/tmpqsxa182w', '--error-file', '/tmp/tmpo99rhjzn']
[2022-04-03 06:56:47,334] {standard_task_runner.py:77} INFO - Job 156: Subtask print_date
[2022-04-03 06:56:47,417] {logging_mixin.py:109} INFO - Running <TaskInstance: tutorial.print_date scheduled__2022-04-03T06:55:46.355937+00:00 [running]> on host 7_***_***-worker_1.netgroup
[2022-04-03 06:56:47,501] {taskinstance.py:1431} INFO - Exporting the following env vars:
AIRFLOW_CTX_DAG_EMAIL=***@example.com
AIRFLOW_CTX_DAG_OWNER=***
AIRFLOW_CTX_DAG_ID=tutorial
AIRFLOW_CTX_TASK_ID=print_date
AIRFLOW_CTX_EXECUTION_DATE=2022-04-03T06:55:46.355937+00:00
AIRFLOW_CTX_DAG_RUN_ID=scheduled__2022-04-03T06:55:46.355937+00:00
[2022-04-03 06:56:47,503] {subprocess.py:62} INFO - Tmp dir root location: 
 /tmp
[2022-04-03 06:56:47,504] {subprocess.py:74} INFO - Running command: ['bash', '-c', 'date']
[2022-04-03 06:56:47,517] {subprocess.py:85} INFO - Output:
[2022-04-03 06:56:47,525] {subprocess.py:89} INFO - Sun Apr  3 06:56:47 UTC 2022
[2022-04-03 06:56:47,526] {subprocess.py:93} INFO - Command exited with return code 0
[2022-04-03 06:56:47,565] {taskinstance.py:1282} INFO - Marking task as SUCCESS. dag_id=tutorial, task_id=print_date, execution_date=20220403T065546, start_date=20220403T065647, end_date=20220403T065647
[2022-04-03 06:56:47,593] {local_task_job.py:154} INFO - Task exited with return code 0
[2022-04-03 06:56:47,641] {local_task_job.py:264} INFO - 2 downstream tasks scheduled from follow-on schedule check
