[2022-04-03 09:27:53,113] {taskinstance.py:1037} INFO - Dependencies all met for <TaskInstance: tutorial.templated scheduled__2022-04-03T09:26:50.596585+00:00 [queued]>
[2022-04-03 09:27:53,126] {taskinstance.py:1037} INFO - Dependencies all met for <TaskInstance: tutorial.templated scheduled__2022-04-03T09:26:50.596585+00:00 [queued]>
[2022-04-03 09:27:53,127] {taskinstance.py:1243} INFO - 
--------------------------------------------------------------------------------
[2022-04-03 09:27:53,127] {taskinstance.py:1244} INFO - Starting attempt 1 of 2
[2022-04-03 09:27:53,127] {taskinstance.py:1245} INFO - 
--------------------------------------------------------------------------------
[2022-04-03 09:27:53,141] {taskinstance.py:1264} INFO - Executing <Task(BashOperator): templated> on 2022-04-03 09:26:50.596585+00:00
[2022-04-03 09:27:53,145] {standard_task_runner.py:52} INFO - Started process 10214 to run task
[2022-04-03 09:27:53,151] {standard_task_runner.py:76} INFO - Running: ['***', 'tasks', 'run', 'tutorial', 'templated', 'scheduled__2022-04-03T09:26:50.596585+00:00', '--job-id', '611', '--raw', '--subdir', 'DAGS_FOLDER/filebeat_dag.py', '--cfg-path', '/tmp/tmpzf_acslp', '--error-file', '/tmp/tmp1cn9d9dn']
[2022-04-03 09:27:53,151] {standard_task_runner.py:77} INFO - Job 611: Subtask templated
[2022-04-03 09:27:53,226] {logging_mixin.py:109} INFO - Running <TaskInstance: tutorial.templated scheduled__2022-04-03T09:26:50.596585+00:00 [running]> on host 7_***_***-worker_1.netgroup
[2022-04-03 09:27:53,315] {taskinstance.py:1431} INFO - Exporting the following env vars:
AIRFLOW_CTX_DAG_EMAIL=***@example.com
AIRFLOW_CTX_DAG_OWNER=***
AIRFLOW_CTX_DAG_ID=tutorial
AIRFLOW_CTX_TASK_ID=templated
AIRFLOW_CTX_EXECUTION_DATE=2022-04-03T09:26:50.596585+00:00
AIRFLOW_CTX_DAG_RUN_ID=scheduled__2022-04-03T09:26:50.596585+00:00
[2022-04-03 09:27:53,317] {subprocess.py:62} INFO - Tmp dir root location: 
 /tmp
[2022-04-03 09:27:53,317] {subprocess.py:74} INFO - Running command: ['bash', '-c', '\n\n    echo "2022-04-03"\n    echo "2022-04-10"\n\n    echo "2022-04-03"\n    echo "2022-04-10"\n\n    echo "2022-04-03"\n    echo "2022-04-10"\n\n    echo "2022-04-03"\n    echo "2022-04-10"\n\n    echo "2022-04-03"\n    echo "2022-04-10"\n']
[2022-04-03 09:27:53,327] {subprocess.py:85} INFO - Output:
[2022-04-03 09:27:53,331] {subprocess.py:89} INFO - 2022-04-03
[2022-04-03 09:27:53,331] {subprocess.py:89} INFO - 2022-04-10
[2022-04-03 09:27:53,331] {subprocess.py:89} INFO - 2022-04-03
[2022-04-03 09:27:53,331] {subprocess.py:89} INFO - 2022-04-10
[2022-04-03 09:27:53,331] {subprocess.py:89} INFO - 2022-04-03
[2022-04-03 09:27:53,332] {subprocess.py:89} INFO - 2022-04-10
[2022-04-03 09:27:53,332] {subprocess.py:89} INFO - 2022-04-03
[2022-04-03 09:27:53,332] {subprocess.py:89} INFO - 2022-04-10
[2022-04-03 09:27:53,332] {subprocess.py:89} INFO - 2022-04-03
[2022-04-03 09:27:53,332] {subprocess.py:89} INFO - 2022-04-10
[2022-04-03 09:27:53,332] {subprocess.py:93} INFO - Command exited with return code 0
[2022-04-03 09:27:53,396] {taskinstance.py:1282} INFO - Marking task as SUCCESS. dag_id=tutorial, task_id=templated, execution_date=20220403T092650, start_date=20220403T092753, end_date=20220403T092753
[2022-04-03 09:27:53,425] {local_task_job.py:154} INFO - Task exited with return code 0
[2022-04-03 09:27:53,458] {local_task_job.py:264} INFO - 0 downstream tasks scheduled from follow-on schedule check
