[2022-04-03 09:24:52,474] {taskinstance.py:1037} INFO - Dependencies all met for <TaskInstance: tutorial.sleep scheduled__2022-04-03T09:23:50.596585+00:00 [queued]>
[2022-04-03 09:24:52,486] {taskinstance.py:1037} INFO - Dependencies all met for <TaskInstance: tutorial.sleep scheduled__2022-04-03T09:23:50.596585+00:00 [queued]>
[2022-04-03 09:24:52,486] {taskinstance.py:1243} INFO - 
--------------------------------------------------------------------------------
[2022-04-03 09:24:52,486] {taskinstance.py:1244} INFO - Starting attempt 1 of 4
[2022-04-03 09:24:52,486] {taskinstance.py:1245} INFO - 
--------------------------------------------------------------------------------
[2022-04-03 09:24:52,500] {taskinstance.py:1264} INFO - Executing <Task(BashOperator): sleep> on 2022-04-03 09:23:50.596585+00:00
[2022-04-03 09:24:52,505] {standard_task_runner.py:52} INFO - Started process 10066 to run task
[2022-04-03 09:24:52,509] {standard_task_runner.py:76} INFO - Running: ['***', 'tasks', 'run', 'tutorial', 'sleep', 'scheduled__2022-04-03T09:23:50.596585+00:00', '--job-id', '601', '--raw', '--subdir', 'DAGS_FOLDER/filebeat_dag.py', '--cfg-path', '/tmp/tmpsdiz9np_', '--error-file', '/tmp/tmpl47gcysd']
[2022-04-03 09:24:52,509] {standard_task_runner.py:77} INFO - Job 601: Subtask sleep
[2022-04-03 09:24:52,584] {logging_mixin.py:109} INFO - Running <TaskInstance: tutorial.sleep scheduled__2022-04-03T09:23:50.596585+00:00 [running]> on host 7_***_***-worker_1.netgroup
[2022-04-03 09:24:52,653] {taskinstance.py:1431} INFO - Exporting the following env vars:
AIRFLOW_CTX_DAG_EMAIL=***@example.com
AIRFLOW_CTX_DAG_OWNER=***
AIRFLOW_CTX_DAG_ID=tutorial
AIRFLOW_CTX_TASK_ID=sleep
AIRFLOW_CTX_EXECUTION_DATE=2022-04-03T09:23:50.596585+00:00
AIRFLOW_CTX_DAG_RUN_ID=scheduled__2022-04-03T09:23:50.596585+00:00
[2022-04-03 09:24:52,654] {subprocess.py:62} INFO - Tmp dir root location: 
 /tmp
[2022-04-03 09:24:52,654] {subprocess.py:74} INFO - Running command: ['bash', '-c', 'sleep 5']
[2022-04-03 09:24:52,665] {subprocess.py:85} INFO - Output:
[2022-04-03 09:24:57,674] {subprocess.py:93} INFO - Command exited with return code 0
[2022-04-03 09:24:57,718] {taskinstance.py:1282} INFO - Marking task as SUCCESS. dag_id=tutorial, task_id=sleep, execution_date=20220403T092350, start_date=20220403T092452, end_date=20220403T092457
[2022-04-03 09:24:57,756] {local_task_job.py:154} INFO - Task exited with return code 0
[2022-04-03 09:24:57,787] {local_task_job.py:264} INFO - 0 downstream tasks scheduled from follow-on schedule check
