[2022-04-03 10:05:52,611] {taskinstance.py:1037} INFO - Dependencies all met for <TaskInstance: tutorial.sleep scheduled__2022-04-03T10:04:50.596585+00:00 [queued]>
[2022-04-03 10:05:52,625] {taskinstance.py:1037} INFO - Dependencies all met for <TaskInstance: tutorial.sleep scheduled__2022-04-03T10:04:50.596585+00:00 [queued]>
[2022-04-03 10:05:52,626] {taskinstance.py:1243} INFO - 
--------------------------------------------------------------------------------
[2022-04-03 10:05:52,626] {taskinstance.py:1244} INFO - Starting attempt 1 of 4
[2022-04-03 10:05:52,626] {taskinstance.py:1245} INFO - 
--------------------------------------------------------------------------------
[2022-04-03 10:05:52,643] {taskinstance.py:1264} INFO - Executing <Task(BashOperator): sleep> on 2022-04-03 10:04:50.596585+00:00
[2022-04-03 10:05:52,648] {standard_task_runner.py:52} INFO - Started process 12178 to run task
[2022-04-03 10:05:52,653] {standard_task_runner.py:76} INFO - Running: ['***', 'tasks', 'run', 'tutorial', 'sleep', 'scheduled__2022-04-03T10:04:50.596585+00:00', '--job-id', '725', '--raw', '--subdir', 'DAGS_FOLDER/filebeat_dag.py', '--cfg-path', '/tmp/tmp_cymow3h', '--error-file', '/tmp/tmpuzhc3u7h']
[2022-04-03 10:05:52,654] {standard_task_runner.py:77} INFO - Job 725: Subtask sleep
[2022-04-03 10:05:52,733] {logging_mixin.py:109} INFO - Running <TaskInstance: tutorial.sleep scheduled__2022-04-03T10:04:50.596585+00:00 [running]> on host 7_***_***-worker_1.netgroup
[2022-04-03 10:05:52,813] {taskinstance.py:1431} INFO - Exporting the following env vars:
AIRFLOW_CTX_DAG_EMAIL=***@example.com
AIRFLOW_CTX_DAG_OWNER=***
AIRFLOW_CTX_DAG_ID=tutorial
AIRFLOW_CTX_TASK_ID=sleep
AIRFLOW_CTX_EXECUTION_DATE=2022-04-03T10:04:50.596585+00:00
AIRFLOW_CTX_DAG_RUN_ID=scheduled__2022-04-03T10:04:50.596585+00:00
[2022-04-03 10:05:52,814] {subprocess.py:62} INFO - Tmp dir root location: 
 /tmp
[2022-04-03 10:05:52,815] {subprocess.py:74} INFO - Running command: ['bash', '-c', 'sleep 5']
[2022-04-03 10:05:52,830] {subprocess.py:85} INFO - Output:
[2022-04-03 10:05:57,838] {subprocess.py:93} INFO - Command exited with return code 0
[2022-04-03 10:05:57,907] {taskinstance.py:1282} INFO - Marking task as SUCCESS. dag_id=tutorial, task_id=sleep, execution_date=20220403T100450, start_date=20220403T100552, end_date=20220403T100557
[2022-04-03 10:05:57,949] {local_task_job.py:154} INFO - Task exited with return code 0
[2022-04-03 10:05:57,996] {local_task_job.py:264} INFO - 0 downstream tasks scheduled from follow-on schedule check
