[2022-04-03 09:22:52,368] {taskinstance.py:1037} INFO - Dependencies all met for <TaskInstance: tutorial.sleep scheduled__2022-04-03T09:21:50.596585+00:00 [queued]>
[2022-04-03 09:22:52,380] {taskinstance.py:1037} INFO - Dependencies all met for <TaskInstance: tutorial.sleep scheduled__2022-04-03T09:21:50.596585+00:00 [queued]>
[2022-04-03 09:22:52,380] {taskinstance.py:1243} INFO - 
--------------------------------------------------------------------------------
[2022-04-03 09:22:52,380] {taskinstance.py:1244} INFO - Starting attempt 1 of 4
[2022-04-03 09:22:52,380] {taskinstance.py:1245} INFO - 
--------------------------------------------------------------------------------
[2022-04-03 09:22:52,394] {taskinstance.py:1264} INFO - Executing <Task(BashOperator): sleep> on 2022-04-03 09:21:50.596585+00:00
[2022-04-03 09:22:52,398] {standard_task_runner.py:52} INFO - Started process 9962 to run task
[2022-04-03 09:22:52,403] {standard_task_runner.py:76} INFO - Running: ['***', 'tasks', 'run', 'tutorial', 'sleep', 'scheduled__2022-04-03T09:21:50.596585+00:00', '--job-id', '595', '--raw', '--subdir', 'DAGS_FOLDER/filebeat_dag.py', '--cfg-path', '/tmp/tmpg70g9u4f', '--error-file', '/tmp/tmpwpu1erg5']
[2022-04-03 09:22:52,403] {standard_task_runner.py:77} INFO - Job 595: Subtask sleep
[2022-04-03 09:22:52,490] {logging_mixin.py:109} INFO - Running <TaskInstance: tutorial.sleep scheduled__2022-04-03T09:21:50.596585+00:00 [running]> on host 7_***_***-worker_1.netgroup
[2022-04-03 09:22:52,579] {taskinstance.py:1431} INFO - Exporting the following env vars:
AIRFLOW_CTX_DAG_EMAIL=***@example.com
AIRFLOW_CTX_DAG_OWNER=***
AIRFLOW_CTX_DAG_ID=tutorial
AIRFLOW_CTX_TASK_ID=sleep
AIRFLOW_CTX_EXECUTION_DATE=2022-04-03T09:21:50.596585+00:00
AIRFLOW_CTX_DAG_RUN_ID=scheduled__2022-04-03T09:21:50.596585+00:00
[2022-04-03 09:22:52,581] {subprocess.py:62} INFO - Tmp dir root location: 
 /tmp
[2022-04-03 09:22:52,582] {subprocess.py:74} INFO - Running command: ['bash', '-c', 'sleep 5']
[2022-04-03 09:22:52,595] {subprocess.py:85} INFO - Output:
[2022-04-03 09:22:57,605] {subprocess.py:93} INFO - Command exited with return code 0
[2022-04-03 09:22:57,634] {taskinstance.py:1282} INFO - Marking task as SUCCESS. dag_id=tutorial, task_id=sleep, execution_date=20220403T092150, start_date=20220403T092252, end_date=20220403T092257
[2022-04-03 09:22:57,691] {local_task_job.py:154} INFO - Task exited with return code 0
[2022-04-03 09:22:57,723] {local_task_job.py:264} INFO - 0 downstream tasks scheduled from follow-on schedule check
