[2022-04-03 11:28:54,394] {taskinstance.py:1037} INFO - Dependencies all met for <TaskInstance: tutorial.templated scheduled__2022-04-03T11:27:52.909981+00:00 [queued]>
[2022-04-03 11:28:54,410] {taskinstance.py:1037} INFO - Dependencies all met for <TaskInstance: tutorial.templated scheduled__2022-04-03T11:27:52.909981+00:00 [queued]>
[2022-04-03 11:28:54,411] {taskinstance.py:1243} INFO - 
--------------------------------------------------------------------------------
[2022-04-03 11:28:54,411] {taskinstance.py:1244} INFO - Starting attempt 1 of 2
[2022-04-03 11:28:54,411] {taskinstance.py:1245} INFO - 
--------------------------------------------------------------------------------
[2022-04-03 11:28:54,426] {taskinstance.py:1264} INFO - Executing <Task(BashOperator): templated> on 2022-04-03 11:27:52.909981+00:00
[2022-04-03 11:28:54,432] {standard_task_runner.py:52} INFO - Started process 16481 to run task
[2022-04-03 11:28:54,437] {standard_task_runner.py:76} INFO - Running: ['***', 'tasks', 'run', 'tutorial', 'templated', 'scheduled__2022-04-03T11:27:52.909981+00:00', '--job-id', '973', '--raw', '--subdir', 'DAGS_FOLDER/filebeat_dag.py', '--cfg-path', '/tmp/tmp8wn6sxpo', '--error-file', '/tmp/tmpf33w8dgp']
[2022-04-03 11:28:54,438] {standard_task_runner.py:77} INFO - Job 973: Subtask templated
[2022-04-03 11:28:54,509] {logging_mixin.py:109} INFO - Running <TaskInstance: tutorial.templated scheduled__2022-04-03T11:27:52.909981+00:00 [running]> on host 7_***_***-worker_1.netgroup
[2022-04-03 11:28:54,595] {taskinstance.py:1431} INFO - Exporting the following env vars:
AIRFLOW_CTX_DAG_EMAIL=***@example.com
AIRFLOW_CTX_DAG_OWNER=***
AIRFLOW_CTX_DAG_ID=tutorial
AIRFLOW_CTX_TASK_ID=templated
AIRFLOW_CTX_EXECUTION_DATE=2022-04-03T11:27:52.909981+00:00
AIRFLOW_CTX_DAG_RUN_ID=scheduled__2022-04-03T11:27:52.909981+00:00
[2022-04-03 11:28:54,596] {subprocess.py:62} INFO - Tmp dir root location: 
 /tmp
[2022-04-03 11:28:54,597] {subprocess.py:74} INFO - Running command: ['bash', '-c', '\n\n    echo "2022-04-03"\n    echo "2022-04-10"\n\n    echo "2022-04-03"\n    echo "2022-04-10"\n\n    echo "2022-04-03"\n    echo "2022-04-10"\n\n    echo "2022-04-03"\n    echo "2022-04-10"\n\n    echo "2022-04-03"\n    echo "2022-04-10"\n']
[2022-04-03 11:28:54,608] {subprocess.py:85} INFO - Output:
[2022-04-03 11:28:54,612] {subprocess.py:89} INFO - 2022-04-03
[2022-04-03 11:28:54,612] {subprocess.py:89} INFO - 2022-04-10
[2022-04-03 11:28:54,612] {subprocess.py:89} INFO - 2022-04-03
[2022-04-03 11:28:54,612] {subprocess.py:89} INFO - 2022-04-10
[2022-04-03 11:28:54,612] {subprocess.py:89} INFO - 2022-04-03
[2022-04-03 11:28:54,612] {subprocess.py:89} INFO - 2022-04-10
[2022-04-03 11:28:54,612] {subprocess.py:89} INFO - 2022-04-03
[2022-04-03 11:28:54,613] {subprocess.py:89} INFO - 2022-04-10
[2022-04-03 11:28:54,613] {subprocess.py:89} INFO - 2022-04-03
[2022-04-03 11:28:54,613] {subprocess.py:89} INFO - 2022-04-10
[2022-04-03 11:28:54,613] {subprocess.py:93} INFO - Command exited with return code 0
[2022-04-03 11:28:54,641] {taskinstance.py:1282} INFO - Marking task as SUCCESS. dag_id=tutorial, task_id=templated, execution_date=20220403T112752, start_date=20220403T112854, end_date=20220403T112854
[2022-04-03 11:28:54,690] {local_task_job.py:154} INFO - Task exited with return code 0
[2022-04-03 11:28:54,723] {local_task_job.py:264} INFO - 0 downstream tasks scheduled from follow-on schedule check
