[2022-04-03 07:45:50,841] {taskinstance.py:1037} INFO - Dependencies all met for <TaskInstance: tutorial.templated scheduled__2022-04-03T07:44:48.584493+00:00 [queued]>
[2022-04-03 07:45:50,867] {taskinstance.py:1037} INFO - Dependencies all met for <TaskInstance: tutorial.templated scheduled__2022-04-03T07:44:48.584493+00:00 [queued]>
[2022-04-03 07:45:50,867] {taskinstance.py:1243} INFO - 
--------------------------------------------------------------------------------
[2022-04-03 07:45:50,868] {taskinstance.py:1244} INFO - Starting attempt 1 of 2
[2022-04-03 07:45:50,868] {taskinstance.py:1245} INFO - 
--------------------------------------------------------------------------------
[2022-04-03 07:45:50,900] {taskinstance.py:1264} INFO - Executing <Task(BashOperator): templated> on 2022-04-03 07:44:48.584493+00:00
[2022-04-03 07:45:50,908] {standard_task_runner.py:52} INFO - Started process 5177 to run task
[2022-04-03 07:45:50,917] {standard_task_runner.py:76} INFO - Running: ['***', 'tasks', 'run', 'tutorial', 'templated', 'scheduled__2022-04-03T07:44:48.584493+00:00', '--job-id', '305', '--raw', '--subdir', 'DAGS_FOLDER/filebeat_dag.py', '--cfg-path', '/tmp/tmpa9hkxi0u', '--error-file', '/tmp/tmpylygv9rf']
[2022-04-03 07:45:50,920] {standard_task_runner.py:77} INFO - Job 305: Subtask templated
[2022-04-03 07:45:51,052] {logging_mixin.py:109} INFO - Running <TaskInstance: tutorial.templated scheduled__2022-04-03T07:44:48.584493+00:00 [running]> on host 7_***_***-worker_1.netgroup
[2022-04-03 07:45:51,171] {taskinstance.py:1431} INFO - Exporting the following env vars:
AIRFLOW_CTX_DAG_EMAIL=***@example.com
AIRFLOW_CTX_DAG_OWNER=***
AIRFLOW_CTX_DAG_ID=tutorial
AIRFLOW_CTX_TASK_ID=templated
AIRFLOW_CTX_EXECUTION_DATE=2022-04-03T07:44:48.584493+00:00
AIRFLOW_CTX_DAG_RUN_ID=scheduled__2022-04-03T07:44:48.584493+00:00
[2022-04-03 07:45:51,172] {subprocess.py:62} INFO - Tmp dir root location: 
 /tmp
[2022-04-03 07:45:51,173] {subprocess.py:74} INFO - Running command: ['bash', '-c', '\n\n    echo "2022-04-03"\n    echo "2022-04-10"\n\n    echo "2022-04-03"\n    echo "2022-04-10"\n\n    echo "2022-04-03"\n    echo "2022-04-10"\n\n    echo "2022-04-03"\n    echo "2022-04-10"\n\n    echo "2022-04-03"\n    echo "2022-04-10"\n']
[2022-04-03 07:45:51,190] {subprocess.py:85} INFO - Output:
[2022-04-03 07:45:51,197] {subprocess.py:89} INFO - 2022-04-03
[2022-04-03 07:45:51,197] {subprocess.py:89} INFO - 2022-04-10
[2022-04-03 07:45:51,197] {subprocess.py:89} INFO - 2022-04-03
[2022-04-03 07:45:51,197] {subprocess.py:89} INFO - 2022-04-10
[2022-04-03 07:45:51,197] {subprocess.py:89} INFO - 2022-04-03
[2022-04-03 07:45:51,198] {subprocess.py:89} INFO - 2022-04-10
[2022-04-03 07:45:51,198] {subprocess.py:89} INFO - 2022-04-03
[2022-04-03 07:45:51,198] {subprocess.py:89} INFO - 2022-04-10
[2022-04-03 07:45:51,198] {subprocess.py:89} INFO - 2022-04-03
[2022-04-03 07:45:51,198] {subprocess.py:89} INFO - 2022-04-10
[2022-04-03 07:45:51,199] {subprocess.py:93} INFO - Command exited with return code 0
[2022-04-03 07:45:51,239] {taskinstance.py:1282} INFO - Marking task as SUCCESS. dag_id=tutorial, task_id=templated, execution_date=20220403T074448, start_date=20220403T074550, end_date=20220403T074551
[2022-04-03 07:45:51,304] {local_task_job.py:154} INFO - Task exited with return code 0
[2022-04-03 07:45:51,351] {local_task_job.py:264} INFO - 0 downstream tasks scheduled from follow-on schedule check
