[2022-04-03 12:14:55,843] {taskinstance.py:1037} INFO - Dependencies all met for <TaskInstance: tutorial.sleep scheduled__2022-04-03T12:13:54.151919+00:00 [queued]>
[2022-04-03 12:14:55,856] {taskinstance.py:1037} INFO - Dependencies all met for <TaskInstance: tutorial.sleep scheduled__2022-04-03T12:13:54.151919+00:00 [queued]>
[2022-04-03 12:14:55,857] {taskinstance.py:1243} INFO - 
--------------------------------------------------------------------------------
[2022-04-03 12:14:55,857] {taskinstance.py:1244} INFO - Starting attempt 1 of 4
[2022-04-03 12:14:55,857] {taskinstance.py:1245} INFO - 
--------------------------------------------------------------------------------
[2022-04-03 12:14:55,872] {taskinstance.py:1264} INFO - Executing <Task(BashOperator): sleep> on 2022-04-03 12:13:54.151919+00:00
[2022-04-03 12:14:55,876] {standard_task_runner.py:52} INFO - Started process 18835 to run task
[2022-04-03 12:14:55,880] {standard_task_runner.py:76} INFO - Running: ['***', 'tasks', 'run', 'tutorial', 'sleep', 'scheduled__2022-04-03T12:13:54.151919+00:00', '--job-id', '1111', '--raw', '--subdir', 'DAGS_FOLDER/filebeat_dag.py', '--cfg-path', '/tmp/tmpdduwauy4', '--error-file', '/tmp/tmpjd0zu9i9']
[2022-04-03 12:14:55,881] {standard_task_runner.py:77} INFO - Job 1111: Subtask sleep
[2022-04-03 12:14:55,962] {logging_mixin.py:109} INFO - Running <TaskInstance: tutorial.sleep scheduled__2022-04-03T12:13:54.151919+00:00 [running]> on host 7_***_***-worker_1.netgroup
[2022-04-03 12:14:56,030] {taskinstance.py:1431} INFO - Exporting the following env vars:
AIRFLOW_CTX_DAG_EMAIL=***@example.com
AIRFLOW_CTX_DAG_OWNER=***
AIRFLOW_CTX_DAG_ID=tutorial
AIRFLOW_CTX_TASK_ID=sleep
AIRFLOW_CTX_EXECUTION_DATE=2022-04-03T12:13:54.151919+00:00
AIRFLOW_CTX_DAG_RUN_ID=scheduled__2022-04-03T12:13:54.151919+00:00
[2022-04-03 12:14:56,031] {subprocess.py:62} INFO - Tmp dir root location: 
 /tmp
[2022-04-03 12:14:56,032] {subprocess.py:74} INFO - Running command: ['bash', '-c', 'sleep 5']
[2022-04-03 12:14:56,043] {subprocess.py:85} INFO - Output:
[2022-04-03 12:15:01,051] {subprocess.py:93} INFO - Command exited with return code 0
[2022-04-03 12:15:01,080] {taskinstance.py:1282} INFO - Marking task as SUCCESS. dag_id=tutorial, task_id=sleep, execution_date=20220403T121354, start_date=20220403T121455, end_date=20220403T121501
[2022-04-03 12:15:01,104] {local_task_job.py:154} INFO - Task exited with return code 0
[2022-04-03 12:15:01,150] {local_task_job.py:264} INFO - 0 downstream tasks scheduled from follow-on schedule check
