[2022-04-03 09:54:52,726] {taskinstance.py:1037} INFO - Dependencies all met for <TaskInstance: tutorial.sleep scheduled__2022-04-03T09:53:50.596585+00:00 [queued]>
[2022-04-03 09:54:52,746] {taskinstance.py:1037} INFO - Dependencies all met for <TaskInstance: tutorial.sleep scheduled__2022-04-03T09:53:50.596585+00:00 [queued]>
[2022-04-03 09:54:52,747] {taskinstance.py:1243} INFO - 
--------------------------------------------------------------------------------
[2022-04-03 09:54:52,747] {taskinstance.py:1244} INFO - Starting attempt 1 of 4
[2022-04-03 09:54:52,747] {taskinstance.py:1245} INFO - 
--------------------------------------------------------------------------------
[2022-04-03 09:54:52,763] {taskinstance.py:1264} INFO - Executing <Task(BashOperator): sleep> on 2022-04-03 09:53:50.596585+00:00
[2022-04-03 09:54:52,772] {standard_task_runner.py:52} INFO - Started process 11607 to run task
[2022-04-03 09:54:52,776] {standard_task_runner.py:76} INFO - Running: ['***', 'tasks', 'run', 'tutorial', 'sleep', 'scheduled__2022-04-03T09:53:50.596585+00:00', '--job-id', '692', '--raw', '--subdir', 'DAGS_FOLDER/filebeat_dag.py', '--cfg-path', '/tmp/tmptu_nk1vl', '--error-file', '/tmp/tmp8zfbacjh']
[2022-04-03 09:54:52,777] {standard_task_runner.py:77} INFO - Job 692: Subtask sleep
[2022-04-03 09:54:52,875] {logging_mixin.py:109} INFO - Running <TaskInstance: tutorial.sleep scheduled__2022-04-03T09:53:50.596585+00:00 [running]> on host 7_***_***-worker_1.netgroup
[2022-04-03 09:54:53,058] {taskinstance.py:1431} INFO - Exporting the following env vars:
AIRFLOW_CTX_DAG_EMAIL=***@example.com
AIRFLOW_CTX_DAG_OWNER=***
AIRFLOW_CTX_DAG_ID=tutorial
AIRFLOW_CTX_TASK_ID=sleep
AIRFLOW_CTX_EXECUTION_DATE=2022-04-03T09:53:50.596585+00:00
AIRFLOW_CTX_DAG_RUN_ID=scheduled__2022-04-03T09:53:50.596585+00:00
[2022-04-03 09:54:53,060] {subprocess.py:62} INFO - Tmp dir root location: 
 /tmp
[2022-04-03 09:54:53,061] {subprocess.py:74} INFO - Running command: ['bash', '-c', 'sleep 5']
[2022-04-03 09:54:53,081] {subprocess.py:85} INFO - Output:
[2022-04-03 09:54:58,093] {subprocess.py:93} INFO - Command exited with return code 0
[2022-04-03 09:54:58,126] {taskinstance.py:1282} INFO - Marking task as SUCCESS. dag_id=tutorial, task_id=sleep, execution_date=20220403T095350, start_date=20220403T095452, end_date=20220403T095458
[2022-04-03 09:54:58,156] {local_task_job.py:154} INFO - Task exited with return code 0
[2022-04-03 09:54:58,188] {local_task_job.py:264} INFO - 0 downstream tasks scheduled from follow-on schedule check
