[2022-04-03 11:04:54,864] {taskinstance.py:1037} INFO - Dependencies all met for <TaskInstance: tutorial.sleep scheduled__2022-04-03T11:03:52.909981+00:00 [queued]>
[2022-04-03 11:04:54,877] {taskinstance.py:1037} INFO - Dependencies all met for <TaskInstance: tutorial.sleep scheduled__2022-04-03T11:03:52.909981+00:00 [queued]>
[2022-04-03 11:04:54,878] {taskinstance.py:1243} INFO - 
--------------------------------------------------------------------------------
[2022-04-03 11:04:54,878] {taskinstance.py:1244} INFO - Starting attempt 1 of 4
[2022-04-03 11:04:54,878] {taskinstance.py:1245} INFO - 
--------------------------------------------------------------------------------
[2022-04-03 11:04:54,893] {taskinstance.py:1264} INFO - Executing <Task(BashOperator): sleep> on 2022-04-03 11:03:52.909981+00:00
[2022-04-03 11:04:54,897] {standard_task_runner.py:52} INFO - Started process 15245 to run task
[2022-04-03 11:04:54,901] {standard_task_runner.py:76} INFO - Running: ['***', 'tasks', 'run', 'tutorial', 'sleep', 'scheduled__2022-04-03T11:03:52.909981+00:00', '--job-id', '901', '--raw', '--subdir', 'DAGS_FOLDER/filebeat_dag.py', '--cfg-path', '/tmp/tmpdhevmwrl', '--error-file', '/tmp/tmp_7k7md6d']
[2022-04-03 11:04:54,902] {standard_task_runner.py:77} INFO - Job 901: Subtask sleep
[2022-04-03 11:04:54,978] {logging_mixin.py:109} INFO - Running <TaskInstance: tutorial.sleep scheduled__2022-04-03T11:03:52.909981+00:00 [running]> on host 7_***_***-worker_1.netgroup
[2022-04-03 11:04:55,054] {taskinstance.py:1431} INFO - Exporting the following env vars:
AIRFLOW_CTX_DAG_EMAIL=***@example.com
AIRFLOW_CTX_DAG_OWNER=***
AIRFLOW_CTX_DAG_ID=tutorial
AIRFLOW_CTX_TASK_ID=sleep
AIRFLOW_CTX_EXECUTION_DATE=2022-04-03T11:03:52.909981+00:00
AIRFLOW_CTX_DAG_RUN_ID=scheduled__2022-04-03T11:03:52.909981+00:00
[2022-04-03 11:04:55,055] {subprocess.py:62} INFO - Tmp dir root location: 
 /tmp
[2022-04-03 11:04:55,056] {subprocess.py:74} INFO - Running command: ['bash', '-c', 'sleep 5']
[2022-04-03 11:04:55,068] {subprocess.py:85} INFO - Output:
[2022-04-03 11:05:00,075] {subprocess.py:93} INFO - Command exited with return code 0
[2022-04-03 11:05:00,116] {taskinstance.py:1282} INFO - Marking task as SUCCESS. dag_id=tutorial, task_id=sleep, execution_date=20220403T110352, start_date=20220403T110454, end_date=20220403T110500
[2022-04-03 11:05:00,169] {local_task_job.py:154} INFO - Task exited with return code 0
[2022-04-03 11:05:00,224] {local_task_job.py:264} INFO - 0 downstream tasks scheduled from follow-on schedule check
