[2022-04-03 12:21:57,427] {taskinstance.py:1037} INFO - Dependencies all met for <TaskInstance: tutorial.sleep scheduled__2022-04-03T12:20:56.172029+00:00 [queued]>
[2022-04-03 12:21:57,441] {taskinstance.py:1037} INFO - Dependencies all met for <TaskInstance: tutorial.sleep scheduled__2022-04-03T12:20:56.172029+00:00 [queued]>
[2022-04-03 12:21:57,442] {taskinstance.py:1243} INFO - 
--------------------------------------------------------------------------------
[2022-04-03 12:21:57,442] {taskinstance.py:1244} INFO - Starting attempt 1 of 4
[2022-04-03 12:21:57,442] {taskinstance.py:1245} INFO - 
--------------------------------------------------------------------------------
[2022-04-03 12:21:57,457] {taskinstance.py:1264} INFO - Executing <Task(BashOperator): sleep> on 2022-04-03 12:20:56.172029+00:00
[2022-04-03 12:21:57,462] {standard_task_runner.py:52} INFO - Started process 19193 to run task
[2022-04-03 12:21:57,466] {standard_task_runner.py:76} INFO - Running: ['***', 'tasks', 'run', 'tutorial', 'sleep', 'scheduled__2022-04-03T12:20:56.172029+00:00', '--job-id', '1132', '--raw', '--subdir', 'DAGS_FOLDER/filebeat_dag.py', '--cfg-path', '/tmp/tmply0s5lt0', '--error-file', '/tmp/tmpmqg6rkr_']
[2022-04-03 12:21:57,466] {standard_task_runner.py:77} INFO - Job 1132: Subtask sleep
[2022-04-03 12:21:57,539] {logging_mixin.py:109} INFO - Running <TaskInstance: tutorial.sleep scheduled__2022-04-03T12:20:56.172029+00:00 [running]> on host 7_***_***-worker_1.netgroup
[2022-04-03 12:21:57,629] {taskinstance.py:1431} INFO - Exporting the following env vars:
AIRFLOW_CTX_DAG_EMAIL=***@example.com
AIRFLOW_CTX_DAG_OWNER=***
AIRFLOW_CTX_DAG_ID=tutorial
AIRFLOW_CTX_TASK_ID=sleep
AIRFLOW_CTX_EXECUTION_DATE=2022-04-03T12:20:56.172029+00:00
AIRFLOW_CTX_DAG_RUN_ID=scheduled__2022-04-03T12:20:56.172029+00:00
[2022-04-03 12:21:57,630] {subprocess.py:62} INFO - Tmp dir root location: 
 /tmp
[2022-04-03 12:21:57,631] {subprocess.py:74} INFO - Running command: ['bash', '-c', 'sleep 5']
[2022-04-03 12:21:57,645] {subprocess.py:85} INFO - Output:
[2022-04-03 12:22:02,652] {subprocess.py:93} INFO - Command exited with return code 0
[2022-04-03 12:22:02,681] {taskinstance.py:1282} INFO - Marking task as SUCCESS. dag_id=tutorial, task_id=sleep, execution_date=20220403T122056, start_date=20220403T122157, end_date=20220403T122202
[2022-04-03 12:22:02,708] {local_task_job.py:154} INFO - Task exited with return code 0
[2022-04-03 12:22:02,738] {local_task_job.py:264} INFO - 0 downstream tasks scheduled from follow-on schedule check
