[2022-04-03 08:28:50,502] {taskinstance.py:1037} INFO - Dependencies all met for <TaskInstance: tutorial.sleep scheduled__2022-04-03T08:27:48.584493+00:00 [queued]>
[2022-04-03 08:28:50,521] {taskinstance.py:1037} INFO - Dependencies all met for <TaskInstance: tutorial.sleep scheduled__2022-04-03T08:27:48.584493+00:00 [queued]>
[2022-04-03 08:28:50,522] {taskinstance.py:1243} INFO - 
--------------------------------------------------------------------------------
[2022-04-03 08:28:50,522] {taskinstance.py:1244} INFO - Starting attempt 1 of 4
[2022-04-03 08:28:50,522] {taskinstance.py:1245} INFO - 
--------------------------------------------------------------------------------
[2022-04-03 08:28:50,545] {taskinstance.py:1264} INFO - Executing <Task(BashOperator): sleep> on 2022-04-03 08:27:48.584493+00:00
[2022-04-03 08:28:50,554] {standard_task_runner.py:52} INFO - Started process 7229 to run task
[2022-04-03 08:28:50,561] {standard_task_runner.py:76} INFO - Running: ['***', 'tasks', 'run', 'tutorial', 'sleep', 'scheduled__2022-04-03T08:27:48.584493+00:00', '--job-id', '434', '--raw', '--subdir', 'DAGS_FOLDER/filebeat_dag.py', '--cfg-path', '/tmp/tmp1g4owhlg', '--error-file', '/tmp/tmpv7prmr1h']
[2022-04-03 08:28:50,561] {standard_task_runner.py:77} INFO - Job 434: Subtask sleep
[2022-04-03 08:28:50,710] {logging_mixin.py:109} INFO - Running <TaskInstance: tutorial.sleep scheduled__2022-04-03T08:27:48.584493+00:00 [running]> on host 7_***_***-worker_1.netgroup
[2022-04-03 08:28:50,856] {taskinstance.py:1431} INFO - Exporting the following env vars:
AIRFLOW_CTX_DAG_EMAIL=***@example.com
AIRFLOW_CTX_DAG_OWNER=***
AIRFLOW_CTX_DAG_ID=tutorial
AIRFLOW_CTX_TASK_ID=sleep
AIRFLOW_CTX_EXECUTION_DATE=2022-04-03T08:27:48.584493+00:00
AIRFLOW_CTX_DAG_RUN_ID=scheduled__2022-04-03T08:27:48.584493+00:00
[2022-04-03 08:28:50,858] {subprocess.py:62} INFO - Tmp dir root location: 
 /tmp
[2022-04-03 08:28:50,860] {subprocess.py:74} INFO - Running command: ['bash', '-c', 'sleep 5']
[2022-04-03 08:28:50,884] {subprocess.py:85} INFO - Output:
[2022-04-03 08:28:55,896] {subprocess.py:93} INFO - Command exited with return code 0
[2022-04-03 08:28:55,937] {taskinstance.py:1282} INFO - Marking task as SUCCESS. dag_id=tutorial, task_id=sleep, execution_date=20220403T082748, start_date=20220403T082850, end_date=20220403T082855
[2022-04-03 08:28:55,995] {local_task_job.py:154} INFO - Task exited with return code 0
[2022-04-03 08:28:56,045] {local_task_job.py:264} INFO - 0 downstream tasks scheduled from follow-on schedule check
