[2022-04-03 10:38:54,581] {taskinstance.py:1037} INFO - Dependencies all met for <TaskInstance: tutorial.sleep scheduled__2022-04-03T10:37:52.909981+00:00 [queued]>
[2022-04-03 10:38:54,597] {taskinstance.py:1037} INFO - Dependencies all met for <TaskInstance: tutorial.sleep scheduled__2022-04-03T10:37:52.909981+00:00 [queued]>
[2022-04-03 10:38:54,597] {taskinstance.py:1243} INFO - 
--------------------------------------------------------------------------------
[2022-04-03 10:38:54,598] {taskinstance.py:1244} INFO - Starting attempt 1 of 4
[2022-04-03 10:38:54,598] {taskinstance.py:1245} INFO - 
--------------------------------------------------------------------------------
[2022-04-03 10:38:54,612] {taskinstance.py:1264} INFO - Executing <Task(BashOperator): sleep> on 2022-04-03 10:37:52.909981+00:00
[2022-04-03 10:38:54,616] {standard_task_runner.py:52} INFO - Started process 13894 to run task
[2022-04-03 10:38:54,619] {standard_task_runner.py:76} INFO - Running: ['***', 'tasks', 'run', 'tutorial', 'sleep', 'scheduled__2022-04-03T10:37:52.909981+00:00', '--job-id', '823', '--raw', '--subdir', 'DAGS_FOLDER/filebeat_dag.py', '--cfg-path', '/tmp/tmp1vt_xuax', '--error-file', '/tmp/tmpt0k61ds4']
[2022-04-03 10:38:54,620] {standard_task_runner.py:77} INFO - Job 823: Subtask sleep
[2022-04-03 10:38:54,690] {logging_mixin.py:109} INFO - Running <TaskInstance: tutorial.sleep scheduled__2022-04-03T10:37:52.909981+00:00 [running]> on host 7_***_***-worker_1.netgroup
[2022-04-03 10:38:54,755] {taskinstance.py:1431} INFO - Exporting the following env vars:
AIRFLOW_CTX_DAG_EMAIL=***@example.com
AIRFLOW_CTX_DAG_OWNER=***
AIRFLOW_CTX_DAG_ID=tutorial
AIRFLOW_CTX_TASK_ID=sleep
AIRFLOW_CTX_EXECUTION_DATE=2022-04-03T10:37:52.909981+00:00
AIRFLOW_CTX_DAG_RUN_ID=scheduled__2022-04-03T10:37:52.909981+00:00
[2022-04-03 10:38:54,756] {subprocess.py:62} INFO - Tmp dir root location: 
 /tmp
[2022-04-03 10:38:54,757] {subprocess.py:74} INFO - Running command: ['bash', '-c', 'sleep 5']
[2022-04-03 10:38:54,769] {subprocess.py:85} INFO - Output:
[2022-04-03 10:38:59,777] {subprocess.py:93} INFO - Command exited with return code 0
[2022-04-03 10:38:59,812] {taskinstance.py:1282} INFO - Marking task as SUCCESS. dag_id=tutorial, task_id=sleep, execution_date=20220403T103752, start_date=20220403T103854, end_date=20220403T103859
[2022-04-03 10:38:59,872] {local_task_job.py:154} INFO - Task exited with return code 0
[2022-04-03 10:38:59,910] {local_task_job.py:264} INFO - 0 downstream tasks scheduled from follow-on schedule check
