[2022-04-03 10:08:51,081] {taskinstance.py:1037} INFO - Dependencies all met for <TaskInstance: tutorial.print_date scheduled__2022-04-03T10:07:50.596585+00:00 [queued]>
[2022-04-03 10:08:51,094] {taskinstance.py:1037} INFO - Dependencies all met for <TaskInstance: tutorial.print_date scheduled__2022-04-03T10:07:50.596585+00:00 [queued]>
[2022-04-03 10:08:51,094] {taskinstance.py:1243} INFO - 
--------------------------------------------------------------------------------
[2022-04-03 10:08:51,095] {taskinstance.py:1244} INFO - Starting attempt 1 of 2
[2022-04-03 10:08:51,095] {taskinstance.py:1245} INFO - 
--------------------------------------------------------------------------------
[2022-04-03 10:08:51,109] {taskinstance.py:1264} INFO - Executing <Task(BashOperator): print_date> on 2022-04-03 10:07:50.596585+00:00
[2022-04-03 10:08:51,114] {standard_task_runner.py:52} INFO - Started process 12339 to run task
[2022-04-03 10:08:51,118] {standard_task_runner.py:76} INFO - Running: ['***', 'tasks', 'run', 'tutorial', 'print_date', 'scheduled__2022-04-03T10:07:50.596585+00:00', '--job-id', '732', '--raw', '--subdir', 'DAGS_FOLDER/filebeat_dag.py', '--cfg-path', '/tmp/tmpcuuy83kx', '--error-file', '/tmp/tmpdc6qjczm']
[2022-04-03 10:08:51,119] {standard_task_runner.py:77} INFO - Job 732: Subtask print_date
[2022-04-03 10:08:51,187] {logging_mixin.py:109} INFO - Running <TaskInstance: tutorial.print_date scheduled__2022-04-03T10:07:50.596585+00:00 [running]> on host 7_***_***-worker_1.netgroup
[2022-04-03 10:08:51,258] {taskinstance.py:1431} INFO - Exporting the following env vars:
AIRFLOW_CTX_DAG_EMAIL=***@example.com
AIRFLOW_CTX_DAG_OWNER=***
AIRFLOW_CTX_DAG_ID=tutorial
AIRFLOW_CTX_TASK_ID=print_date
AIRFLOW_CTX_EXECUTION_DATE=2022-04-03T10:07:50.596585+00:00
AIRFLOW_CTX_DAG_RUN_ID=scheduled__2022-04-03T10:07:50.596585+00:00
[2022-04-03 10:08:51,259] {subprocess.py:62} INFO - Tmp dir root location: 
 /tmp
[2022-04-03 10:08:51,260] {subprocess.py:74} INFO - Running command: ['bash', '-c', 'date']
[2022-04-03 10:08:51,272] {subprocess.py:85} INFO - Output:
[2022-04-03 10:08:51,280] {subprocess.py:89} INFO - Sun Apr  3 10:08:51 UTC 2022
[2022-04-03 10:08:51,280] {subprocess.py:93} INFO - Command exited with return code 0
[2022-04-03 10:08:51,313] {taskinstance.py:1282} INFO - Marking task as SUCCESS. dag_id=tutorial, task_id=print_date, execution_date=20220403T100750, start_date=20220403T100851, end_date=20220403T100851
[2022-04-03 10:08:51,371] {local_task_job.py:154} INFO - Task exited with return code 0
[2022-04-03 10:08:51,411] {local_task_job.py:264} INFO - 2 downstream tasks scheduled from follow-on schedule check
