[2022-04-03 06:15:49,809] {taskinstance.py:1037} INFO - Dependencies all met for <TaskInstance: tutorial.sleep manual__2022-04-03T06:15:46.084435+00:00 [queued]>
[2022-04-03 06:15:49,836] {taskinstance.py:1037} INFO - Dependencies all met for <TaskInstance: tutorial.sleep manual__2022-04-03T06:15:46.084435+00:00 [queued]>
[2022-04-03 06:15:49,837] {taskinstance.py:1243} INFO - 
--------------------------------------------------------------------------------
[2022-04-03 06:15:49,837] {taskinstance.py:1244} INFO - Starting attempt 1 of 4
[2022-04-03 06:15:49,837] {taskinstance.py:1245} INFO - 
--------------------------------------------------------------------------------
[2022-04-03 06:15:49,864] {taskinstance.py:1264} INFO - Executing <Task(BashOperator): sleep> on 2022-04-03 06:15:46.084435+00:00
[2022-04-03 06:15:49,878] {standard_task_runner.py:52} INFO - Started process 888 to run task
[2022-04-03 06:15:49,889] {standard_task_runner.py:76} INFO - Running: ['***', 'tasks', 'run', 'tutorial', 'sleep', 'manual__2022-04-03T06:15:46.084435+00:00', '--job-id', '34', '--raw', '--subdir', 'DAGS_FOLDER/filebeat_dag.py', '--cfg-path', '/tmp/tmpho6e2ne3', '--error-file', '/tmp/tmpjveics4c']
[2022-04-03 06:15:49,890] {standard_task_runner.py:77} INFO - Job 34: Subtask sleep
[2022-04-03 06:15:50,021] {logging_mixin.py:109} INFO - Running <TaskInstance: tutorial.sleep manual__2022-04-03T06:15:46.084435+00:00 [running]> on host 7_***_***-worker_1.netgroup
[2022-04-03 06:15:50,117] {taskinstance.py:1431} INFO - Exporting the following env vars:
AIRFLOW_CTX_DAG_EMAIL=***@example.com
AIRFLOW_CTX_DAG_OWNER=***
AIRFLOW_CTX_DAG_ID=tutorial
AIRFLOW_CTX_TASK_ID=sleep
AIRFLOW_CTX_EXECUTION_DATE=2022-04-03T06:15:46.084435+00:00
AIRFLOW_CTX_DAG_RUN_ID=manual__2022-04-03T06:15:46.084435+00:00
[2022-04-03 06:15:50,119] {subprocess.py:62} INFO - Tmp dir root location: 
 /tmp
[2022-04-03 06:15:50,124] {subprocess.py:74} INFO - Running command: ['bash', '-c', 'sleep 5']
[2022-04-03 06:15:50,143] {subprocess.py:85} INFO - Output:
[2022-04-03 06:15:55,151] {subprocess.py:93} INFO - Command exited with return code 0
[2022-04-03 06:15:55,222] {taskinstance.py:1282} INFO - Marking task as SUCCESS. dag_id=tutorial, task_id=sleep, execution_date=20220403T061546, start_date=20220403T061549, end_date=20220403T061555
[2022-04-03 06:15:55,272] {local_task_job.py:154} INFO - Task exited with return code 0
[2022-04-03 06:15:55,320] {local_task_job.py:264} INFO - 0 downstream tasks scheduled from follow-on schedule check
