[2022-04-03 11:34:54,950] {taskinstance.py:1037} INFO - Dependencies all met for <TaskInstance: tutorial.sleep scheduled__2022-04-03T11:33:52.909981+00:00 [queued]>
[2022-04-03 11:34:54,967] {taskinstance.py:1037} INFO - Dependencies all met for <TaskInstance: tutorial.sleep scheduled__2022-04-03T11:33:52.909981+00:00 [queued]>
[2022-04-03 11:34:54,968] {taskinstance.py:1243} INFO - 
--------------------------------------------------------------------------------
[2022-04-03 11:34:54,968] {taskinstance.py:1244} INFO - Starting attempt 1 of 4
[2022-04-03 11:34:54,968] {taskinstance.py:1245} INFO - 
--------------------------------------------------------------------------------
[2022-04-03 11:34:54,992] {taskinstance.py:1264} INFO - Executing <Task(BashOperator): sleep> on 2022-04-03 11:33:52.909981+00:00
[2022-04-03 11:34:55,001] {standard_task_runner.py:52} INFO - Started process 16784 to run task
[2022-04-03 11:34:55,007] {standard_task_runner.py:76} INFO - Running: ['***', 'tasks', 'run', 'tutorial', 'sleep', 'scheduled__2022-04-03T11:33:52.909981+00:00', '--job-id', '991', '--raw', '--subdir', 'DAGS_FOLDER/filebeat_dag.py', '--cfg-path', '/tmp/tmpkkj07zqx', '--error-file', '/tmp/tmpxsidcs86']
[2022-04-03 11:34:55,007] {standard_task_runner.py:77} INFO - Job 991: Subtask sleep
[2022-04-03 11:34:55,107] {logging_mixin.py:109} INFO - Running <TaskInstance: tutorial.sleep scheduled__2022-04-03T11:33:52.909981+00:00 [running]> on host 7_***_***-worker_1.netgroup
[2022-04-03 11:34:55,235] {taskinstance.py:1431} INFO - Exporting the following env vars:
AIRFLOW_CTX_DAG_EMAIL=***@example.com
AIRFLOW_CTX_DAG_OWNER=***
AIRFLOW_CTX_DAG_ID=tutorial
AIRFLOW_CTX_TASK_ID=sleep
AIRFLOW_CTX_EXECUTION_DATE=2022-04-03T11:33:52.909981+00:00
AIRFLOW_CTX_DAG_RUN_ID=scheduled__2022-04-03T11:33:52.909981+00:00
[2022-04-03 11:34:55,237] {subprocess.py:62} INFO - Tmp dir root location: 
 /tmp
[2022-04-03 11:34:55,238] {subprocess.py:74} INFO - Running command: ['bash', '-c', 'sleep 5']
[2022-04-03 11:34:55,255] {subprocess.py:85} INFO - Output:
[2022-04-03 11:35:00,263] {subprocess.py:93} INFO - Command exited with return code 0
[2022-04-03 11:35:00,300] {taskinstance.py:1282} INFO - Marking task as SUCCESS. dag_id=tutorial, task_id=sleep, execution_date=20220403T113352, start_date=20220403T113454, end_date=20220403T113500
[2022-04-03 11:35:00,366] {local_task_job.py:154} INFO - Task exited with return code 0
[2022-04-03 11:35:00,411] {local_task_job.py:264} INFO - 0 downstream tasks scheduled from follow-on schedule check
