[2022-04-03 08:15:53,581] {taskinstance.py:1037} INFO - Dependencies all met for <TaskInstance: tutorial.sleep scheduled__2022-04-03T08:14:48.584493+00:00 [queued]>
[2022-04-03 08:15:53,631] {taskinstance.py:1037} INFO - Dependencies all met for <TaskInstance: tutorial.sleep scheduled__2022-04-03T08:14:48.584493+00:00 [queued]>
[2022-04-03 08:15:53,632] {taskinstance.py:1243} INFO - 
--------------------------------------------------------------------------------
[2022-04-03 08:15:53,633] {taskinstance.py:1244} INFO - Starting attempt 1 of 4
[2022-04-03 08:15:53,633] {taskinstance.py:1245} INFO - 
--------------------------------------------------------------------------------
[2022-04-03 08:15:53,697] {taskinstance.py:1264} INFO - Executing <Task(BashOperator): sleep> on 2022-04-03 08:14:48.584493+00:00
[2022-04-03 08:15:53,719] {standard_task_runner.py:52} INFO - Started process 6620 to run task
[2022-04-03 08:15:53,782] {standard_task_runner.py:76} INFO - Running: ['***', 'tasks', 'run', 'tutorial', 'sleep', 'scheduled__2022-04-03T08:14:48.584493+00:00', '--job-id', '394', '--raw', '--subdir', 'DAGS_FOLDER/filebeat_dag.py', '--cfg-path', '/tmp/tmpniw4dee3', '--error-file', '/tmp/tmp_zz8p6xc']
[2022-04-03 08:15:53,783] {standard_task_runner.py:77} INFO - Job 394: Subtask sleep
[2022-04-03 08:15:54,076] {logging_mixin.py:109} INFO - Running <TaskInstance: tutorial.sleep scheduled__2022-04-03T08:14:48.584493+00:00 [running]> on host 7_***_***-worker_1.netgroup
[2022-04-03 08:15:54,403] {taskinstance.py:1431} INFO - Exporting the following env vars:
AIRFLOW_CTX_DAG_EMAIL=***@example.com
AIRFLOW_CTX_DAG_OWNER=***
AIRFLOW_CTX_DAG_ID=tutorial
AIRFLOW_CTX_TASK_ID=sleep
AIRFLOW_CTX_EXECUTION_DATE=2022-04-03T08:14:48.584493+00:00
AIRFLOW_CTX_DAG_RUN_ID=scheduled__2022-04-03T08:14:48.584493+00:00
[2022-04-03 08:15:54,404] {subprocess.py:62} INFO - Tmp dir root location: 
 /tmp
[2022-04-03 08:15:54,412] {subprocess.py:74} INFO - Running command: ['bash', '-c', 'sleep 5']
[2022-04-03 08:15:54,466] {subprocess.py:85} INFO - Output:
[2022-04-03 08:15:59,497] {subprocess.py:93} INFO - Command exited with return code 0
[2022-04-03 08:15:59,604] {taskinstance.py:1282} INFO - Marking task as SUCCESS. dag_id=tutorial, task_id=sleep, execution_date=20220403T081448, start_date=20220403T081553, end_date=20220403T081559
[2022-04-03 08:15:59,681] {local_task_job.py:154} INFO - Task exited with return code 0
[2022-04-03 08:15:59,795] {local_task_job.py:264} INFO - 0 downstream tasks scheduled from follow-on schedule check
