[2022-04-03 06:21:49,666] {taskinstance.py:1037} INFO - Dependencies all met for <TaskInstance: tutorial.sleep scheduled__2022-04-03T06:20:46.355937+00:00 [queued]>
[2022-04-03 06:21:49,696] {taskinstance.py:1037} INFO - Dependencies all met for <TaskInstance: tutorial.sleep scheduled__2022-04-03T06:20:46.355937+00:00 [queued]>
[2022-04-03 06:21:49,697] {taskinstance.py:1243} INFO - 
--------------------------------------------------------------------------------
[2022-04-03 06:21:49,697] {taskinstance.py:1244} INFO - Starting attempt 1 of 4
[2022-04-03 06:21:49,697] {taskinstance.py:1245} INFO - 
--------------------------------------------------------------------------------
[2022-04-03 06:21:49,726] {taskinstance.py:1264} INFO - Executing <Task(BashOperator): sleep> on 2022-04-03 06:20:46.355937+00:00
[2022-04-03 06:21:49,741] {standard_task_runner.py:52} INFO - Started process 1177 to run task
[2022-04-03 06:21:49,747] {standard_task_runner.py:76} INFO - Running: ['***', 'tasks', 'run', 'tutorial', 'sleep', 'scheduled__2022-04-03T06:20:46.355937+00:00', '--job-id', '53', '--raw', '--subdir', 'DAGS_FOLDER/filebeat_dag.py', '--cfg-path', '/tmp/tmpmm7b11dp', '--error-file', '/tmp/tmpyragwzj3']
[2022-04-03 06:21:49,748] {standard_task_runner.py:77} INFO - Job 53: Subtask sleep
[2022-04-03 06:21:49,878] {logging_mixin.py:109} INFO - Running <TaskInstance: tutorial.sleep scheduled__2022-04-03T06:20:46.355937+00:00 [running]> on host 7_***_***-worker_1.netgroup
[2022-04-03 06:21:50,024] {taskinstance.py:1431} INFO - Exporting the following env vars:
AIRFLOW_CTX_DAG_EMAIL=***@example.com
AIRFLOW_CTX_DAG_OWNER=***
AIRFLOW_CTX_DAG_ID=tutorial
AIRFLOW_CTX_TASK_ID=sleep
AIRFLOW_CTX_EXECUTION_DATE=2022-04-03T06:20:46.355937+00:00
AIRFLOW_CTX_DAG_RUN_ID=scheduled__2022-04-03T06:20:46.355937+00:00
[2022-04-03 06:21:50,026] {subprocess.py:62} INFO - Tmp dir root location: 
 /tmp
[2022-04-03 06:21:50,031] {subprocess.py:74} INFO - Running command: ['bash', '-c', 'sleep 5']
[2022-04-03 06:21:50,058] {subprocess.py:85} INFO - Output:
[2022-04-03 06:21:55,073] {subprocess.py:93} INFO - Command exited with return code 0
[2022-04-03 06:21:55,148] {taskinstance.py:1282} INFO - Marking task as SUCCESS. dag_id=tutorial, task_id=sleep, execution_date=20220403T062046, start_date=20220403T062149, end_date=20220403T062155
[2022-04-03 06:21:55,192] {local_task_job.py:154} INFO - Task exited with return code 0
[2022-04-03 06:21:55,242] {local_task_job.py:264} INFO - 0 downstream tasks scheduled from follow-on schedule check
