[2022-04-03 08:19:49,688] {taskinstance.py:1037} INFO - Dependencies all met for <TaskInstance: tutorial.print_date scheduled__2022-04-03T08:18:48.584493+00:00 [queued]>
[2022-04-03 08:19:49,703] {taskinstance.py:1037} INFO - Dependencies all met for <TaskInstance: tutorial.print_date scheduled__2022-04-03T08:18:48.584493+00:00 [queued]>
[2022-04-03 08:19:49,703] {taskinstance.py:1243} INFO - 
--------------------------------------------------------------------------------
[2022-04-03 08:19:49,703] {taskinstance.py:1244} INFO - Starting attempt 1 of 2
[2022-04-03 08:19:49,703] {taskinstance.py:1245} INFO - 
--------------------------------------------------------------------------------
[2022-04-03 08:19:49,727] {taskinstance.py:1264} INFO - Executing <Task(BashOperator): print_date> on 2022-04-03 08:18:48.584493+00:00
[2022-04-03 08:19:49,735] {standard_task_runner.py:52} INFO - Started process 6796 to run task
[2022-04-03 08:19:49,744] {standard_task_runner.py:76} INFO - Running: ['***', 'tasks', 'run', 'tutorial', 'print_date', 'scheduled__2022-04-03T08:18:48.584493+00:00', '--job-id', '405', '--raw', '--subdir', 'DAGS_FOLDER/filebeat_dag.py', '--cfg-path', '/tmp/tmpl3kj56o6', '--error-file', '/tmp/tmpib5jtbvg']
[2022-04-03 08:19:49,745] {standard_task_runner.py:77} INFO - Job 405: Subtask print_date
[2022-04-03 08:19:49,839] {logging_mixin.py:109} INFO - Running <TaskInstance: tutorial.print_date scheduled__2022-04-03T08:18:48.584493+00:00 [running]> on host 7_***_***-worker_1.netgroup
[2022-04-03 08:19:49,920] {taskinstance.py:1431} INFO - Exporting the following env vars:
AIRFLOW_CTX_DAG_EMAIL=***@example.com
AIRFLOW_CTX_DAG_OWNER=***
AIRFLOW_CTX_DAG_ID=tutorial
AIRFLOW_CTX_TASK_ID=print_date
AIRFLOW_CTX_EXECUTION_DATE=2022-04-03T08:18:48.584493+00:00
AIRFLOW_CTX_DAG_RUN_ID=scheduled__2022-04-03T08:18:48.584493+00:00
[2022-04-03 08:19:49,921] {subprocess.py:62} INFO - Tmp dir root location: 
 /tmp
[2022-04-03 08:19:49,922] {subprocess.py:74} INFO - Running command: ['bash', '-c', 'date']
[2022-04-03 08:19:49,934] {subprocess.py:85} INFO - Output:
[2022-04-03 08:19:49,942] {subprocess.py:89} INFO - Sun Apr  3 08:19:49 UTC 2022
[2022-04-03 08:19:49,943] {subprocess.py:93} INFO - Command exited with return code 0
[2022-04-03 08:19:49,979] {taskinstance.py:1282} INFO - Marking task as SUCCESS. dag_id=tutorial, task_id=print_date, execution_date=20220403T081848, start_date=20220403T081949, end_date=20220403T081949
[2022-04-03 08:19:50,040] {local_task_job.py:154} INFO - Task exited with return code 0
[2022-04-03 08:19:50,089] {local_task_job.py:264} INFO - 2 downstream tasks scheduled from follow-on schedule check
