[2022-04-03 06:55:48,702] {taskinstance.py:1037} INFO - Dependencies all met for <TaskInstance: tutorial.templated scheduled__2022-04-03T06:54:46.355937+00:00 [queued]>
[2022-04-03 06:55:48,723] {taskinstance.py:1037} INFO - Dependencies all met for <TaskInstance: tutorial.templated scheduled__2022-04-03T06:54:46.355937+00:00 [queued]>
[2022-04-03 06:55:48,723] {taskinstance.py:1243} INFO - 
--------------------------------------------------------------------------------
[2022-04-03 06:55:48,723] {taskinstance.py:1244} INFO - Starting attempt 1 of 2
[2022-04-03 06:55:48,723] {taskinstance.py:1245} INFO - 
--------------------------------------------------------------------------------
[2022-04-03 06:55:48,746] {taskinstance.py:1264} INFO - Executing <Task(BashOperator): templated> on 2022-04-03 06:54:46.355937+00:00
[2022-04-03 06:55:48,759] {standard_task_runner.py:52} INFO - Started process 2770 to run task
[2022-04-03 06:55:48,766] {standard_task_runner.py:76} INFO - Running: ['***', 'tasks', 'run', 'tutorial', 'templated', 'scheduled__2022-04-03T06:54:46.355937+00:00', '--job-id', '154', '--raw', '--subdir', 'DAGS_FOLDER/filebeat_dag.py', '--cfg-path', '/tmp/tmp2chg52i5', '--error-file', '/tmp/tmput6p5i52']
[2022-04-03 06:55:48,767] {standard_task_runner.py:77} INFO - Job 154: Subtask templated
[2022-04-03 06:55:48,856] {logging_mixin.py:109} INFO - Running <TaskInstance: tutorial.templated scheduled__2022-04-03T06:54:46.355937+00:00 [running]> on host 7_***_***-worker_1.netgroup
[2022-04-03 06:55:48,949] {taskinstance.py:1431} INFO - Exporting the following env vars:
AIRFLOW_CTX_DAG_EMAIL=***@example.com
AIRFLOW_CTX_DAG_OWNER=***
AIRFLOW_CTX_DAG_ID=tutorial
AIRFLOW_CTX_TASK_ID=templated
AIRFLOW_CTX_EXECUTION_DATE=2022-04-03T06:54:46.355937+00:00
AIRFLOW_CTX_DAG_RUN_ID=scheduled__2022-04-03T06:54:46.355937+00:00
[2022-04-03 06:55:48,951] {subprocess.py:62} INFO - Tmp dir root location: 
 /tmp
[2022-04-03 06:55:48,952] {subprocess.py:74} INFO - Running command: ['bash', '-c', '\n\n    echo "2022-04-03"\n    echo "2022-04-10"\n\n    echo "2022-04-03"\n    echo "2022-04-10"\n\n    echo "2022-04-03"\n    echo "2022-04-10"\n\n    echo "2022-04-03"\n    echo "2022-04-10"\n\n    echo "2022-04-03"\n    echo "2022-04-10"\n']
[2022-04-03 06:55:48,973] {subprocess.py:85} INFO - Output:
[2022-04-03 06:55:48,981] {subprocess.py:89} INFO - 2022-04-03
[2022-04-03 06:55:48,981] {subprocess.py:89} INFO - 2022-04-10
[2022-04-03 06:55:48,981] {subprocess.py:89} INFO - 2022-04-03
[2022-04-03 06:55:48,981] {subprocess.py:89} INFO - 2022-04-10
[2022-04-03 06:55:48,982] {subprocess.py:89} INFO - 2022-04-03
[2022-04-03 06:55:48,982] {subprocess.py:89} INFO - 2022-04-10
[2022-04-03 06:55:48,982] {subprocess.py:89} INFO - 2022-04-03
[2022-04-03 06:55:48,982] {subprocess.py:89} INFO - 2022-04-10
[2022-04-03 06:55:48,983] {subprocess.py:89} INFO - 2022-04-03
[2022-04-03 06:55:48,984] {subprocess.py:89} INFO - 2022-04-10
[2022-04-03 06:55:48,985] {subprocess.py:93} INFO - Command exited with return code 0
[2022-04-03 06:55:49,046] {taskinstance.py:1282} INFO - Marking task as SUCCESS. dag_id=tutorial, task_id=templated, execution_date=20220403T065446, start_date=20220403T065548, end_date=20220403T065549
[2022-04-03 06:55:49,103] {local_task_job.py:154} INFO - Task exited with return code 0
[2022-04-03 06:55:49,140] {local_task_job.py:264} INFO - 0 downstream tasks scheduled from follow-on schedule check
