[2022-04-03 06:15:47,452] {taskinstance.py:1037} INFO - Dependencies all met for <TaskInstance: tutorial.print_date manual__2022-04-03T06:15:46.084435+00:00 [queued]>
[2022-04-03 06:15:47,564] {taskinstance.py:1037} INFO - Dependencies all met for <TaskInstance: tutorial.print_date manual__2022-04-03T06:15:46.084435+00:00 [queued]>
[2022-04-03 06:15:47,565] {taskinstance.py:1243} INFO - 
--------------------------------------------------------------------------------
[2022-04-03 06:15:47,569] {taskinstance.py:1244} INFO - Starting attempt 1 of 2
[2022-04-03 06:15:47,569] {taskinstance.py:1245} INFO - 
--------------------------------------------------------------------------------
[2022-04-03 06:15:47,628] {taskinstance.py:1264} INFO - Executing <Task(BashOperator): print_date> on 2022-04-03 06:15:46.084435+00:00
[2022-04-03 06:15:47,642] {standard_task_runner.py:52} INFO - Started process 883 to run task
[2022-04-03 06:15:47,655] {standard_task_runner.py:76} INFO - Running: ['***', 'tasks', 'run', 'tutorial', 'print_date', 'manual__2022-04-03T06:15:46.084435+00:00', '--job-id', '33', '--raw', '--subdir', 'DAGS_FOLDER/filebeat_dag.py', '--cfg-path', '/tmp/tmpubos8vag', '--error-file', '/tmp/tmpt26fcfkq']
[2022-04-03 06:15:47,655] {standard_task_runner.py:77} INFO - Job 33: Subtask print_date
[2022-04-03 06:15:47,988] {logging_mixin.py:109} INFO - Running <TaskInstance: tutorial.print_date manual__2022-04-03T06:15:46.084435+00:00 [running]> on host 7_***_***-worker_1.netgroup
[2022-04-03 06:15:48,152] {taskinstance.py:1431} INFO - Exporting the following env vars:
AIRFLOW_CTX_DAG_EMAIL=***@example.com
AIRFLOW_CTX_DAG_OWNER=***
AIRFLOW_CTX_DAG_ID=tutorial
AIRFLOW_CTX_TASK_ID=print_date
AIRFLOW_CTX_EXECUTION_DATE=2022-04-03T06:15:46.084435+00:00
AIRFLOW_CTX_DAG_RUN_ID=manual__2022-04-03T06:15:46.084435+00:00
[2022-04-03 06:15:48,153] {subprocess.py:62} INFO - Tmp dir root location: 
 /tmp
[2022-04-03 06:15:48,155] {subprocess.py:74} INFO - Running command: ['bash', '-c', 'date']
[2022-04-03 06:15:48,181] {subprocess.py:85} INFO - Output:
[2022-04-03 06:15:48,191] {subprocess.py:89} INFO - Sun Apr  3 06:15:48 UTC 2022
[2022-04-03 06:15:48,191] {subprocess.py:93} INFO - Command exited with return code 0
[2022-04-03 06:15:48,240] {taskinstance.py:1282} INFO - Marking task as SUCCESS. dag_id=tutorial, task_id=print_date, execution_date=20220403T061546, start_date=20220403T061547, end_date=20220403T061548
[2022-04-03 06:15:48,287] {local_task_job.py:154} INFO - Task exited with return code 0
[2022-04-03 06:15:48,346] {local_task_job.py:264} INFO - 2 downstream tasks scheduled from follow-on schedule check
