[2022-04-03 09:41:53,421] {taskinstance.py:1037} INFO - Dependencies all met for <TaskInstance: tutorial.sleep scheduled__2022-04-03T09:40:50.596585+00:00 [queued]>
[2022-04-03 09:41:53,435] {taskinstance.py:1037} INFO - Dependencies all met for <TaskInstance: tutorial.sleep scheduled__2022-04-03T09:40:50.596585+00:00 [queued]>
[2022-04-03 09:41:53,435] {taskinstance.py:1243} INFO - 
--------------------------------------------------------------------------------
[2022-04-03 09:41:53,435] {taskinstance.py:1244} INFO - Starting attempt 1 of 4
[2022-04-03 09:41:53,435] {taskinstance.py:1245} INFO - 
--------------------------------------------------------------------------------
[2022-04-03 09:41:53,448] {taskinstance.py:1264} INFO - Executing <Task(BashOperator): sleep> on 2022-04-03 09:40:50.596585+00:00
[2022-04-03 09:41:53,453] {standard_task_runner.py:52} INFO - Started process 10935 to run task
[2022-04-03 09:41:53,458] {standard_task_runner.py:76} INFO - Running: ['***', 'tasks', 'run', 'tutorial', 'sleep', 'scheduled__2022-04-03T09:40:50.596585+00:00', '--job-id', '653', '--raw', '--subdir', 'DAGS_FOLDER/filebeat_dag.py', '--cfg-path', '/tmp/tmp0iy5z3sk', '--error-file', '/tmp/tmpomn8o_ac']
[2022-04-03 09:41:53,459] {standard_task_runner.py:77} INFO - Job 653: Subtask sleep
[2022-04-03 09:41:53,535] {logging_mixin.py:109} INFO - Running <TaskInstance: tutorial.sleep scheduled__2022-04-03T09:40:50.596585+00:00 [running]> on host 7_***_***-worker_1.netgroup
[2022-04-03 09:41:53,602] {taskinstance.py:1431} INFO - Exporting the following env vars:
AIRFLOW_CTX_DAG_EMAIL=***@example.com
AIRFLOW_CTX_DAG_OWNER=***
AIRFLOW_CTX_DAG_ID=tutorial
AIRFLOW_CTX_TASK_ID=sleep
AIRFLOW_CTX_EXECUTION_DATE=2022-04-03T09:40:50.596585+00:00
AIRFLOW_CTX_DAG_RUN_ID=scheduled__2022-04-03T09:40:50.596585+00:00
[2022-04-03 09:41:53,603] {subprocess.py:62} INFO - Tmp dir root location: 
 /tmp
[2022-04-03 09:41:53,604] {subprocess.py:74} INFO - Running command: ['bash', '-c', 'sleep 5']
[2022-04-03 09:41:53,615] {subprocess.py:85} INFO - Output:
[2022-04-03 09:41:58,622] {subprocess.py:93} INFO - Command exited with return code 0
[2022-04-03 09:41:58,661] {taskinstance.py:1282} INFO - Marking task as SUCCESS. dag_id=tutorial, task_id=sleep, execution_date=20220403T094050, start_date=20220403T094153, end_date=20220403T094158
[2022-04-03 09:41:58,711] {local_task_job.py:154} INFO - Task exited with return code 0
[2022-04-03 09:41:58,750] {local_task_job.py:264} INFO - 0 downstream tasks scheduled from follow-on schedule check
