[2022-04-03 11:34:54,059] {taskinstance.py:1037} INFO - Dependencies all met for <TaskInstance: tutorial.print_date scheduled__2022-04-03T11:33:52.909981+00:00 [queued]>
[2022-04-03 11:34:54,074] {taskinstance.py:1037} INFO - Dependencies all met for <TaskInstance: tutorial.print_date scheduled__2022-04-03T11:33:52.909981+00:00 [queued]>
[2022-04-03 11:34:54,074] {taskinstance.py:1243} INFO - 
--------------------------------------------------------------------------------
[2022-04-03 11:34:54,075] {taskinstance.py:1244} INFO - Starting attempt 1 of 2
[2022-04-03 11:34:54,075] {taskinstance.py:1245} INFO - 
--------------------------------------------------------------------------------
[2022-04-03 11:34:54,090] {taskinstance.py:1264} INFO - Executing <Task(BashOperator): print_date> on 2022-04-03 11:33:52.909981+00:00
[2022-04-03 11:34:54,095] {standard_task_runner.py:52} INFO - Started process 16780 to run task
[2022-04-03 11:34:54,100] {standard_task_runner.py:76} INFO - Running: ['***', 'tasks', 'run', 'tutorial', 'print_date', 'scheduled__2022-04-03T11:33:52.909981+00:00', '--job-id', '990', '--raw', '--subdir', 'DAGS_FOLDER/filebeat_dag.py', '--cfg-path', '/tmp/tmpmirs2keo', '--error-file', '/tmp/tmpybo1m0n5']
[2022-04-03 11:34:54,101] {standard_task_runner.py:77} INFO - Job 990: Subtask print_date
[2022-04-03 11:34:54,182] {logging_mixin.py:109} INFO - Running <TaskInstance: tutorial.print_date scheduled__2022-04-03T11:33:52.909981+00:00 [running]> on host 7_***_***-worker_1.netgroup
[2022-04-03 11:34:54,264] {taskinstance.py:1431} INFO - Exporting the following env vars:
AIRFLOW_CTX_DAG_EMAIL=***@example.com
AIRFLOW_CTX_DAG_OWNER=***
AIRFLOW_CTX_DAG_ID=tutorial
AIRFLOW_CTX_TASK_ID=print_date
AIRFLOW_CTX_EXECUTION_DATE=2022-04-03T11:33:52.909981+00:00
AIRFLOW_CTX_DAG_RUN_ID=scheduled__2022-04-03T11:33:52.909981+00:00
[2022-04-03 11:34:54,265] {subprocess.py:62} INFO - Tmp dir root location: 
 /tmp
[2022-04-03 11:34:54,266] {subprocess.py:74} INFO - Running command: ['bash', '-c', 'date']
[2022-04-03 11:34:54,278] {subprocess.py:85} INFO - Output:
[2022-04-03 11:34:54,285] {subprocess.py:89} INFO - Sun Apr  3 11:34:54 UTC 2022
[2022-04-03 11:34:54,286] {subprocess.py:93} INFO - Command exited with return code 0
[2022-04-03 11:34:54,321] {taskinstance.py:1282} INFO - Marking task as SUCCESS. dag_id=tutorial, task_id=print_date, execution_date=20220403T113352, start_date=20220403T113454, end_date=20220403T113454
[2022-04-03 11:34:54,354] {local_task_job.py:154} INFO - Task exited with return code 0
[2022-04-03 11:34:54,399] {local_task_job.py:264} INFO - 2 downstream tasks scheduled from follow-on schedule check
