[2022-04-03 07:45:50,770] {taskinstance.py:1037} INFO - Dependencies all met for <TaskInstance: tutorial.sleep scheduled__2022-04-03T07:44:48.584493+00:00 [queued]>
[2022-04-03 07:45:50,795] {taskinstance.py:1037} INFO - Dependencies all met for <TaskInstance: tutorial.sleep scheduled__2022-04-03T07:44:48.584493+00:00 [queued]>
[2022-04-03 07:45:50,795] {taskinstance.py:1243} INFO - 
--------------------------------------------------------------------------------
[2022-04-03 07:45:50,795] {taskinstance.py:1244} INFO - Starting attempt 1 of 4
[2022-04-03 07:45:50,795] {taskinstance.py:1245} INFO - 
--------------------------------------------------------------------------------
[2022-04-03 07:45:50,817] {taskinstance.py:1264} INFO - Executing <Task(BashOperator): sleep> on 2022-04-03 07:44:48.584493+00:00
[2022-04-03 07:45:50,831] {standard_task_runner.py:52} INFO - Started process 5176 to run task
[2022-04-03 07:45:50,837] {standard_task_runner.py:76} INFO - Running: ['***', 'tasks', 'run', 'tutorial', 'sleep', 'scheduled__2022-04-03T07:44:48.584493+00:00', '--job-id', '304', '--raw', '--subdir', 'DAGS_FOLDER/filebeat_dag.py', '--cfg-path', '/tmp/tmpwr2wy34k', '--error-file', '/tmp/tmpkbhm9uy8']
[2022-04-03 07:45:50,838] {standard_task_runner.py:77} INFO - Job 304: Subtask sleep
[2022-04-03 07:45:50,962] {logging_mixin.py:109} INFO - Running <TaskInstance: tutorial.sleep scheduled__2022-04-03T07:44:48.584493+00:00 [running]> on host 7_***_***-worker_1.netgroup
[2022-04-03 07:45:51,082] {taskinstance.py:1431} INFO - Exporting the following env vars:
AIRFLOW_CTX_DAG_EMAIL=***@example.com
AIRFLOW_CTX_DAG_OWNER=***
AIRFLOW_CTX_DAG_ID=tutorial
AIRFLOW_CTX_TASK_ID=sleep
AIRFLOW_CTX_EXECUTION_DATE=2022-04-03T07:44:48.584493+00:00
AIRFLOW_CTX_DAG_RUN_ID=scheduled__2022-04-03T07:44:48.584493+00:00
[2022-04-03 07:45:51,083] {subprocess.py:62} INFO - Tmp dir root location: 
 /tmp
[2022-04-03 07:45:51,085] {subprocess.py:74} INFO - Running command: ['bash', '-c', 'sleep 5']
[2022-04-03 07:45:51,107] {subprocess.py:85} INFO - Output:
[2022-04-03 07:45:56,118] {subprocess.py:93} INFO - Command exited with return code 0
[2022-04-03 07:45:56,151] {taskinstance.py:1282} INFO - Marking task as SUCCESS. dag_id=tutorial, task_id=sleep, execution_date=20220403T074448, start_date=20220403T074550, end_date=20220403T074556
[2022-04-03 07:45:56,213] {local_task_job.py:154} INFO - Task exited with return code 0
[2022-04-03 07:45:56,264] {local_task_job.py:264} INFO - 0 downstream tasks scheduled from follow-on schedule check
