[2022-04-03 11:48:54,401] {taskinstance.py:1037} INFO - Dependencies all met for <TaskInstance: tutorial.templated scheduled__2022-04-03T11:47:52.909981+00:00 [queued]>
[2022-04-03 11:48:54,425] {taskinstance.py:1037} INFO - Dependencies all met for <TaskInstance: tutorial.templated scheduled__2022-04-03T11:47:52.909981+00:00 [queued]>
[2022-04-03 11:48:54,425] {taskinstance.py:1243} INFO - 
--------------------------------------------------------------------------------
[2022-04-03 11:48:54,426] {taskinstance.py:1244} INFO - Starting attempt 1 of 2
[2022-04-03 11:48:54,426] {taskinstance.py:1245} INFO - 
--------------------------------------------------------------------------------
[2022-04-03 11:48:54,440] {taskinstance.py:1264} INFO - Executing <Task(BashOperator): templated> on 2022-04-03 11:47:52.909981+00:00
[2022-04-03 11:48:54,444] {standard_task_runner.py:52} INFO - Started process 17496 to run task
[2022-04-03 11:48:54,449] {standard_task_runner.py:76} INFO - Running: ['***', 'tasks', 'run', 'tutorial', 'templated', 'scheduled__2022-04-03T11:47:52.909981+00:00', '--job-id', '1034', '--raw', '--subdir', 'DAGS_FOLDER/filebeat_dag.py', '--cfg-path', '/tmp/tmpxs37hpcl', '--error-file', '/tmp/tmppn3r2mqa']
[2022-04-03 11:48:54,449] {standard_task_runner.py:77} INFO - Job 1034: Subtask templated
[2022-04-03 11:48:54,525] {logging_mixin.py:109} INFO - Running <TaskInstance: tutorial.templated scheduled__2022-04-03T11:47:52.909981+00:00 [running]> on host 7_***_***-worker_1.netgroup
[2022-04-03 11:48:54,604] {taskinstance.py:1431} INFO - Exporting the following env vars:
AIRFLOW_CTX_DAG_EMAIL=***@example.com
AIRFLOW_CTX_DAG_OWNER=***
AIRFLOW_CTX_DAG_ID=tutorial
AIRFLOW_CTX_TASK_ID=templated
AIRFLOW_CTX_EXECUTION_DATE=2022-04-03T11:47:52.909981+00:00
AIRFLOW_CTX_DAG_RUN_ID=scheduled__2022-04-03T11:47:52.909981+00:00
[2022-04-03 11:48:54,605] {subprocess.py:62} INFO - Tmp dir root location: 
 /tmp
[2022-04-03 11:48:54,606] {subprocess.py:74} INFO - Running command: ['bash', '-c', '\n\n    echo "2022-04-03"\n    echo "2022-04-10"\n\n    echo "2022-04-03"\n    echo "2022-04-10"\n\n    echo "2022-04-03"\n    echo "2022-04-10"\n\n    echo "2022-04-03"\n    echo "2022-04-10"\n\n    echo "2022-04-03"\n    echo "2022-04-10"\n']
[2022-04-03 11:48:54,615] {subprocess.py:85} INFO - Output:
[2022-04-03 11:48:54,618] {subprocess.py:89} INFO - 2022-04-03
[2022-04-03 11:48:54,618] {subprocess.py:89} INFO - 2022-04-10
[2022-04-03 11:48:54,618] {subprocess.py:89} INFO - 2022-04-03
[2022-04-03 11:48:54,618] {subprocess.py:89} INFO - 2022-04-10
[2022-04-03 11:48:54,618] {subprocess.py:89} INFO - 2022-04-03
[2022-04-03 11:48:54,619] {subprocess.py:89} INFO - 2022-04-10
[2022-04-03 11:48:54,619] {subprocess.py:89} INFO - 2022-04-03
[2022-04-03 11:48:54,619] {subprocess.py:89} INFO - 2022-04-10
[2022-04-03 11:48:54,619] {subprocess.py:89} INFO - 2022-04-03
[2022-04-03 11:48:54,619] {subprocess.py:89} INFO - 2022-04-10
[2022-04-03 11:48:54,619] {subprocess.py:93} INFO - Command exited with return code 0
[2022-04-03 11:48:54,648] {taskinstance.py:1282} INFO - Marking task as SUCCESS. dag_id=tutorial, task_id=templated, execution_date=20220403T114752, start_date=20220403T114854, end_date=20220403T114854
[2022-04-03 11:48:54,703] {local_task_job.py:154} INFO - Task exited with return code 0
[2022-04-03 11:48:54,743] {local_task_job.py:264} INFO - 0 downstream tasks scheduled from follow-on schedule check
