[2022-04-03 09:29:52,569] {taskinstance.py:1037} INFO - Dependencies all met for <TaskInstance: tutorial.sleep scheduled__2022-04-03T09:28:50.596585+00:00 [queued]>
[2022-04-03 09:29:52,584] {taskinstance.py:1037} INFO - Dependencies all met for <TaskInstance: tutorial.sleep scheduled__2022-04-03T09:28:50.596585+00:00 [queued]>
[2022-04-03 09:29:52,585] {taskinstance.py:1243} INFO - 
--------------------------------------------------------------------------------
[2022-04-03 09:29:52,585] {taskinstance.py:1244} INFO - Starting attempt 1 of 4
[2022-04-03 09:29:52,585] {taskinstance.py:1245} INFO - 
--------------------------------------------------------------------------------
[2022-04-03 09:29:52,599] {taskinstance.py:1264} INFO - Executing <Task(BashOperator): sleep> on 2022-04-03 09:28:50.596585+00:00
[2022-04-03 09:29:52,604] {standard_task_runner.py:52} INFO - Started process 10318 to run task
[2022-04-03 09:29:52,609] {standard_task_runner.py:76} INFO - Running: ['***', 'tasks', 'run', 'tutorial', 'sleep', 'scheduled__2022-04-03T09:28:50.596585+00:00', '--job-id', '616', '--raw', '--subdir', 'DAGS_FOLDER/filebeat_dag.py', '--cfg-path', '/tmp/tmphrmksip0', '--error-file', '/tmp/tmpd70qtlnc']
[2022-04-03 09:29:52,610] {standard_task_runner.py:77} INFO - Job 616: Subtask sleep
[2022-04-03 09:29:52,686] {logging_mixin.py:109} INFO - Running <TaskInstance: tutorial.sleep scheduled__2022-04-03T09:28:50.596585+00:00 [running]> on host 7_***_***-worker_1.netgroup
[2022-04-03 09:29:52,754] {taskinstance.py:1431} INFO - Exporting the following env vars:
AIRFLOW_CTX_DAG_EMAIL=***@example.com
AIRFLOW_CTX_DAG_OWNER=***
AIRFLOW_CTX_DAG_ID=tutorial
AIRFLOW_CTX_TASK_ID=sleep
AIRFLOW_CTX_EXECUTION_DATE=2022-04-03T09:28:50.596585+00:00
AIRFLOW_CTX_DAG_RUN_ID=scheduled__2022-04-03T09:28:50.596585+00:00
[2022-04-03 09:29:52,755] {subprocess.py:62} INFO - Tmp dir root location: 
 /tmp
[2022-04-03 09:29:52,755] {subprocess.py:74} INFO - Running command: ['bash', '-c', 'sleep 5']
[2022-04-03 09:29:52,765] {subprocess.py:85} INFO - Output:
[2022-04-03 09:29:57,772] {subprocess.py:93} INFO - Command exited with return code 0
[2022-04-03 09:29:57,803] {taskinstance.py:1282} INFO - Marking task as SUCCESS. dag_id=tutorial, task_id=sleep, execution_date=20220403T092850, start_date=20220403T092952, end_date=20220403T092957
[2022-04-03 09:29:57,848] {local_task_job.py:154} INFO - Task exited with return code 0
[2022-04-03 09:29:57,882] {local_task_job.py:264} INFO - 0 downstream tasks scheduled from follow-on schedule check
