[2022-04-03 11:51:55,069] {taskinstance.py:1037} INFO - Dependencies all met for <TaskInstance: tutorial.templated scheduled__2022-04-03T11:50:52.909981+00:00 [queued]>
[2022-04-03 11:51:55,084] {taskinstance.py:1037} INFO - Dependencies all met for <TaskInstance: tutorial.templated scheduled__2022-04-03T11:50:52.909981+00:00 [queued]>
[2022-04-03 11:51:55,084] {taskinstance.py:1243} INFO - 
--------------------------------------------------------------------------------
[2022-04-03 11:51:55,084] {taskinstance.py:1244} INFO - Starting attempt 1 of 2
[2022-04-03 11:51:55,084] {taskinstance.py:1245} INFO - 
--------------------------------------------------------------------------------
[2022-04-03 11:51:55,098] {taskinstance.py:1264} INFO - Executing <Task(BashOperator): templated> on 2022-04-03 11:50:52.909981+00:00
[2022-04-03 11:51:55,102] {standard_task_runner.py:52} INFO - Started process 17645 to run task
[2022-04-03 11:51:55,106] {standard_task_runner.py:76} INFO - Running: ['***', 'tasks', 'run', 'tutorial', 'templated', 'scheduled__2022-04-03T11:50:52.909981+00:00', '--job-id', '1042', '--raw', '--subdir', 'DAGS_FOLDER/filebeat_dag.py', '--cfg-path', '/tmp/tmpqmr4uus8', '--error-file', '/tmp/tmp5d6mrcj_']
[2022-04-03 11:51:55,106] {standard_task_runner.py:77} INFO - Job 1042: Subtask templated
[2022-04-03 11:51:55,182] {logging_mixin.py:109} INFO - Running <TaskInstance: tutorial.templated scheduled__2022-04-03T11:50:52.909981+00:00 [running]> on host 7_***_***-worker_1.netgroup
[2022-04-03 11:51:55,260] {taskinstance.py:1431} INFO - Exporting the following env vars:
AIRFLOW_CTX_DAG_EMAIL=***@example.com
AIRFLOW_CTX_DAG_OWNER=***
AIRFLOW_CTX_DAG_ID=tutorial
AIRFLOW_CTX_TASK_ID=templated
AIRFLOW_CTX_EXECUTION_DATE=2022-04-03T11:50:52.909981+00:00
AIRFLOW_CTX_DAG_RUN_ID=scheduled__2022-04-03T11:50:52.909981+00:00
[2022-04-03 11:51:55,261] {subprocess.py:62} INFO - Tmp dir root location: 
 /tmp
[2022-04-03 11:51:55,262] {subprocess.py:74} INFO - Running command: ['bash', '-c', '\n\n    echo "2022-04-03"\n    echo "2022-04-10"\n\n    echo "2022-04-03"\n    echo "2022-04-10"\n\n    echo "2022-04-03"\n    echo "2022-04-10"\n\n    echo "2022-04-03"\n    echo "2022-04-10"\n\n    echo "2022-04-03"\n    echo "2022-04-10"\n']
[2022-04-03 11:51:55,274] {subprocess.py:85} INFO - Output:
[2022-04-03 11:51:55,278] {subprocess.py:89} INFO - 2022-04-03
[2022-04-03 11:51:55,278] {subprocess.py:89} INFO - 2022-04-10
[2022-04-03 11:51:55,278] {subprocess.py:89} INFO - 2022-04-03
[2022-04-03 11:51:55,279] {subprocess.py:89} INFO - 2022-04-10
[2022-04-03 11:51:55,279] {subprocess.py:89} INFO - 2022-04-03
[2022-04-03 11:51:55,279] {subprocess.py:89} INFO - 2022-04-10
[2022-04-03 11:51:55,279] {subprocess.py:89} INFO - 2022-04-03
[2022-04-03 11:51:55,279] {subprocess.py:89} INFO - 2022-04-10
[2022-04-03 11:51:55,279] {subprocess.py:89} INFO - 2022-04-03
[2022-04-03 11:51:55,279] {subprocess.py:89} INFO - 2022-04-10
[2022-04-03 11:51:55,280] {subprocess.py:93} INFO - Command exited with return code 0
[2022-04-03 11:51:55,309] {taskinstance.py:1282} INFO - Marking task as SUCCESS. dag_id=tutorial, task_id=templated, execution_date=20220403T115052, start_date=20220403T115155, end_date=20220403T115155
[2022-04-03 11:51:55,361] {local_task_job.py:154} INFO - Task exited with return code 0
[2022-04-03 11:51:55,400] {local_task_job.py:264} INFO - 0 downstream tasks scheduled from follow-on schedule check
