[2022-04-03 07:52:50,678] {taskinstance.py:1037} INFO - Dependencies all met for <TaskInstance: tutorial.sleep scheduled__2022-04-03T07:51:48.584493+00:00 [queued]>
[2022-04-03 07:52:50,691] {taskinstance.py:1037} INFO - Dependencies all met for <TaskInstance: tutorial.sleep scheduled__2022-04-03T07:51:48.584493+00:00 [queued]>
[2022-04-03 07:52:50,691] {taskinstance.py:1243} INFO - 
--------------------------------------------------------------------------------
[2022-04-03 07:52:50,691] {taskinstance.py:1244} INFO - Starting attempt 1 of 4
[2022-04-03 07:52:50,691] {taskinstance.py:1245} INFO - 
--------------------------------------------------------------------------------
[2022-04-03 07:52:50,709] {taskinstance.py:1264} INFO - Executing <Task(BashOperator): sleep> on 2022-04-03 07:51:48.584493+00:00
[2022-04-03 07:52:50,715] {standard_task_runner.py:52} INFO - Started process 5518 to run task
[2022-04-03 07:52:50,720] {standard_task_runner.py:76} INFO - Running: ['***', 'tasks', 'run', 'tutorial', 'sleep', 'scheduled__2022-04-03T07:51:48.584493+00:00', '--job-id', '325', '--raw', '--subdir', 'DAGS_FOLDER/filebeat_dag.py', '--cfg-path', '/tmp/tmpv7yib3qz', '--error-file', '/tmp/tmpu5bvwxj9']
[2022-04-03 07:52:50,720] {standard_task_runner.py:77} INFO - Job 325: Subtask sleep
[2022-04-03 07:52:50,808] {logging_mixin.py:109} INFO - Running <TaskInstance: tutorial.sleep scheduled__2022-04-03T07:51:48.584493+00:00 [running]> on host 7_***_***-worker_1.netgroup
[2022-04-03 07:52:50,889] {taskinstance.py:1431} INFO - Exporting the following env vars:
AIRFLOW_CTX_DAG_EMAIL=***@example.com
AIRFLOW_CTX_DAG_OWNER=***
AIRFLOW_CTX_DAG_ID=tutorial
AIRFLOW_CTX_TASK_ID=sleep
AIRFLOW_CTX_EXECUTION_DATE=2022-04-03T07:51:48.584493+00:00
AIRFLOW_CTX_DAG_RUN_ID=scheduled__2022-04-03T07:51:48.584493+00:00
[2022-04-03 07:52:50,891] {subprocess.py:62} INFO - Tmp dir root location: 
 /tmp
[2022-04-03 07:52:50,892] {subprocess.py:74} INFO - Running command: ['bash', '-c', 'sleep 5']
[2022-04-03 07:52:50,909] {subprocess.py:85} INFO - Output:
[2022-04-03 07:52:55,920] {subprocess.py:93} INFO - Command exited with return code 0
[2022-04-03 07:52:55,965] {taskinstance.py:1282} INFO - Marking task as SUCCESS. dag_id=tutorial, task_id=sleep, execution_date=20220403T075148, start_date=20220403T075250, end_date=20220403T075255
[2022-04-03 07:52:56,035] {local_task_job.py:154} INFO - Task exited with return code 0
[2022-04-03 07:52:56,090] {local_task_job.py:264} INFO - 0 downstream tasks scheduled from follow-on schedule check
