[2022-04-03 09:26:53,395] {taskinstance.py:1037} INFO - Dependencies all met for <TaskInstance: tutorial.sleep scheduled__2022-04-03T09:25:50.596585+00:00 [queued]>
[2022-04-03 09:26:53,416] {taskinstance.py:1037} INFO - Dependencies all met for <TaskInstance: tutorial.sleep scheduled__2022-04-03T09:25:50.596585+00:00 [queued]>
[2022-04-03 09:26:53,417] {taskinstance.py:1243} INFO - 
--------------------------------------------------------------------------------
[2022-04-03 09:26:53,417] {taskinstance.py:1244} INFO - Starting attempt 1 of 4
[2022-04-03 09:26:53,417] {taskinstance.py:1245} INFO - 
--------------------------------------------------------------------------------
[2022-04-03 09:26:53,432] {taskinstance.py:1264} INFO - Executing <Task(BashOperator): sleep> on 2022-04-03 09:25:50.596585+00:00
[2022-04-03 09:26:53,442] {standard_task_runner.py:52} INFO - Started process 10169 to run task
[2022-04-03 09:26:53,449] {standard_task_runner.py:76} INFO - Running: ['***', 'tasks', 'run', 'tutorial', 'sleep', 'scheduled__2022-04-03T09:25:50.596585+00:00', '--job-id', '607', '--raw', '--subdir', 'DAGS_FOLDER/filebeat_dag.py', '--cfg-path', '/tmp/tmp_fipu73v', '--error-file', '/tmp/tmp4z2yrpln']
[2022-04-03 09:26:53,450] {standard_task_runner.py:77} INFO - Job 607: Subtask sleep
[2022-04-03 09:26:53,552] {logging_mixin.py:109} INFO - Running <TaskInstance: tutorial.sleep scheduled__2022-04-03T09:25:50.596585+00:00 [running]> on host 7_***_***-worker_1.netgroup
[2022-04-03 09:26:53,653] {taskinstance.py:1431} INFO - Exporting the following env vars:
AIRFLOW_CTX_DAG_EMAIL=***@example.com
AIRFLOW_CTX_DAG_OWNER=***
AIRFLOW_CTX_DAG_ID=tutorial
AIRFLOW_CTX_TASK_ID=sleep
AIRFLOW_CTX_EXECUTION_DATE=2022-04-03T09:25:50.596585+00:00
AIRFLOW_CTX_DAG_RUN_ID=scheduled__2022-04-03T09:25:50.596585+00:00
[2022-04-03 09:26:53,654] {subprocess.py:62} INFO - Tmp dir root location: 
 /tmp
[2022-04-03 09:26:53,655] {subprocess.py:74} INFO - Running command: ['bash', '-c', 'sleep 5']
[2022-04-03 09:26:53,665] {subprocess.py:85} INFO - Output:
[2022-04-03 09:26:58,674] {subprocess.py:93} INFO - Command exited with return code 0
[2022-04-03 09:26:58,709] {taskinstance.py:1282} INFO - Marking task as SUCCESS. dag_id=tutorial, task_id=sleep, execution_date=20220403T092550, start_date=20220403T092653, end_date=20220403T092658
[2022-04-03 09:26:58,754] {local_task_job.py:154} INFO - Task exited with return code 0
[2022-04-03 09:26:58,792] {local_task_job.py:264} INFO - 0 downstream tasks scheduled from follow-on schedule check
