[2022-04-03 06:26:48,616] {taskinstance.py:1037} INFO - Dependencies all met for <TaskInstance: tutorial.sleep scheduled__2022-04-03T06:25:46.355937+00:00 [queued]>
[2022-04-03 06:26:48,639] {taskinstance.py:1037} INFO - Dependencies all met for <TaskInstance: tutorial.sleep scheduled__2022-04-03T06:25:46.355937+00:00 [queued]>
[2022-04-03 06:26:48,640] {taskinstance.py:1243} INFO - 
--------------------------------------------------------------------------------
[2022-04-03 06:26:48,640] {taskinstance.py:1244} INFO - Starting attempt 1 of 4
[2022-04-03 06:26:48,640] {taskinstance.py:1245} INFO - 
--------------------------------------------------------------------------------
[2022-04-03 06:26:48,661] {taskinstance.py:1264} INFO - Executing <Task(BashOperator): sleep> on 2022-04-03 06:25:46.355937+00:00
[2022-04-03 06:26:48,667] {standard_task_runner.py:52} INFO - Started process 1405 to run task
[2022-04-03 06:26:48,676] {standard_task_runner.py:76} INFO - Running: ['***', 'tasks', 'run', 'tutorial', 'sleep', 'scheduled__2022-04-03T06:25:46.355937+00:00', '--job-id', '67', '--raw', '--subdir', 'DAGS_FOLDER/filebeat_dag.py', '--cfg-path', '/tmp/tmp_tzs38r5', '--error-file', '/tmp/tmp4yyoffok']
[2022-04-03 06:26:48,677] {standard_task_runner.py:77} INFO - Job 67: Subtask sleep
[2022-04-03 06:26:48,780] {logging_mixin.py:109} INFO - Running <TaskInstance: tutorial.sleep scheduled__2022-04-03T06:25:46.355937+00:00 [running]> on host 7_***_***-worker_1.netgroup
[2022-04-03 06:26:48,908] {taskinstance.py:1431} INFO - Exporting the following env vars:
AIRFLOW_CTX_DAG_EMAIL=***@example.com
AIRFLOW_CTX_DAG_OWNER=***
AIRFLOW_CTX_DAG_ID=tutorial
AIRFLOW_CTX_TASK_ID=sleep
AIRFLOW_CTX_EXECUTION_DATE=2022-04-03T06:25:46.355937+00:00
AIRFLOW_CTX_DAG_RUN_ID=scheduled__2022-04-03T06:25:46.355937+00:00
[2022-04-03 06:26:48,909] {subprocess.py:62} INFO - Tmp dir root location: 
 /tmp
[2022-04-03 06:26:48,910] {subprocess.py:74} INFO - Running command: ['bash', '-c', 'sleep 5']
[2022-04-03 06:26:48,933] {subprocess.py:85} INFO - Output:
[2022-04-03 06:26:53,945] {subprocess.py:93} INFO - Command exited with return code 0
[2022-04-03 06:26:53,990] {taskinstance.py:1282} INFO - Marking task as SUCCESS. dag_id=tutorial, task_id=sleep, execution_date=20220403T062546, start_date=20220403T062648, end_date=20220403T062653
[2022-04-03 06:26:54,045] {local_task_job.py:154} INFO - Task exited with return code 0
[2022-04-03 06:26:54,087] {local_task_job.py:264} INFO - 0 downstream tasks scheduled from follow-on schedule check
