[2022-04-03 07:51:50,673] {taskinstance.py:1037} INFO - Dependencies all met for <TaskInstance: tutorial.sleep scheduled__2022-04-03T07:50:48.584493+00:00 [queued]>
[2022-04-03 07:51:50,689] {taskinstance.py:1037} INFO - Dependencies all met for <TaskInstance: tutorial.sleep scheduled__2022-04-03T07:50:48.584493+00:00 [queued]>
[2022-04-03 07:51:50,689] {taskinstance.py:1243} INFO - 
--------------------------------------------------------------------------------
[2022-04-03 07:51:50,689] {taskinstance.py:1244} INFO - Starting attempt 1 of 4
[2022-04-03 07:51:50,690] {taskinstance.py:1245} INFO - 
--------------------------------------------------------------------------------
[2022-04-03 07:51:50,713] {taskinstance.py:1264} INFO - Executing <Task(BashOperator): sleep> on 2022-04-03 07:50:48.584493+00:00
[2022-04-03 07:51:50,719] {standard_task_runner.py:52} INFO - Started process 5463 to run task
[2022-04-03 07:51:50,724] {standard_task_runner.py:76} INFO - Running: ['***', 'tasks', 'run', 'tutorial', 'sleep', 'scheduled__2022-04-03T07:50:48.584493+00:00', '--job-id', '322', '--raw', '--subdir', 'DAGS_FOLDER/filebeat_dag.py', '--cfg-path', '/tmp/tmp5aoow7h2', '--error-file', '/tmp/tmpfjmqcwej']
[2022-04-03 07:51:50,725] {standard_task_runner.py:77} INFO - Job 322: Subtask sleep
[2022-04-03 07:51:50,828] {logging_mixin.py:109} INFO - Running <TaskInstance: tutorial.sleep scheduled__2022-04-03T07:50:48.584493+00:00 [running]> on host 7_***_***-worker_1.netgroup
[2022-04-03 07:51:50,921] {taskinstance.py:1431} INFO - Exporting the following env vars:
AIRFLOW_CTX_DAG_EMAIL=***@example.com
AIRFLOW_CTX_DAG_OWNER=***
AIRFLOW_CTX_DAG_ID=tutorial
AIRFLOW_CTX_TASK_ID=sleep
AIRFLOW_CTX_EXECUTION_DATE=2022-04-03T07:50:48.584493+00:00
AIRFLOW_CTX_DAG_RUN_ID=scheduled__2022-04-03T07:50:48.584493+00:00
[2022-04-03 07:51:50,922] {subprocess.py:62} INFO - Tmp dir root location: 
 /tmp
[2022-04-03 07:51:50,924] {subprocess.py:74} INFO - Running command: ['bash', '-c', 'sleep 5']
[2022-04-03 07:51:50,940] {subprocess.py:85} INFO - Output:
[2022-04-03 07:51:55,952] {subprocess.py:93} INFO - Command exited with return code 0
[2022-04-03 07:51:55,993] {taskinstance.py:1282} INFO - Marking task as SUCCESS. dag_id=tutorial, task_id=sleep, execution_date=20220403T075048, start_date=20220403T075150, end_date=20220403T075155
[2022-04-03 07:51:56,052] {local_task_job.py:154} INFO - Task exited with return code 0
[2022-04-03 07:51:56,104] {local_task_job.py:264} INFO - 0 downstream tasks scheduled from follow-on schedule check
