[2022-04-03 11:10:55,350] {taskinstance.py:1037} INFO - Dependencies all met for <TaskInstance: tutorial.templated scheduled__2022-04-03T11:09:52.909981+00:00 [queued]>
[2022-04-03 11:10:55,372] {taskinstance.py:1037} INFO - Dependencies all met for <TaskInstance: tutorial.templated scheduled__2022-04-03T11:09:52.909981+00:00 [queued]>
[2022-04-03 11:10:55,373] {taskinstance.py:1243} INFO - 
--------------------------------------------------------------------------------
[2022-04-03 11:10:55,373] {taskinstance.py:1244} INFO - Starting attempt 1 of 2
[2022-04-03 11:10:55,373] {taskinstance.py:1245} INFO - 
--------------------------------------------------------------------------------
[2022-04-03 11:10:55,394] {taskinstance.py:1264} INFO - Executing <Task(BashOperator): templated> on 2022-04-03 11:09:52.909981+00:00
[2022-04-03 11:10:55,403] {standard_task_runner.py:52} INFO - Started process 15559 to run task
[2022-04-03 11:10:55,410] {standard_task_runner.py:76} INFO - Running: ['***', 'tasks', 'run', 'tutorial', 'templated', 'scheduled__2022-04-03T11:09:52.909981+00:00', '--job-id', '920', '--raw', '--subdir', 'DAGS_FOLDER/filebeat_dag.py', '--cfg-path', '/tmp/tmpee2zwcu4', '--error-file', '/tmp/tmpepysifse']
[2022-04-03 11:10:55,411] {standard_task_runner.py:77} INFO - Job 920: Subtask templated
[2022-04-03 11:10:55,520] {logging_mixin.py:109} INFO - Running <TaskInstance: tutorial.templated scheduled__2022-04-03T11:09:52.909981+00:00 [running]> on host 7_***_***-worker_1.netgroup
[2022-04-03 11:10:55,644] {taskinstance.py:1431} INFO - Exporting the following env vars:
AIRFLOW_CTX_DAG_EMAIL=***@example.com
AIRFLOW_CTX_DAG_OWNER=***
AIRFLOW_CTX_DAG_ID=tutorial
AIRFLOW_CTX_TASK_ID=templated
AIRFLOW_CTX_EXECUTION_DATE=2022-04-03T11:09:52.909981+00:00
AIRFLOW_CTX_DAG_RUN_ID=scheduled__2022-04-03T11:09:52.909981+00:00
[2022-04-03 11:10:55,645] {subprocess.py:62} INFO - Tmp dir root location: 
 /tmp
[2022-04-03 11:10:55,649] {subprocess.py:74} INFO - Running command: ['bash', '-c', '\n\n    echo "2022-04-03"\n    echo "2022-04-10"\n\n    echo "2022-04-03"\n    echo "2022-04-10"\n\n    echo "2022-04-03"\n    echo "2022-04-10"\n\n    echo "2022-04-03"\n    echo "2022-04-10"\n\n    echo "2022-04-03"\n    echo "2022-04-10"\n']
[2022-04-03 11:10:55,664] {subprocess.py:85} INFO - Output:
[2022-04-03 11:10:55,668] {subprocess.py:89} INFO - 2022-04-03
[2022-04-03 11:10:55,668] {subprocess.py:89} INFO - 2022-04-10
[2022-04-03 11:10:55,669] {subprocess.py:89} INFO - 2022-04-03
[2022-04-03 11:10:55,669] {subprocess.py:89} INFO - 2022-04-10
[2022-04-03 11:10:55,669] {subprocess.py:89} INFO - 2022-04-03
[2022-04-03 11:10:55,669] {subprocess.py:89} INFO - 2022-04-10
[2022-04-03 11:10:55,669] {subprocess.py:89} INFO - 2022-04-03
[2022-04-03 11:10:55,669] {subprocess.py:89} INFO - 2022-04-10
[2022-04-03 11:10:55,669] {subprocess.py:89} INFO - 2022-04-03
[2022-04-03 11:10:55,669] {subprocess.py:89} INFO - 2022-04-10
[2022-04-03 11:10:55,670] {subprocess.py:93} INFO - Command exited with return code 0
[2022-04-03 11:10:55,703] {taskinstance.py:1282} INFO - Marking task as SUCCESS. dag_id=tutorial, task_id=templated, execution_date=20220403T110952, start_date=20220403T111055, end_date=20220403T111055
[2022-04-03 11:10:55,745] {local_task_job.py:154} INFO - Task exited with return code 0
[2022-04-03 11:10:55,790] {local_task_job.py:264} INFO - 0 downstream tasks scheduled from follow-on schedule check
