[2022-04-03 12:13:54,854] {taskinstance.py:1037} INFO - Dependencies all met for <TaskInstance: tutorial.sleep scheduled__2022-04-03T12:12:53.192553+00:00 [queued]>
[2022-04-03 12:13:54,870] {taskinstance.py:1037} INFO - Dependencies all met for <TaskInstance: tutorial.sleep scheduled__2022-04-03T12:12:53.192553+00:00 [queued]>
[2022-04-03 12:13:54,870] {taskinstance.py:1243} INFO - 
--------------------------------------------------------------------------------
[2022-04-03 12:13:54,870] {taskinstance.py:1244} INFO - Starting attempt 1 of 4
[2022-04-03 12:13:54,870] {taskinstance.py:1245} INFO - 
--------------------------------------------------------------------------------
[2022-04-03 12:13:54,884] {taskinstance.py:1264} INFO - Executing <Task(BashOperator): sleep> on 2022-04-03 12:12:53.192553+00:00
[2022-04-03 12:13:54,891] {standard_task_runner.py:52} INFO - Started process 18779 to run task
[2022-04-03 12:13:54,895] {standard_task_runner.py:76} INFO - Running: ['***', 'tasks', 'run', 'tutorial', 'sleep', 'scheduled__2022-04-03T12:12:53.192553+00:00', '--job-id', '1108', '--raw', '--subdir', 'DAGS_FOLDER/filebeat_dag.py', '--cfg-path', '/tmp/tmpvyp2fg2d', '--error-file', '/tmp/tmpph9ej74q']
[2022-04-03 12:13:54,895] {standard_task_runner.py:77} INFO - Job 1108: Subtask sleep
[2022-04-03 12:13:54,960] {logging_mixin.py:109} INFO - Running <TaskInstance: tutorial.sleep scheduled__2022-04-03T12:12:53.192553+00:00 [running]> on host 7_***_***-worker_1.netgroup
[2022-04-03 12:13:55,029] {taskinstance.py:1431} INFO - Exporting the following env vars:
AIRFLOW_CTX_DAG_EMAIL=***@example.com
AIRFLOW_CTX_DAG_OWNER=***
AIRFLOW_CTX_DAG_ID=tutorial
AIRFLOW_CTX_TASK_ID=sleep
AIRFLOW_CTX_EXECUTION_DATE=2022-04-03T12:12:53.192553+00:00
AIRFLOW_CTX_DAG_RUN_ID=scheduled__2022-04-03T12:12:53.192553+00:00
[2022-04-03 12:13:55,030] {subprocess.py:62} INFO - Tmp dir root location: 
 /tmp
[2022-04-03 12:13:55,031] {subprocess.py:74} INFO - Running command: ['bash', '-c', 'sleep 5']
[2022-04-03 12:13:55,044] {subprocess.py:85} INFO - Output:
[2022-04-03 12:14:00,051] {subprocess.py:93} INFO - Command exited with return code 0
[2022-04-03 12:14:00,088] {taskinstance.py:1282} INFO - Marking task as SUCCESS. dag_id=tutorial, task_id=sleep, execution_date=20220403T121253, start_date=20220403T121354, end_date=20220403T121400
[2022-04-03 12:14:00,120] {local_task_job.py:154} INFO - Task exited with return code 0
[2022-04-03 12:14:00,158] {local_task_job.py:264} INFO - 0 downstream tasks scheduled from follow-on schedule check
