[2022-04-03 11:09:55,426] {taskinstance.py:1037} INFO - Dependencies all met for <TaskInstance: tutorial.templated scheduled__2022-04-03T11:08:52.909981+00:00 [queued]>
[2022-04-03 11:09:55,442] {taskinstance.py:1037} INFO - Dependencies all met for <TaskInstance: tutorial.templated scheduled__2022-04-03T11:08:52.909981+00:00 [queued]>
[2022-04-03 11:09:55,442] {taskinstance.py:1243} INFO - 
--------------------------------------------------------------------------------
[2022-04-03 11:09:55,442] {taskinstance.py:1244} INFO - Starting attempt 1 of 2
[2022-04-03 11:09:55,442] {taskinstance.py:1245} INFO - 
--------------------------------------------------------------------------------
[2022-04-03 11:09:55,458] {taskinstance.py:1264} INFO - Executing <Task(BashOperator): templated> on 2022-04-03 11:08:52.909981+00:00
[2022-04-03 11:09:55,463] {standard_task_runner.py:52} INFO - Started process 15502 to run task
[2022-04-03 11:09:55,467] {standard_task_runner.py:76} INFO - Running: ['***', 'tasks', 'run', 'tutorial', 'templated', 'scheduled__2022-04-03T11:08:52.909981+00:00', '--job-id', '916', '--raw', '--subdir', 'DAGS_FOLDER/filebeat_dag.py', '--cfg-path', '/tmp/tmpp_3e2jbd', '--error-file', '/tmp/tmp6una0_yn']
[2022-04-03 11:09:55,468] {standard_task_runner.py:77} INFO - Job 916: Subtask templated
[2022-04-03 11:09:55,559] {logging_mixin.py:109} INFO - Running <TaskInstance: tutorial.templated scheduled__2022-04-03T11:08:52.909981+00:00 [running]> on host 7_***_***-worker_1.netgroup
[2022-04-03 11:09:55,642] {taskinstance.py:1431} INFO - Exporting the following env vars:
AIRFLOW_CTX_DAG_EMAIL=***@example.com
AIRFLOW_CTX_DAG_OWNER=***
AIRFLOW_CTX_DAG_ID=tutorial
AIRFLOW_CTX_TASK_ID=templated
AIRFLOW_CTX_EXECUTION_DATE=2022-04-03T11:08:52.909981+00:00
AIRFLOW_CTX_DAG_RUN_ID=scheduled__2022-04-03T11:08:52.909981+00:00
[2022-04-03 11:09:55,643] {subprocess.py:62} INFO - Tmp dir root location: 
 /tmp
[2022-04-03 11:09:55,644] {subprocess.py:74} INFO - Running command: ['bash', '-c', '\n\n    echo "2022-04-03"\n    echo "2022-04-10"\n\n    echo "2022-04-03"\n    echo "2022-04-10"\n\n    echo "2022-04-03"\n    echo "2022-04-10"\n\n    echo "2022-04-03"\n    echo "2022-04-10"\n\n    echo "2022-04-03"\n    echo "2022-04-10"\n']
[2022-04-03 11:09:55,657] {subprocess.py:85} INFO - Output:
[2022-04-03 11:09:55,661] {subprocess.py:89} INFO - 2022-04-03
[2022-04-03 11:09:55,661] {subprocess.py:89} INFO - 2022-04-10
[2022-04-03 11:09:55,661] {subprocess.py:89} INFO - 2022-04-03
[2022-04-03 11:09:55,661] {subprocess.py:89} INFO - 2022-04-10
[2022-04-03 11:09:55,661] {subprocess.py:89} INFO - 2022-04-03
[2022-04-03 11:09:55,661] {subprocess.py:89} INFO - 2022-04-10
[2022-04-03 11:09:55,662] {subprocess.py:89} INFO - 2022-04-03
[2022-04-03 11:09:55,662] {subprocess.py:89} INFO - 2022-04-10
[2022-04-03 11:09:55,662] {subprocess.py:89} INFO - 2022-04-03
[2022-04-03 11:09:55,662] {subprocess.py:89} INFO - 2022-04-10
[2022-04-03 11:09:55,662] {subprocess.py:93} INFO - Command exited with return code 0
[2022-04-03 11:09:55,705] {taskinstance.py:1282} INFO - Marking task as SUCCESS. dag_id=tutorial, task_id=templated, execution_date=20220403T110852, start_date=20220403T110955, end_date=20220403T110955
[2022-04-03 11:09:55,762] {local_task_job.py:154} INFO - Task exited with return code 0
[2022-04-03 11:09:55,806] {local_task_job.py:264} INFO - 0 downstream tasks scheduled from follow-on schedule check
