[2022-04-03 08:07:51,190] {taskinstance.py:1037} INFO - Dependencies all met for <TaskInstance: tutorial.sleep scheduled__2022-04-03T08:06:48.584493+00:00 [queued]>
[2022-04-03 08:07:51,220] {taskinstance.py:1037} INFO - Dependencies all met for <TaskInstance: tutorial.sleep scheduled__2022-04-03T08:06:48.584493+00:00 [queued]>
[2022-04-03 08:07:51,220] {taskinstance.py:1243} INFO - 
--------------------------------------------------------------------------------
[2022-04-03 08:07:51,220] {taskinstance.py:1244} INFO - Starting attempt 1 of 4
[2022-04-03 08:07:51,221] {taskinstance.py:1245} INFO - 
--------------------------------------------------------------------------------
[2022-04-03 08:07:51,240] {taskinstance.py:1264} INFO - Executing <Task(BashOperator): sleep> on 2022-04-03 08:06:48.584493+00:00
[2022-04-03 08:07:51,248] {standard_task_runner.py:52} INFO - Started process 6237 to run task
[2022-04-03 08:07:51,254] {standard_task_runner.py:76} INFO - Running: ['***', 'tasks', 'run', 'tutorial', 'sleep', 'scheduled__2022-04-03T08:06:48.584493+00:00', '--job-id', '370', '--raw', '--subdir', 'DAGS_FOLDER/filebeat_dag.py', '--cfg-path', '/tmp/tmpkedlap1o', '--error-file', '/tmp/tmpg83ka7nu']
[2022-04-03 08:07:51,255] {standard_task_runner.py:77} INFO - Job 370: Subtask sleep
[2022-04-03 08:07:51,367] {logging_mixin.py:109} INFO - Running <TaskInstance: tutorial.sleep scheduled__2022-04-03T08:06:48.584493+00:00 [running]> on host 7_***_***-worker_1.netgroup
[2022-04-03 08:07:51,456] {taskinstance.py:1431} INFO - Exporting the following env vars:
AIRFLOW_CTX_DAG_EMAIL=***@example.com
AIRFLOW_CTX_DAG_OWNER=***
AIRFLOW_CTX_DAG_ID=tutorial
AIRFLOW_CTX_TASK_ID=sleep
AIRFLOW_CTX_EXECUTION_DATE=2022-04-03T08:06:48.584493+00:00
AIRFLOW_CTX_DAG_RUN_ID=scheduled__2022-04-03T08:06:48.584493+00:00
[2022-04-03 08:07:51,457] {subprocess.py:62} INFO - Tmp dir root location: 
 /tmp
[2022-04-03 08:07:51,458] {subprocess.py:74} INFO - Running command: ['bash', '-c', 'sleep 5']
[2022-04-03 08:07:51,472] {subprocess.py:85} INFO - Output:
[2022-04-03 08:07:56,480] {subprocess.py:93} INFO - Command exited with return code 0
[2022-04-03 08:07:56,530] {taskinstance.py:1282} INFO - Marking task as SUCCESS. dag_id=tutorial, task_id=sleep, execution_date=20220403T080648, start_date=20220403T080751, end_date=20220403T080756
[2022-04-03 08:07:56,603] {local_task_job.py:154} INFO - Task exited with return code 0
[2022-04-03 08:07:56,672] {local_task_job.py:264} INFO - 0 downstream tasks scheduled from follow-on schedule check
