[2022-04-03 09:11:52,751] {taskinstance.py:1037} INFO - Dependencies all met for <TaskInstance: tutorial.sleep scheduled__2022-04-03T09:10:50.596585+00:00 [queued]>
[2022-04-03 09:11:52,763] {taskinstance.py:1037} INFO - Dependencies all met for <TaskInstance: tutorial.sleep scheduled__2022-04-03T09:10:50.596585+00:00 [queued]>
[2022-04-03 09:11:52,764] {taskinstance.py:1243} INFO - 
--------------------------------------------------------------------------------
[2022-04-03 09:11:52,764] {taskinstance.py:1244} INFO - Starting attempt 1 of 4
[2022-04-03 09:11:52,764] {taskinstance.py:1245} INFO - 
--------------------------------------------------------------------------------
[2022-04-03 09:11:52,777] {taskinstance.py:1264} INFO - Executing <Task(BashOperator): sleep> on 2022-04-03 09:10:50.596585+00:00
[2022-04-03 09:11:52,781] {standard_task_runner.py:52} INFO - Started process 9387 to run task
[2022-04-03 09:11:52,785] {standard_task_runner.py:76} INFO - Running: ['***', 'tasks', 'run', 'tutorial', 'sleep', 'scheduled__2022-04-03T09:10:50.596585+00:00', '--job-id', '562', '--raw', '--subdir', 'DAGS_FOLDER/filebeat_dag.py', '--cfg-path', '/tmp/tmpt_ujably', '--error-file', '/tmp/tmpd3ch9ak_']
[2022-04-03 09:11:52,786] {standard_task_runner.py:77} INFO - Job 562: Subtask sleep
[2022-04-03 09:11:52,855] {logging_mixin.py:109} INFO - Running <TaskInstance: tutorial.sleep scheduled__2022-04-03T09:10:50.596585+00:00 [running]> on host 7_***_***-worker_1.netgroup
[2022-04-03 09:11:52,926] {taskinstance.py:1431} INFO - Exporting the following env vars:
AIRFLOW_CTX_DAG_EMAIL=***@example.com
AIRFLOW_CTX_DAG_OWNER=***
AIRFLOW_CTX_DAG_ID=tutorial
AIRFLOW_CTX_TASK_ID=sleep
AIRFLOW_CTX_EXECUTION_DATE=2022-04-03T09:10:50.596585+00:00
AIRFLOW_CTX_DAG_RUN_ID=scheduled__2022-04-03T09:10:50.596585+00:00
[2022-04-03 09:11:52,927] {subprocess.py:62} INFO - Tmp dir root location: 
 /tmp
[2022-04-03 09:11:52,928] {subprocess.py:74} INFO - Running command: ['bash', '-c', 'sleep 5']
[2022-04-03 09:11:52,938] {subprocess.py:85} INFO - Output:
[2022-04-03 09:11:57,945] {subprocess.py:93} INFO - Command exited with return code 0
[2022-04-03 09:11:57,979] {taskinstance.py:1282} INFO - Marking task as SUCCESS. dag_id=tutorial, task_id=sleep, execution_date=20220403T091050, start_date=20220403T091152, end_date=20220403T091157
[2022-04-03 09:11:58,038] {local_task_job.py:154} INFO - Task exited with return code 0
[2022-04-03 09:11:58,076] {local_task_job.py:264} INFO - 0 downstream tasks scheduled from follow-on schedule check
