[2022-04-03 09:06:51,960] {taskinstance.py:1037} INFO - Dependencies all met for <TaskInstance: tutorial.templated scheduled__2022-04-03T09:05:50.596585+00:00 [queued]>
[2022-04-03 09:06:51,975] {taskinstance.py:1037} INFO - Dependencies all met for <TaskInstance: tutorial.templated scheduled__2022-04-03T09:05:50.596585+00:00 [queued]>
[2022-04-03 09:06:51,975] {taskinstance.py:1243} INFO - 
--------------------------------------------------------------------------------
[2022-04-03 09:06:51,976] {taskinstance.py:1244} INFO - Starting attempt 1 of 2
[2022-04-03 09:06:51,976] {taskinstance.py:1245} INFO - 
--------------------------------------------------------------------------------
[2022-04-03 09:06:51,989] {taskinstance.py:1264} INFO - Executing <Task(BashOperator): templated> on 2022-04-03 09:05:50.596585+00:00
[2022-04-03 09:06:51,995] {standard_task_runner.py:52} INFO - Started process 9129 to run task
[2022-04-03 09:06:51,999] {standard_task_runner.py:76} INFO - Running: ['***', 'tasks', 'run', 'tutorial', 'templated', 'scheduled__2022-04-03T09:05:50.596585+00:00', '--job-id', '547', '--raw', '--subdir', 'DAGS_FOLDER/filebeat_dag.py', '--cfg-path', '/tmp/tmpucj08hl3', '--error-file', '/tmp/tmpm_cm_khs']
[2022-04-03 09:06:52,000] {standard_task_runner.py:77} INFO - Job 547: Subtask templated
[2022-04-03 09:06:52,075] {logging_mixin.py:109} INFO - Running <TaskInstance: tutorial.templated scheduled__2022-04-03T09:05:50.596585+00:00 [running]> on host 7_***_***-worker_1.netgroup
[2022-04-03 09:06:52,158] {taskinstance.py:1431} INFO - Exporting the following env vars:
AIRFLOW_CTX_DAG_EMAIL=***@example.com
AIRFLOW_CTX_DAG_OWNER=***
AIRFLOW_CTX_DAG_ID=tutorial
AIRFLOW_CTX_TASK_ID=templated
AIRFLOW_CTX_EXECUTION_DATE=2022-04-03T09:05:50.596585+00:00
AIRFLOW_CTX_DAG_RUN_ID=scheduled__2022-04-03T09:05:50.596585+00:00
[2022-04-03 09:06:52,159] {subprocess.py:62} INFO - Tmp dir root location: 
 /tmp
[2022-04-03 09:06:52,160] {subprocess.py:74} INFO - Running command: ['bash', '-c', '\n\n    echo "2022-04-03"\n    echo "2022-04-10"\n\n    echo "2022-04-03"\n    echo "2022-04-10"\n\n    echo "2022-04-03"\n    echo "2022-04-10"\n\n    echo "2022-04-03"\n    echo "2022-04-10"\n\n    echo "2022-04-03"\n    echo "2022-04-10"\n']
[2022-04-03 09:06:52,172] {subprocess.py:85} INFO - Output:
[2022-04-03 09:06:52,175] {subprocess.py:89} INFO - 2022-04-03
[2022-04-03 09:06:52,176] {subprocess.py:89} INFO - 2022-04-10
[2022-04-03 09:06:52,176] {subprocess.py:89} INFO - 2022-04-03
[2022-04-03 09:06:52,176] {subprocess.py:89} INFO - 2022-04-10
[2022-04-03 09:06:52,176] {subprocess.py:89} INFO - 2022-04-03
[2022-04-03 09:06:52,176] {subprocess.py:89} INFO - 2022-04-10
[2022-04-03 09:06:52,177] {subprocess.py:89} INFO - 2022-04-03
[2022-04-03 09:06:52,177] {subprocess.py:89} INFO - 2022-04-10
[2022-04-03 09:06:52,177] {subprocess.py:89} INFO - 2022-04-03
[2022-04-03 09:06:52,177] {subprocess.py:89} INFO - 2022-04-10
[2022-04-03 09:06:52,178] {subprocess.py:93} INFO - Command exited with return code 0
[2022-04-03 09:06:52,209] {taskinstance.py:1282} INFO - Marking task as SUCCESS. dag_id=tutorial, task_id=templated, execution_date=20220403T090550, start_date=20220403T090651, end_date=20220403T090652
[2022-04-03 09:06:52,252] {local_task_job.py:154} INFO - Task exited with return code 0
[2022-04-03 09:06:52,293] {local_task_job.py:264} INFO - 0 downstream tasks scheduled from follow-on schedule check
