[2022-04-03 07:47:50,966] {taskinstance.py:1037} INFO - Dependencies all met for <TaskInstance: tutorial.sleep scheduled__2022-04-03T07:46:48.584493+00:00 [queued]>
[2022-04-03 07:47:50,991] {taskinstance.py:1037} INFO - Dependencies all met for <TaskInstance: tutorial.sleep scheduled__2022-04-03T07:46:48.584493+00:00 [queued]>
[2022-04-03 07:47:50,991] {taskinstance.py:1243} INFO - 
--------------------------------------------------------------------------------
[2022-04-03 07:47:50,991] {taskinstance.py:1244} INFO - Starting attempt 1 of 4
[2022-04-03 07:47:50,992] {taskinstance.py:1245} INFO - 
--------------------------------------------------------------------------------
[2022-04-03 07:47:51,019] {taskinstance.py:1264} INFO - Executing <Task(BashOperator): sleep> on 2022-04-03 07:46:48.584493+00:00
[2022-04-03 07:47:51,024] {standard_task_runner.py:52} INFO - Started process 5272 to run task
[2022-04-03 07:47:51,032] {standard_task_runner.py:76} INFO - Running: ['***', 'tasks', 'run', 'tutorial', 'sleep', 'scheduled__2022-04-03T07:46:48.584493+00:00', '--job-id', '311', '--raw', '--subdir', 'DAGS_FOLDER/filebeat_dag.py', '--cfg-path', '/tmp/tmp_2bbfz8b', '--error-file', '/tmp/tmpxtj8hb90']
[2022-04-03 07:47:51,033] {standard_task_runner.py:77} INFO - Job 311: Subtask sleep
[2022-04-03 07:47:51,136] {logging_mixin.py:109} INFO - Running <TaskInstance: tutorial.sleep scheduled__2022-04-03T07:46:48.584493+00:00 [running]> on host 7_***_***-worker_1.netgroup
[2022-04-03 07:47:51,236] {taskinstance.py:1431} INFO - Exporting the following env vars:
AIRFLOW_CTX_DAG_EMAIL=***@example.com
AIRFLOW_CTX_DAG_OWNER=***
AIRFLOW_CTX_DAG_ID=tutorial
AIRFLOW_CTX_TASK_ID=sleep
AIRFLOW_CTX_EXECUTION_DATE=2022-04-03T07:46:48.584493+00:00
AIRFLOW_CTX_DAG_RUN_ID=scheduled__2022-04-03T07:46:48.584493+00:00
[2022-04-03 07:47:51,237] {subprocess.py:62} INFO - Tmp dir root location: 
 /tmp
[2022-04-03 07:47:51,238] {subprocess.py:74} INFO - Running command: ['bash', '-c', 'sleep 5']
[2022-04-03 07:47:51,251] {subprocess.py:85} INFO - Output:
[2022-04-03 07:47:56,259] {subprocess.py:93} INFO - Command exited with return code 0
[2022-04-03 07:47:56,298] {taskinstance.py:1282} INFO - Marking task as SUCCESS. dag_id=tutorial, task_id=sleep, execution_date=20220403T074648, start_date=20220403T074750, end_date=20220403T074756
[2022-04-03 07:47:56,328] {local_task_job.py:154} INFO - Task exited with return code 0
[2022-04-03 07:47:56,367] {local_task_job.py:264} INFO - 0 downstream tasks scheduled from follow-on schedule check
