[2022-04-03 07:33:50,484] {taskinstance.py:1037} INFO - Dependencies all met for <TaskInstance: tutorial.sleep scheduled__2022-04-03T07:32:48.220722+00:00 [queued]>
[2022-04-03 07:33:50,512] {taskinstance.py:1037} INFO - Dependencies all met for <TaskInstance: tutorial.sleep scheduled__2022-04-03T07:32:48.220722+00:00 [queued]>
[2022-04-03 07:33:50,512] {taskinstance.py:1243} INFO - 
--------------------------------------------------------------------------------
[2022-04-03 07:33:50,513] {taskinstance.py:1244} INFO - Starting attempt 1 of 4
[2022-04-03 07:33:50,513] {taskinstance.py:1245} INFO - 
--------------------------------------------------------------------------------
[2022-04-03 07:33:50,533] {taskinstance.py:1264} INFO - Executing <Task(BashOperator): sleep> on 2022-04-03 07:32:48.220722+00:00
[2022-04-03 07:33:50,548] {standard_task_runner.py:52} INFO - Started process 4602 to run task
[2022-04-03 07:33:50,556] {standard_task_runner.py:76} INFO - Running: ['***', 'tasks', 'run', 'tutorial', 'sleep', 'scheduled__2022-04-03T07:32:48.220722+00:00', '--job-id', '269', '--raw', '--subdir', 'DAGS_FOLDER/filebeat_dag.py', '--cfg-path', '/tmp/tmpbi00z5kg', '--error-file', '/tmp/tmp8cfurcaj']
[2022-04-03 07:33:50,557] {standard_task_runner.py:77} INFO - Job 269: Subtask sleep
[2022-04-03 07:33:50,672] {logging_mixin.py:109} INFO - Running <TaskInstance: tutorial.sleep scheduled__2022-04-03T07:32:48.220722+00:00 [running]> on host 7_***_***-worker_1.netgroup
[2022-04-03 07:33:50,763] {taskinstance.py:1431} INFO - Exporting the following env vars:
AIRFLOW_CTX_DAG_EMAIL=***@example.com
AIRFLOW_CTX_DAG_OWNER=***
AIRFLOW_CTX_DAG_ID=tutorial
AIRFLOW_CTX_TASK_ID=sleep
AIRFLOW_CTX_EXECUTION_DATE=2022-04-03T07:32:48.220722+00:00
AIRFLOW_CTX_DAG_RUN_ID=scheduled__2022-04-03T07:32:48.220722+00:00
[2022-04-03 07:33:50,764] {subprocess.py:62} INFO - Tmp dir root location: 
 /tmp
[2022-04-03 07:33:50,765] {subprocess.py:74} INFO - Running command: ['bash', '-c', 'sleep 5']
[2022-04-03 07:33:50,778] {subprocess.py:85} INFO - Output:
[2022-04-03 07:33:55,789] {subprocess.py:93} INFO - Command exited with return code 0
[2022-04-03 07:33:55,841] {taskinstance.py:1282} INFO - Marking task as SUCCESS. dag_id=tutorial, task_id=sleep, execution_date=20220403T073248, start_date=20220403T073350, end_date=20220403T073355
[2022-04-03 07:33:55,893] {local_task_job.py:154} INFO - Task exited with return code 0
[2022-04-03 07:33:55,957] {local_task_job.py:264} INFO - 0 downstream tasks scheduled from follow-on schedule check
