[2022-04-03 12:00:54,904] {taskinstance.py:1037} INFO - Dependencies all met for <TaskInstance: tutorial.sleep scheduled__2022-04-03T11:59:52.909981+00:00 [queued]>
[2022-04-03 12:00:54,920] {taskinstance.py:1037} INFO - Dependencies all met for <TaskInstance: tutorial.sleep scheduled__2022-04-03T11:59:52.909981+00:00 [queued]>
[2022-04-03 12:00:54,920] {taskinstance.py:1243} INFO - 
--------------------------------------------------------------------------------
[2022-04-03 12:00:54,920] {taskinstance.py:1244} INFO - Starting attempt 1 of 4
[2022-04-03 12:00:54,921] {taskinstance.py:1245} INFO - 
--------------------------------------------------------------------------------
[2022-04-03 12:00:54,936] {taskinstance.py:1264} INFO - Executing <Task(BashOperator): sleep> on 2022-04-03 11:59:52.909981+00:00
[2022-04-03 12:00:54,940] {standard_task_runner.py:52} INFO - Started process 18105 to run task
[2022-04-03 12:00:54,945] {standard_task_runner.py:76} INFO - Running: ['***', 'tasks', 'run', 'tutorial', 'sleep', 'scheduled__2022-04-03T11:59:52.909981+00:00', '--job-id', '1070', '--raw', '--subdir', 'DAGS_FOLDER/filebeat_dag.py', '--cfg-path', '/tmp/tmp02h3wxcl', '--error-file', '/tmp/tmp195_ps11']
[2022-04-03 12:00:54,946] {standard_task_runner.py:77} INFO - Job 1070: Subtask sleep
[2022-04-03 12:00:55,041] {logging_mixin.py:109} INFO - Running <TaskInstance: tutorial.sleep scheduled__2022-04-03T11:59:52.909981+00:00 [running]> on host 7_***_***-worker_1.netgroup
[2022-04-03 12:00:55,123] {taskinstance.py:1431} INFO - Exporting the following env vars:
AIRFLOW_CTX_DAG_EMAIL=***@example.com
AIRFLOW_CTX_DAG_OWNER=***
AIRFLOW_CTX_DAG_ID=tutorial
AIRFLOW_CTX_TASK_ID=sleep
AIRFLOW_CTX_EXECUTION_DATE=2022-04-03T11:59:52.909981+00:00
AIRFLOW_CTX_DAG_RUN_ID=scheduled__2022-04-03T11:59:52.909981+00:00
[2022-04-03 12:00:55,124] {subprocess.py:62} INFO - Tmp dir root location: 
 /tmp
[2022-04-03 12:00:55,125] {subprocess.py:74} INFO - Running command: ['bash', '-c', 'sleep 5']
[2022-04-03 12:00:55,139] {subprocess.py:85} INFO - Output:
[2022-04-03 12:01:00,148] {subprocess.py:93} INFO - Command exited with return code 0
[2022-04-03 12:01:00,184] {taskinstance.py:1282} INFO - Marking task as SUCCESS. dag_id=tutorial, task_id=sleep, execution_date=20220403T115952, start_date=20220403T120054, end_date=20220403T120100
[2022-04-03 12:01:00,237] {local_task_job.py:154} INFO - Task exited with return code 0
[2022-04-03 12:01:00,290] {local_task_job.py:264} INFO - 0 downstream tasks scheduled from follow-on schedule check
