[2022-04-03 10:21:51,646] {taskinstance.py:1037} INFO - Dependencies all met for <TaskInstance: tutorial.print_date scheduled__2022-04-03T10:20:50.596585+00:00 [queued]>
[2022-04-03 10:21:51,663] {taskinstance.py:1037} INFO - Dependencies all met for <TaskInstance: tutorial.print_date scheduled__2022-04-03T10:20:50.596585+00:00 [queued]>
[2022-04-03 10:21:51,663] {taskinstance.py:1243} INFO - 
--------------------------------------------------------------------------------
[2022-04-03 10:21:51,663] {taskinstance.py:1244} INFO - Starting attempt 1 of 2
[2022-04-03 10:21:51,663] {taskinstance.py:1245} INFO - 
--------------------------------------------------------------------------------
[2022-04-03 10:21:51,683] {taskinstance.py:1264} INFO - Executing <Task(BashOperator): print_date> on 2022-04-03 10:20:50.596585+00:00
[2022-04-03 10:21:51,689] {standard_task_runner.py:52} INFO - Started process 13006 to run task
[2022-04-03 10:21:51,695] {standard_task_runner.py:76} INFO - Running: ['***', 'tasks', 'run', 'tutorial', 'print_date', 'scheduled__2022-04-03T10:20:50.596585+00:00', '--job-id', '771', '--raw', '--subdir', 'DAGS_FOLDER/filebeat_dag.py', '--cfg-path', '/tmp/tmpj9n35emw', '--error-file', '/tmp/tmp56pq0_78']
[2022-04-03 10:21:51,696] {standard_task_runner.py:77} INFO - Job 771: Subtask print_date
[2022-04-03 10:21:51,792] {logging_mixin.py:109} INFO - Running <TaskInstance: tutorial.print_date scheduled__2022-04-03T10:20:50.596585+00:00 [running]> on host 7_***_***-worker_1.netgroup
[2022-04-03 10:21:51,902] {taskinstance.py:1431} INFO - Exporting the following env vars:
AIRFLOW_CTX_DAG_EMAIL=***@example.com
AIRFLOW_CTX_DAG_OWNER=***
AIRFLOW_CTX_DAG_ID=tutorial
AIRFLOW_CTX_TASK_ID=print_date
AIRFLOW_CTX_EXECUTION_DATE=2022-04-03T10:20:50.596585+00:00
AIRFLOW_CTX_DAG_RUN_ID=scheduled__2022-04-03T10:20:50.596585+00:00
[2022-04-03 10:21:51,903] {subprocess.py:62} INFO - Tmp dir root location: 
 /tmp
[2022-04-03 10:21:51,904] {subprocess.py:74} INFO - Running command: ['bash', '-c', 'date']
[2022-04-03 10:21:51,916] {subprocess.py:85} INFO - Output:
[2022-04-03 10:21:51,922] {subprocess.py:89} INFO - Sun Apr  3 10:21:51 UTC 2022
[2022-04-03 10:21:51,923] {subprocess.py:93} INFO - Command exited with return code 0
[2022-04-03 10:21:51,996] {taskinstance.py:1282} INFO - Marking task as SUCCESS. dag_id=tutorial, task_id=print_date, execution_date=20220403T102050, start_date=20220403T102151, end_date=20220403T102151
[2022-04-03 10:21:52,041] {local_task_job.py:154} INFO - Task exited with return code 0
[2022-04-03 10:21:52,079] {local_task_job.py:264} INFO - 2 downstream tasks scheduled from follow-on schedule check
