[2022-04-03 06:57:49,276] {taskinstance.py:1037} INFO - Dependencies all met for <TaskInstance: tutorial.templated scheduled__2022-04-03T06:56:46.355937+00:00 [queued]>
[2022-04-03 06:57:49,336] {taskinstance.py:1037} INFO - Dependencies all met for <TaskInstance: tutorial.templated scheduled__2022-04-03T06:56:46.355937+00:00 [queued]>
[2022-04-03 06:57:49,337] {taskinstance.py:1243} INFO - 
--------------------------------------------------------------------------------
[2022-04-03 06:57:49,337] {taskinstance.py:1244} INFO - Starting attempt 1 of 2
[2022-04-03 06:57:49,337] {taskinstance.py:1245} INFO - 
--------------------------------------------------------------------------------
[2022-04-03 06:57:49,366] {taskinstance.py:1264} INFO - Executing <Task(BashOperator): templated> on 2022-04-03 06:56:46.355937+00:00
[2022-04-03 06:57:49,382] {standard_task_runner.py:52} INFO - Started process 2874 to run task
[2022-04-03 06:57:49,395] {standard_task_runner.py:76} INFO - Running: ['***', 'tasks', 'run', 'tutorial', 'templated', 'scheduled__2022-04-03T06:56:46.355937+00:00', '--job-id', '161', '--raw', '--subdir', 'DAGS_FOLDER/filebeat_dag.py', '--cfg-path', '/tmp/tmpgxuqbcwm', '--error-file', '/tmp/tmprwqxqbun']
[2022-04-03 06:57:49,396] {standard_task_runner.py:77} INFO - Job 161: Subtask templated
[2022-04-03 06:57:49,590] {logging_mixin.py:109} INFO - Running <TaskInstance: tutorial.templated scheduled__2022-04-03T06:56:46.355937+00:00 [running]> on host 7_***_***-worker_1.netgroup
[2022-04-03 06:57:49,774] {taskinstance.py:1431} INFO - Exporting the following env vars:
AIRFLOW_CTX_DAG_EMAIL=***@example.com
AIRFLOW_CTX_DAG_OWNER=***
AIRFLOW_CTX_DAG_ID=tutorial
AIRFLOW_CTX_TASK_ID=templated
AIRFLOW_CTX_EXECUTION_DATE=2022-04-03T06:56:46.355937+00:00
AIRFLOW_CTX_DAG_RUN_ID=scheduled__2022-04-03T06:56:46.355937+00:00
[2022-04-03 06:57:49,775] {subprocess.py:62} INFO - Tmp dir root location: 
 /tmp
[2022-04-03 06:57:49,776] {subprocess.py:74} INFO - Running command: ['bash', '-c', '\n\n    echo "2022-04-03"\n    echo "2022-04-10"\n\n    echo "2022-04-03"\n    echo "2022-04-10"\n\n    echo "2022-04-03"\n    echo "2022-04-10"\n\n    echo "2022-04-03"\n    echo "2022-04-10"\n\n    echo "2022-04-03"\n    echo "2022-04-10"\n']
[2022-04-03 06:57:49,807] {subprocess.py:85} INFO - Output:
[2022-04-03 06:57:49,808] {subprocess.py:89} INFO - 2022-04-03
[2022-04-03 06:57:49,808] {subprocess.py:89} INFO - 2022-04-10
[2022-04-03 06:57:49,808] {subprocess.py:89} INFO - 2022-04-03
[2022-04-03 06:57:49,808] {subprocess.py:89} INFO - 2022-04-10
[2022-04-03 06:57:49,808] {subprocess.py:89} INFO - 2022-04-03
[2022-04-03 06:57:49,809] {subprocess.py:89} INFO - 2022-04-10
[2022-04-03 06:57:49,809] {subprocess.py:89} INFO - 2022-04-03
[2022-04-03 06:57:49,809] {subprocess.py:89} INFO - 2022-04-10
[2022-04-03 06:57:49,809] {subprocess.py:89} INFO - 2022-04-03
[2022-04-03 06:57:49,809] {subprocess.py:89} INFO - 2022-04-10
[2022-04-03 06:57:49,809] {subprocess.py:93} INFO - Command exited with return code 0
[2022-04-03 06:57:49,863] {taskinstance.py:1282} INFO - Marking task as SUCCESS. dag_id=tutorial, task_id=templated, execution_date=20220403T065646, start_date=20220403T065749, end_date=20220403T065749
[2022-04-03 06:57:49,915] {local_task_job.py:154} INFO - Task exited with return code 0
[2022-04-03 06:57:49,989] {local_task_job.py:264} INFO - 0 downstream tasks scheduled from follow-on schedule check
