[2022-04-03 12:08:55,287] {taskinstance.py:1037} INFO - Dependencies all met for <TaskInstance: tutorial.sleep scheduled__2022-04-03T12:07:52.909981+00:00 [queued]>
[2022-04-03 12:08:55,299] {taskinstance.py:1037} INFO - Dependencies all met for <TaskInstance: tutorial.sleep scheduled__2022-04-03T12:07:52.909981+00:00 [queued]>
[2022-04-03 12:08:55,300] {taskinstance.py:1243} INFO - 
--------------------------------------------------------------------------------
[2022-04-03 12:08:55,300] {taskinstance.py:1244} INFO - Starting attempt 1 of 4
[2022-04-03 12:08:55,300] {taskinstance.py:1245} INFO - 
--------------------------------------------------------------------------------
[2022-04-03 12:08:55,314] {taskinstance.py:1264} INFO - Executing <Task(BashOperator): sleep> on 2022-04-03 12:07:52.909981+00:00
[2022-04-03 12:08:55,319] {standard_task_runner.py:52} INFO - Started process 18521 to run task
[2022-04-03 12:08:55,324] {standard_task_runner.py:76} INFO - Running: ['***', 'tasks', 'run', 'tutorial', 'sleep', 'scheduled__2022-04-03T12:07:52.909981+00:00', '--job-id', '1093', '--raw', '--subdir', 'DAGS_FOLDER/filebeat_dag.py', '--cfg-path', '/tmp/tmpzdd0nkgr', '--error-file', '/tmp/tmp01py8z9a']
[2022-04-03 12:08:55,325] {standard_task_runner.py:77} INFO - Job 1093: Subtask sleep
[2022-04-03 12:08:55,404] {logging_mixin.py:109} INFO - Running <TaskInstance: tutorial.sleep scheduled__2022-04-03T12:07:52.909981+00:00 [running]> on host 7_***_***-worker_1.netgroup
[2022-04-03 12:08:55,472] {taskinstance.py:1431} INFO - Exporting the following env vars:
AIRFLOW_CTX_DAG_EMAIL=***@example.com
AIRFLOW_CTX_DAG_OWNER=***
AIRFLOW_CTX_DAG_ID=tutorial
AIRFLOW_CTX_TASK_ID=sleep
AIRFLOW_CTX_EXECUTION_DATE=2022-04-03T12:07:52.909981+00:00
AIRFLOW_CTX_DAG_RUN_ID=scheduled__2022-04-03T12:07:52.909981+00:00
[2022-04-03 12:08:55,473] {subprocess.py:62} INFO - Tmp dir root location: 
 /tmp
[2022-04-03 12:08:55,474] {subprocess.py:74} INFO - Running command: ['bash', '-c', 'sleep 5']
[2022-04-03 12:08:55,484] {subprocess.py:85} INFO - Output:
[2022-04-03 12:09:00,491] {subprocess.py:93} INFO - Command exited with return code 0
[2022-04-03 12:09:00,528] {taskinstance.py:1282} INFO - Marking task as SUCCESS. dag_id=tutorial, task_id=sleep, execution_date=20220403T120752, start_date=20220403T120855, end_date=20220403T120900
[2022-04-03 12:09:00,585] {local_task_job.py:154} INFO - Task exited with return code 0
[2022-04-03 12:09:00,619] {local_task_job.py:264} INFO - 0 downstream tasks scheduled from follow-on schedule check
