[2022-04-03 12:18:57,166] {taskinstance.py:1037} INFO - Dependencies all met for <TaskInstance: tutorial.templated scheduled__2022-04-03T12:17:55.357074+00:00 [queued]>
[2022-04-03 12:18:57,185] {taskinstance.py:1037} INFO - Dependencies all met for <TaskInstance: tutorial.templated scheduled__2022-04-03T12:17:55.357074+00:00 [queued]>
[2022-04-03 12:18:57,185] {taskinstance.py:1243} INFO - 
--------------------------------------------------------------------------------
[2022-04-03 12:18:57,185] {taskinstance.py:1244} INFO - Starting attempt 1 of 2
[2022-04-03 12:18:57,186] {taskinstance.py:1245} INFO - 
--------------------------------------------------------------------------------
[2022-04-03 12:18:57,202] {taskinstance.py:1264} INFO - Executing <Task(BashOperator): templated> on 2022-04-03 12:17:55.357074+00:00
[2022-04-03 12:18:57,208] {standard_task_runner.py:52} INFO - Started process 19034 to run task
[2022-04-03 12:18:57,213] {standard_task_runner.py:76} INFO - Running: ['***', 'tasks', 'run', 'tutorial', 'templated', 'scheduled__2022-04-03T12:17:55.357074+00:00', '--job-id', '1124', '--raw', '--subdir', 'DAGS_FOLDER/filebeat_dag.py', '--cfg-path', '/tmp/tmpv6s0oia8', '--error-file', '/tmp/tmp_xuyg9s7']
[2022-04-03 12:18:57,214] {standard_task_runner.py:77} INFO - Job 1124: Subtask templated
[2022-04-03 12:18:57,308] {logging_mixin.py:109} INFO - Running <TaskInstance: tutorial.templated scheduled__2022-04-03T12:17:55.357074+00:00 [running]> on host 7_***_***-worker_1.netgroup
[2022-04-03 12:18:57,413] {taskinstance.py:1431} INFO - Exporting the following env vars:
AIRFLOW_CTX_DAG_EMAIL=***@example.com
AIRFLOW_CTX_DAG_OWNER=***
AIRFLOW_CTX_DAG_ID=tutorial
AIRFLOW_CTX_TASK_ID=templated
AIRFLOW_CTX_EXECUTION_DATE=2022-04-03T12:17:55.357074+00:00
AIRFLOW_CTX_DAG_RUN_ID=scheduled__2022-04-03T12:17:55.357074+00:00
[2022-04-03 12:18:57,415] {subprocess.py:62} INFO - Tmp dir root location: 
 /tmp
[2022-04-03 12:18:57,417] {subprocess.py:74} INFO - Running command: ['bash', '-c', '\n\n    echo "2022-04-03"\n    echo "2022-04-10"\n\n    echo "2022-04-03"\n    echo "2022-04-10"\n\n    echo "2022-04-03"\n    echo "2022-04-10"\n\n    echo "2022-04-03"\n    echo "2022-04-10"\n\n    echo "2022-04-03"\n    echo "2022-04-10"\n']
[2022-04-03 12:18:57,431] {subprocess.py:85} INFO - Output:
[2022-04-03 12:18:57,435] {subprocess.py:89} INFO - 2022-04-03
[2022-04-03 12:18:57,435] {subprocess.py:89} INFO - 2022-04-10
[2022-04-03 12:18:57,436] {subprocess.py:89} INFO - 2022-04-03
[2022-04-03 12:18:57,436] {subprocess.py:89} INFO - 2022-04-10
[2022-04-03 12:18:57,436] {subprocess.py:89} INFO - 2022-04-03
[2022-04-03 12:18:57,437] {subprocess.py:89} INFO - 2022-04-10
[2022-04-03 12:18:57,437] {subprocess.py:89} INFO - 2022-04-03
[2022-04-03 12:18:57,437] {subprocess.py:89} INFO - 2022-04-10
[2022-04-03 12:18:57,437] {subprocess.py:89} INFO - 2022-04-03
[2022-04-03 12:18:57,437] {subprocess.py:89} INFO - 2022-04-10
[2022-04-03 12:18:57,437] {subprocess.py:93} INFO - Command exited with return code 0
[2022-04-03 12:18:57,474] {taskinstance.py:1282} INFO - Marking task as SUCCESS. dag_id=tutorial, task_id=templated, execution_date=20220403T121755, start_date=20220403T121857, end_date=20220403T121857
[2022-04-03 12:18:57,511] {local_task_job.py:154} INFO - Task exited with return code 0
[2022-04-03 12:18:57,546] {local_task_job.py:264} INFO - 0 downstream tasks scheduled from follow-on schedule check
